#
# A fatal error has been detected by the Java Runtime Environment:
#
#  EXCEPTION_ACCESS_VIOLATION (0xc0000005) at pc=0x00007ff9ddf8a0f6, pid=15340, tid=1924
#
# JRE version: OpenJDK Runtime Environment (21.0.6) (build 21.0.6+-13355223-b631.42)
# Java VM: OpenJDK 64-Bit Server VM (21.0.6+-13355223-b631.42, mixed mode, tiered, compressed oops, compressed class ptrs, g1 gc, windows-amd64)
# Problematic frame:
# V  [jvm.dll+0x13a0f6]
#
# No core dump will be written. Minidumps are not enabled by default on client versions of Windows
#
# If you would like to submit a bug report, please visit:
#   https://youtrack.jetbrains.com/issues/JBR
#

---------------  S U M M A R Y ------------

Command Line: --add-opens=java.base/java.lang=ALL-UNNAMED --add-opens=java.base/java.lang.invoke=ALL-UNNAMED --add-opens=java.base/java.util=ALL-UNNAMED --add-opens=java.prefs/java.util.prefs=ALL-UNNAMED --add-exports=jdk.compiler/com.sun.tools.javac.api=ALL-UNNAMED --add-exports=jdk.compiler/com.sun.tools.javac.util=ALL-UNNAMED --add-opens=java.base/java.util=ALL-UNNAMED --add-opens=java.prefs/java.util.prefs=ALL-UNNAMED --add-opens=java.base/java.nio.charset=ALL-UNNAMED --add-opens=java.base/java.net=ALL-UNNAMED --add-opens=java.base/java.util.concurrent.atomic=ALL-UNNAMED --add-opens=java.xml/javax.xml.namespace=ALL-UNNAMED -Xmx2048m -Dfile.encoding=UTF-8 -Duser.country=BR -Duser.language=pt -Duser.variant -javaagent:C:\Users\Arthur\.gradle\wrapper\dists\gradle-8.11.1-bin\bpt9gzteqjrbo1mjrsomdt32c\gradle-8.11.1\lib\agents\gradle-instrumentation-agent-8.11.1.jar org.gradle.launcher.daemon.bootstrap.GradleDaemon 8.11.1

Host: Intel(R) Core(TM) i7-9750H CPU @ 2.60GHz, 12 cores, 15G,  Windows 11 , 64 bit Build 26100 (10.0.26100.3775)
Time: Sun May 11 12:54:14 2025 Hora oficial do Brasil elapsed time: 9.046255 seconds (0d 0h 0m 9s)

---------------  T H R E A D  ---------------

Current thread (0x000002097f583920):  WorkerThread "GC Thread#2"    [id=1924, stack(0x000000e704900000,0x000000e704a00000) (1024K)]

Stack: [0x000000e704900000,0x000000e704a00000],  sp=0x000000e7049ff8c8,  free space=1022k
Native frames: (J=compiled Java code, j=interpreted, Vv=VM code, C=native code)
V  [jvm.dll+0x13a0f6]


siginfo: EXCEPTION_ACCESS_VIOLATION (0xc0000005), reading address 0x0000000438822688


Registers:
RAX=0x0000000000000000, RBX=0x0000000000000001, RCX=0x00000000865cff10, RDX=0x00000000865cff10
RSP=0x000000e7049ff8c8, RBP=0x00000000000004c7, RSI=0x0000020966f04bb0, RDI=0x8775a4d887ae71c8
R8 =0x0000000438822680, R9 =0x8775a4d887ae71c8, R10=0x00000000865cff10, R11=0x0000000000000001
R12=0x0000000000000004, R13=0x0000000438822680, R14=0x00000000865cff10, R15=0x0000020906cf0dc0
RIP=0x00007ff9ddf8a0f6, EFLAGS=0x0000000000010202

XMM[0]=0x000000402000d277 0x0000000000000011
XMM[1]=0x0000000000000000 0x00000000804ee698
XMM[2]=0x809fca28831f6518 0x0000000000000000
XMM[3]=0x0000000085c2bd00 0x00000000809fc9b8
XMM[4]=0x0000000000000000 0x831f64d800000000
XMM[5]=0x811111d800000000 0x0000000000000000
XMM[6]=0x000000056d16ef1a 0x00000000055dae18
XMM[7]=0x0000000000000000 0x0000000000000000
XMM[8]=0x0000000000000000 0x0000000000000000
XMM[9]=0x0000000000000000 0x0000000000000000
XMM[10]=0x0000000000000000 0x0000000000000000
XMM[11]=0x0000000000000000 0x0000000000000000
XMM[12]=0x0000000000000000 0x0000000000000000
XMM[13]=0x0000000000000000 0x0000000000000000
XMM[14]=0x0000000000000000 0x0000000000000000
XMM[15]=0x0000000000000000 0x0000000000000000
  MXCSR=0x00001fa0


Register to memory mapping:

RAX=0x0 is null
RBX=0x0000000000000001 is an unknown value
RCX=
[error occurred during error reporting (printing register info), id 0xc0000005, EXCEPTION_ACCESS_VIOLATION (0xc0000005) at pc=0x00007ff9ddf8a0f6]
RDX=
[error occurred during error reporting (printing register info, attempt 2), id 0xc0000005, EXCEPTION_ACCESS_VIOLATION (0xc0000005) at pc=0x00007ff9ddf8a0f6]
RSP=0x000000e7049ff8c8 points into unknown readable memory: 0x00007ff9de1a743b | 3b 74 1a de f9 7f 00 00
RBP=0x00000000000004c7 is an unknown value
RSI=0x0000020966f04bb0 points into unknown readable memory: 0x0000000000000000 | 00 00 00 00 00 00 00 00
RDI=0x8775a4d887ae71c8 is an unknown value
R8 =0x0000000438822680 is an unknown value
R9 =0x8775a4d887ae71c8 is an unknown value
R10=
[error occurred during error reporting (printing register info, attempt 3), id 0xc0000005, EXCEPTION_ACCESS_VIOLATION (0xc0000005) at pc=0x00007ff9ddf8a0f6]
Top of Stack: (sp=0x000000e7049ff8c8)
0x000000e7049ff8c8:   00007ff9de1a743b 00000000ff80e590
0x000000e7049ff8d8:   00007ff9de1a5f7f 00000000ff80e590
0x000000e7049ff8e8:   0000020906cf0f48 0000000100065920
0x000000e7049ff8f8:   00007ff9de1a57e8 0000020906cf0dc0
0x000000e7049ff908:   00000000861ceab8 00000000ff80e580
0x000000e7049ff918:   00007ff9de1a7900 0000000000000001
0x000000e7049ff928:   0000000000000000 0000000000000000
0x000000e7049ff938:   0000020906cf0dc0 0000000000000004
0x000000e7049ff948:   00000000ff80e590 0000020966f04bb0
0x000000e7049ff958:   00000000000004c7 0000020906cf0dc0
0x000000e7049ff968:   00007ff9de1a86aa 0000020906cf0000
0x000000e7049ff978:   000002097ed8fbe0 000002097f522e60
0x000000e7049ff988:   0000020906cf0dc0 000002097ed8fbe0
0x000000e7049ff998:   000002097f522e60 0000000085101244
0x000000e7049ff9a8:   0000020966ee1700 000000e7049ffa50
0x000000e7049ff9b8:   00007ff9de1a8324 0000020906cf0000
0x000000e7049ff9c8:   0000020906cf0dc0 0000020900000000
0x000000e7049ff9d8:   0000000000000001 0000000000000014
0x000000e7049ff9e8:   00007ff9de1bc8a9 0000000085101245
0x000000e7049ff9f8:   000000e7049ffac0 0000000000000000
0x000000e7049ffa08:   00007ff9de66218e 000000e703bfedd0
0x000000e7049ffa18:   00007ff9de51900f 0000000000000000
0x000000e7049ffa28:   0000000000000000 000002097f000000
0x000000e7049ffa38:   00007ff9de1b354f 000002097f522e60
0x000000e7049ffa48:   00007ff9de6620f7 000002097ed8fbe0
0x000000e7049ffa58:   000002097f522e60 00000000000003d8
0x000000e7049ffa68:   000002097ed8ffc8 0000000000000006
0x000000e7049ffa78:   00007ff9de1bcf6a 0000020906cf0dc0
0x000000e7049ffa88:   0000000000000014 000000e703bfedd0
0x000000e7049ffa98:   0000020966f02710 0000001200000010
0x000000e7049ffaa8:   0000000000000006 00000000055dae18
0x000000e7049ffab8:   000000056d16ef1a 00007ff9de7c2aa8 

Instructions: (pc=0x00007ff9ddf8a0f6)
0x00007ff9ddf89ff6:   4c 63 c0 41 8b c1 48 c1 f8 10 48 63 14 19 41 8b
0x00007ff9ddf8a006:   c9 83 e1 3f 48 d3 e2 0f b6 c8 49 8d 04 10 49 f7
0x00007ff9ddf8a016:   d0 48 03 c8 49 c1 e8 03 48 c1 e9 03 49 23 c8 eb
0x00007ff9ddf8a026:   12 49 8b 00 48 8b d3 49 8b c8 ff 90 00 01 00 00
0x00007ff9ddf8a036:   48 8b c8 48 89 1f 48 8b c7 48 8b 5c 24 30 48 89
0x00007ff9ddf8a046:   4f 08 48 83 c4 20 5f c3 cc cc 0f b6 05 b9 91 9f
0x00007ff9ddf8a056:   00 48 8b d1 84 c0 74 16 44 8b 41 08 8b 0d b0 7e
0x00007ff9ddf8a066:   9f 00 49 d3 e0 4c 03 05 9e 7e 9f 00 eb 04 4c 8b
0x00007ff9ddf8a076:   41 08 45 8b 48 08 45 85 c9 7e 0e 41 f6 c1 01 75
0x00007ff9ddf8a086:   53 41 c1 f9 03 49 63 c1 c3 79 49 84 c0 41 b8 0c
0x00007ff9ddf8a096:   00 00 00 8b 05 69 8f 9f 00 b9 10 00 00 00 41 0f
0x00007ff9ddf8a0a6:   45 c8 ff c8 4c 63 c0 41 8b c1 48 c1 f8 10 0f b6
0x00007ff9ddf8a0b6:   c0 48 63 14 11 41 8b c9 83 e1 3f 48 d3 e2 49 8d
0x00007ff9ddf8a0c6:   0c 10 49 f7 d0 48 03 c1 49 c1 e8 03 48 c1 e8 03
0x00007ff9ddf8a0d6:   49 23 c0 c3 49 8b 00 49 8b c8 48 ff a0 00 01 00
0x00007ff9ddf8a0e6:   00 cc cc cc cc cc cc cc cc cc 4c 8b c2 48 8b d1
0x00007ff9ddf8a0f6:   45 8b 48 08 45 85 c9 7e 0e 41 f6 c1 01 75 56 41
0x00007ff9ddf8a106:   c1 f9 03 49 63 c1 c3 79 4c 80 3d fa 90 9f 00 00
0x00007ff9ddf8a116:   b8 0c 00 00 00 b9 10 00 00 00 0f 45 c8 8b 05 df
0x00007ff9ddf8a126:   8e 9f 00 ff c8 4c 63 c0 41 8b c1 48 c1 f8 10 48
0x00007ff9ddf8a136:   63 14 11 41 8b c9 83 e1 3f 0f b6 c0 48 d3 e2 49
0x00007ff9ddf8a146:   8d 0c 10 49 f7 d0 48 03 c1 49 c1 e8 03 48 c1 e8
0x00007ff9ddf8a156:   03 49 23 c0 c3 49 8b 00 49 8b c8 48 ff a0 00 01
0x00007ff9ddf8a166:   00 00 cc cc cc cc cc cc cc cc 40 53 48 83 ec 20
0x00007ff9ddf8a176:   48 8b d9 49 8b c0 33 c9 45 0f b6 c1 48 89 0b 48
0x00007ff9ddf8a186:   89 4b 08 48 8b cb 48 89 53 10 48 8b d0 e8 28 09
0x00007ff9ddf8a196:   00 00 48 8b c3 48 83 c4 20 5b c3 cc cc cc cc cc
0x00007ff9ddf8a1a6:   cc cc cc cc cc cc cc cc cc cc 40 53 48 83 ec 20
0x00007ff9ddf8a1b6:   33 c0 44 88 41 10 45 0f b6 c1 48 89 01 48 89 41
0x00007ff9ddf8a1c6:   08 48 8b d9 e8 01 0a 00 00 48 8b c3 48 83 c4 20
0x00007ff9ddf8a1d6:   5b c3 cc cc cc cc cc cc cc cc 40 53 48 83 ec 20
0x00007ff9ddf8a1e6:   33 c0 48 8b d9 48 89 01 48 89 41 08 e8 99 0b 00 


Stack slot to memory mapping:

stack at sp + 0 slots: 0x00007ff9de1a743b jvm.dll
stack at sp + 1 slots: 0x00000000ff80e590 is pointing into object: java.util.HashMap$Node 
{0x00000000ff80e580} - klass: 'java/util/HashMap$Node'
 - ---- fields (total size 4 words):
 - final 'hash' 'I' @12  714998925 (0x2a9e048d)
 - final 'key' 'Ljava/lang/Object;' @16  
[error occurred during error reporting (inspecting top of stack), id 0xc0000005, EXCEPTION_ACCESS_VIOLATION (0xc0000005) at pc=0x00007ff9de50b086]
stack at sp + 2 slots: 0x00007ff9de1a5f7f jvm.dll
stack at sp + 3 slots: 0x00000000ff80e590 is pointing into object: java.util.HashMap$Node 
{0x00000000ff80e580} - klass: 'java/util/HashMap$Node'
 - ---- fields (total size 4 words):
 - final 'hash' 'I' @12  714998925 (0x2a9e048d)
 - final 'key' 'Ljava/lang/Object;' @16  
[error occurred during error reporting (inspecting top of stack, attempt 2), id 0xc0000005, EXCEPTION_ACCESS_VIOLATION (0xc0000005) at pc=0x00007ff9de50b086]
stack at sp + 4 slots: 0x0000020906cf0f48 points into unknown readable memory: 0x00007ff9de7c0420 | 20 04 7c de f9 7f 00 00
stack at sp + 5 slots: 0x0000000100065920 is pointing into metadata
stack at sp + 6 slots: 0x00007ff9de1a57e8 jvm.dll
stack at sp + 7 slots: 0x0000020906cf0dc0 points into unknown readable memory: 0x00007ff9de7c0480 | 80 04 7c de f9 7f 00 00


---------------  P R O C E S S  ---------------

Threads class SMR info:
_java_thread_list=0x00000209056213e0, length=67, elements={
0x0000020964ba7680, 0x000002097eb66230, 0x000002097eb45b40, 0x000002097eb50590,
0x000002097eb50bf0, 0x000002097eb52db0, 0x000002097eb6cb10, 0x000002097eb96840,
0x000002097eb98240, 0x000002097ec36d80, 0x000002097efa6200, 0x000002090515eac0,
0x0000020905358600, 0x00000209055afbf0, 0x00000209055ef2a0, 0x00000209055ef900,
0x000002090540d2e0, 0x0000020905413d70, 0x0000020905678d70, 0x00000209056c9520,
0x00000209054237c0, 0x0000020905752bf0, 0x0000020905751840, 0x00000209057511b0,
0x0000020905753fa0, 0x0000020905751ed0, 0x0000020905753910, 0x0000020905753280,
0x0000020905752560, 0x0000020905750b20, 0x00000209064d3430, 0x00000209064cffb0,
0x00000209064d19f0, 0x00000209064d2080, 0x00000209064d0640, 0x00000209064d2710,
0x00000209064d3ac0, 0x00000209064d2da0, 0x00000209064d4150, 0x00000209064d1360,
0x00000209064d0cd0, 0x00000209064d47e0, 0x00000209064d4e70, 0x00000209064d5500,
0x00000209064d6f40, 0x00000209064d75d0, 0x0000020906cc98d0, 0x0000020906cc9f60,
0x0000020906cc7e90, 0x0000020906ccac80, 0x0000020906cc8520, 0x0000020906cc8bb0,
0x0000020906cca5f0, 0x0000020906cc9240, 0x0000020906cc7800, 0x0000020906ccd3e0,
0x0000020906ccda70, 0x0000020906cccd50, 0x0000020906cce790, 0x0000020906cce100,
0x0000020906ccb9a0, 0x0000020906ccb310, 0x0000020906ccee20, 0x0000020906ccc030,
0x0000020906ccc6c0, 0x00000209095c7000, 0x0000020905f87e50
}

Java Threads: ( => current thread )
  0x0000020964ba7680 JavaThread "main"                              [_thread_blocked, id=14128, stack(0x000000e703400000,0x000000e703500000) (1024K)]
  0x000002097eb66230 JavaThread "Reference Handler"          daemon [_thread_blocked, id=16032, stack(0x000000e703c00000,0x000000e703d00000) (1024K)]
  0x000002097eb45b40 JavaThread "Finalizer"                  daemon [_thread_blocked, id=17152, stack(0x000000e703d00000,0x000000e703e00000) (1024K)]
  0x000002097eb50590 JavaThread "Signal Dispatcher"          daemon [_thread_blocked, id=14712, stack(0x000000e703e00000,0x000000e703f00000) (1024K)]
  0x000002097eb50bf0 JavaThread "Attach Listener"            daemon [_thread_blocked, id=10088, stack(0x000000e703f00000,0x000000e704000000) (1024K)]
  0x000002097eb52db0 JavaThread "Service Thread"             daemon [_thread_blocked, id=3548, stack(0x000000e704000000,0x000000e704100000) (1024K)]
  0x000002097eb6cb10 JavaThread "Monitor Deflation Thread"   daemon [_thread_blocked, id=15652, stack(0x000000e704100000,0x000000e704200000) (1024K)]
  0x000002097eb96840 JavaThread "C2 CompilerThread0"         daemon [_thread_blocked, id=7536, stack(0x000000e704200000,0x000000e704300000) (1024K)]
  0x000002097eb98240 JavaThread "C1 CompilerThread0"         daemon [_thread_blocked, id=13740, stack(0x000000e704300000,0x000000e704400000) (1024K)]
  0x000002097ec36d80 JavaThread "Common-Cleaner"             daemon [_thread_blocked, id=3776, stack(0x000000e704400000,0x000000e704500000) (1024K)]
  0x000002097efa6200 JavaThread "Notification Thread"        daemon [_thread_blocked, id=11372, stack(0x000000e704500000,0x000000e704600000) (1024K)]
  0x000002090515eac0 JavaThread "Daemon health stats"               [_thread_blocked, id=11272, stack(0x000000e704d00000,0x000000e704e00000) (1024K)]
  0x0000020905358600 JavaThread "Incoming local TCP Connector on port 50080"        [_thread_in_native, id=1384, stack(0x000000e704e00000,0x000000e704f00000) (1024K)]
  0x00000209055afbf0 JavaThread "Daemon periodic checks"            [_thread_blocked, id=9936, stack(0x000000e704f00000,0x000000e705000000) (1024K)]
  0x00000209055ef2a0 JavaThread "Daemon"                            [_thread_blocked, id=15852, stack(0x000000e705000000,0x000000e705100000) (1024K)]
  0x00000209055ef900 JavaThread "Handler for socket connection from /127.0.0.1:50080 to /127.0.0.1:50081"        [_thread_in_native, id=16412, stack(0x000000e705100000,0x000000e705200000) (1024K)]
  0x000002090540d2e0 JavaThread "Cancel handler"                    [_thread_blocked, id=4268, stack(0x000000e705200000,0x000000e705300000) (1024K)]
  0x0000020905413d70 JavaThread "Daemon worker"                     [_thread_blocked, id=16596, stack(0x000000e705300000,0x000000e705400000) (1024K)]
  0x0000020905678d70 JavaThread "Asynchronous log dispatcher for DefaultDaemonConnection: socket connection from /127.0.0.1:50080 to /127.0.0.1:50081"        [_thread_blocked, id=1620, stack(0x000000e705400000,0x000000e705500000) (1024K)]
  0x00000209056c9520 JavaThread "Stdin handler"                     [_thread_blocked, id=16352, stack(0x000000e705500000,0x000000e705600000) (1024K)]
  0x00000209054237c0 JavaThread "Daemon client event forwarder"        [_thread_blocked, id=16980, stack(0x000000e705600000,0x000000e705700000) (1024K)]
  0x0000020905752bf0 JavaThread "Cache worker for journal cache (C:\Users\Arthur\.gradle\caches\journal-1)"        [_thread_blocked, id=8976, stack(0x000000e705c00000,0x000000e705d00000) (1024K)]
  0x0000020905751840 JavaThread "File lock request listener"        [_thread_in_native, id=7448, stack(0x000000e705d00000,0x000000e705e00000) (1024K)]
  0x00000209057511b0 JavaThread "Cache worker for file hash cache (C:\Users\Arthur\.gradle\caches\8.11.1\fileHashes)"        [_thread_blocked, id=17016, stack(0x000000e705e00000,0x000000e705f00000) (1024K)]
  0x0000020905753fa0 JavaThread "Cache worker for file content cache (C:\Users\Arthur\.gradle\caches\8.11.1\fileContent)"        [_thread_blocked, id=1884, stack(0x000000e706000000,0x000000e706100000) (1024K)]
  0x0000020905751ed0 JavaThread "Cache worker for file hash cache (C:\Projects\Lunaproject\.gradle\8.11.1\fileHashes)"        [_thread_blocked, id=7692, stack(0x000000e706100000,0x000000e706200000) (1024K)]
  0x0000020905753910 JavaThread "Cache worker for Build Output Cleanup Cache (C:\Projects\Lunaproject\.gradle\buildOutputCleanup)"        [_thread_blocked, id=9052, stack(0x000000e706200000,0x000000e706300000) (1024K)]
  0x0000020905753280 JavaThread "File watcher server"        daemon [_thread_in_native, id=17364, stack(0x000000e706300000,0x000000e706400000) (1024K)]
  0x0000020905752560 JavaThread "File watcher consumer"      daemon [_thread_blocked, id=13996, stack(0x000000e706400000,0x000000e706500000) (1024K)]
  0x0000020905750b20 JavaThread "jar transforms"                    [_thread_blocked, id=16984, stack(0x000000e706500000,0x000000e706600000) (1024K)]
  0x00000209064d3430 JavaThread "jar transforms Thread 2"           [_thread_blocked, id=8288, stack(0x000000e706600000,0x000000e706700000) (1024K)]
  0x00000209064cffb0 JavaThread "jar transforms Thread 3"           [_thread_blocked, id=16400, stack(0x000000e706700000,0x000000e706800000) (1024K)]
  0x00000209064d19f0 JavaThread "jar transforms Thread 4"           [_thread_blocked, id=13832, stack(0x000000e706800000,0x000000e706900000) (1024K)]
  0x00000209064d2080 JavaThread "jar transforms Thread 5"           [_thread_blocked, id=17020, stack(0x000000e706900000,0x000000e706a00000) (1024K)]
  0x00000209064d0640 JavaThread "jar transforms Thread 6"           [_thread_blocked, id=13836, stack(0x000000e706a00000,0x000000e706b00000) (1024K)]
  0x00000209064d2710 JavaThread "jar transforms Thread 7"           [_thread_blocked, id=13152, stack(0x000000e706b00000,0x000000e706c00000) (1024K)]
  0x00000209064d3ac0 JavaThread "jar transforms Thread 8"           [_thread_blocked, id=11432, stack(0x000000e706c00000,0x000000e706d00000) (1024K)]
  0x00000209064d2da0 JavaThread "jar transforms Thread 9"           [_thread_blocked, id=7460, stack(0x000000e706d00000,0x000000e706e00000) (1024K)]
  0x00000209064d4150 JavaThread "jar transforms Thread 10"          [_thread_blocked, id=15040, stack(0x000000e706e00000,0x000000e706f00000) (1024K)]
  0x00000209064d1360 JavaThread "jar transforms Thread 11"          [_thread_blocked, id=16376, stack(0x000000e706f00000,0x000000e707000000) (1024K)]
  0x00000209064d0cd0 JavaThread "jar transforms Thread 12"          [_thread_blocked, id=5220, stack(0x000000e707000000,0x000000e707100000) (1024K)]
  0x00000209064d47e0 JavaThread "Cache worker for checksums cache (C:\Projects\Lunaproject\.gradle\8.11.1\checksums)"        [_thread_blocked, id=8640, stack(0x000000e707100000,0x000000e707200000) (1024K)]
  0x00000209064d4e70 JavaThread "Cache worker for cache directory md-rule (C:\Users\Arthur\.gradle\caches\8.11.1\md-rule)"        [_thread_blocked, id=12328, stack(0x000000e707200000,0x000000e707300000) (1024K)]
  0x00000209064d5500 JavaThread "Cache worker for cache directory md-supplier (C:\Users\Arthur\.gradle\caches\8.11.1\md-supplier)"        [_thread_blocked, id=6460, stack(0x000000e707300000,0x000000e707400000) (1024K)]
  0x00000209064d6f40 JavaThread "Unconstrained build operations"        [_thread_blocked, id=16764, stack(0x000000e707400000,0x000000e707500000) (1024K)]
  0x00000209064d75d0 JavaThread "Unconstrained build operations Thread 2"        [_thread_blocked, id=7852, stack(0x000000e707500000,0x000000e707600000) (1024K)]
  0x0000020906cc98d0 JavaThread "Unconstrained build operations Thread 3"        [_thread_blocked, id=5856, stack(0x000000e707600000,0x000000e707700000) (1024K)]
  0x0000020906cc9f60 JavaThread "Unconstrained build operations Thread 4"        [_thread_blocked, id=2980, stack(0x000000e707700000,0x000000e707800000) (1024K)]
  0x0000020906cc7e90 JavaThread "Unconstrained build operations Thread 5"        [_thread_blocked, id=16640, stack(0x000000e707800000,0x000000e707900000) (1024K)]
  0x0000020906ccac80 JavaThread "Unconstrained build operations Thread 6"        [_thread_blocked, id=14456, stack(0x000000e707900000,0x000000e707a00000) (1024K)]
  0x0000020906cc8520 JavaThread "Unconstrained build operations Thread 7"        [_thread_blocked, id=11712, stack(0x000000e707a00000,0x000000e707b00000) (1024K)]
  0x0000020906cc8bb0 JavaThread "Unconstrained build operations Thread 8"        [_thread_blocked, id=15916, stack(0x000000e707b00000,0x000000e707c00000) (1024K)]
  0x0000020906cca5f0 JavaThread "Unconstrained build operations Thread 9"        [_thread_blocked, id=11396, stack(0x000000e707c00000,0x000000e707d00000) (1024K)]
  0x0000020906cc9240 JavaThread "Unconstrained build operations Thread 10"        [_thread_blocked, id=1912, stack(0x000000e707d00000,0x000000e707e00000) (1024K)]
  0x0000020906cc7800 JavaThread "Unconstrained build operations Thread 11"        [_thread_blocked, id=16844, stack(0x000000e707e00000,0x000000e707f00000) (1024K)]
  0x0000020906ccd3e0 JavaThread "Unconstrained build operations Thread 12"        [_thread_blocked, id=9428, stack(0x000000e707f00000,0x000000e708000000) (1024K)]
  0x0000020906ccda70 JavaThread "Unconstrained build operations Thread 13"        [_thread_blocked, id=6396, stack(0x000000e708000000,0x000000e708100000) (1024K)]
  0x0000020906cccd50 JavaThread "Unconstrained build operations Thread 14"        [_thread_blocked, id=9920, stack(0x000000e708100000,0x000000e708200000) (1024K)]
  0x0000020906cce790 JavaThread "Unconstrained build operations Thread 15"        [_thread_blocked, id=11308, stack(0x000000e708200000,0x000000e708300000) (1024K)]
  0x0000020906cce100 JavaThread "Unconstrained build operations Thread 16"        [_thread_blocked, id=17228, stack(0x000000e708300000,0x000000e708400000) (1024K)]
  0x0000020906ccb9a0 JavaThread "Unconstrained build operations Thread 17"        [_thread_blocked, id=12076, stack(0x000000e708400000,0x000000e708500000) (1024K)]
  0x0000020906ccb310 JavaThread "Unconstrained build operations Thread 18"        [_thread_blocked, id=8820, stack(0x000000e708500000,0x000000e708600000) (1024K)]
  0x0000020906ccee20 JavaThread "Unconstrained build operations Thread 19"        [_thread_blocked, id=7872, stack(0x000000e708600000,0x000000e708700000) (1024K)]
  0x0000020906ccc030 JavaThread "Unconstrained build operations Thread 20"        [_thread_blocked, id=9492, stack(0x000000e708700000,0x000000e708800000) (1024K)]
  0x0000020906ccc6c0 JavaThread "Unconstrained build operations Thread 21"        [_thread_blocked, id=15908, stack(0x000000e708800000,0x000000e708900000) (1024K)]
  0x00000209095c7000 JavaThread "C2 CompilerThread1"         daemon [_thread_blocked, id=15404, stack(0x000000e704600000,0x000000e704700000) (1024K)]
  0x0000020905f87e50 JavaThread "C2 CompilerThread2"         daemon [_thread_blocked, id=1280, stack(0x000000e705f00000,0x000000e706000000) (1024K)]
Total: 67

Other Threads:
  0x000002097eacd7a0 VMThread "VM Thread"                           [id=5164, stack(0x000000e703b00000,0x000000e703c00000) (1024K)]
  0x000002097e9e3b70 WatcherThread "VM Periodic Task Thread"        [id=1684, stack(0x000000e703a00000,0x000000e703b00000) (1024K)]
  0x0000020966f43840 WorkerThread "GC Thread#0"                     [id=10632, stack(0x000000e703500000,0x000000e703600000) (1024K)]
  0x000002097f5ce0a0 WorkerThread "GC Thread#1"                     [id=16976, stack(0x000000e704800000,0x000000e704900000) (1024K)]
=>0x000002097f583920 WorkerThread "GC Thread#2"                     [id=1924, stack(0x000000e704900000,0x000000e704a00000) (1024K)]
  0x000002097f583cc0 WorkerThread "GC Thread#3"                     [id=16736, stack(0x000000e704a00000,0x000000e704b00000) (1024K)]
  0x000002097f4baa20 WorkerThread "GC Thread#4"                     [id=12116, stack(0x000000e704b00000,0x000000e704c00000) (1024K)]
  0x000002097f296be0 WorkerThread "GC Thread#5"                     [id=1936, stack(0x000000e704c00000,0x000000e704d00000) (1024K)]
  0x00000209050aa760 WorkerThread "GC Thread#6"                     [id=15868, stack(0x000000e704700000,0x000000e704800000) (1024K)]
  0x00000209055b9d20 WorkerThread "GC Thread#7"                     [id=12752, stack(0x000000e705700000,0x000000e705800000) (1024K)]
  0x00000209055ba800 WorkerThread "GC Thread#8"                     [id=14984, stack(0x000000e705800000,0x000000e705900000) (1024K)]
  0x00000209055ba0c0 WorkerThread "GC Thread#9"                     [id=12952, stack(0x000000e705900000,0x000000e705a00000) (1024K)]
  0x0000020966f54730 ConcurrentGCThread "G1 Main Marker"            [id=10736, stack(0x000000e703600000,0x000000e703700000) (1024K)]
  0x0000020966f55f80 WorkerThread "G1 Conc#0"                       [id=1900, stack(0x000000e703700000,0x000000e703800000) (1024K)]
  0x00000209056a50a0 WorkerThread "G1 Conc#1"                       [id=16084, stack(0x000000e705a00000,0x000000e705b00000) (1024K)]
  0x00000209056a4960 WorkerThread "G1 Conc#2"                       [id=16568, stack(0x000000e705b00000,0x000000e705c00000) (1024K)]
  0x000002097e915ec0 ConcurrentGCThread "G1 Refine#0"               [id=5612, stack(0x000000e703800000,0x000000e703900000) (1024K)]
  0x000002097e917bf0 ConcurrentGCThread "G1 Service"                [id=14892, stack(0x000000e703900000,0x000000e703a00000) (1024K)]
Total: 18

Threads with active compile tasks:
C2 CompilerThread0  9100 6293       4       org.jetbrains.kotlin.com.intellij.openapi.vfs.impl.ArchiveHandler::processEntry (225 bytes)
C2 CompilerThread1  9100 6350       4       org.jetbrains.kotlin.com.intellij.openapi.vfs.impl.ZipEntryMap::isTheOne (139 bytes)
C2 CompilerThread2  9100 6328       4       org.jetbrains.kotlin.com.intellij.openapi.vfs.impl.jar.CoreJarHandler::getOrCreateFile (88 bytes)
Total: 3

VM state: at safepoint (normal execution)

VM Mutex/Monitor currently owned by a thread:  ([mutex/lock_event])
[0x00007ff9de9fe3a0] Threads_lock - owner thread: 0x000002097eacd7a0
[0x00007ff9de9fe4a0] Heap_lock - owner thread: 0x0000020905413d70

Heap address: 0x0000000080000000, size: 2048 MB, Compressed Oops mode: 32-bit

CDS archive(s) not mapped
Compressed class space mapped at: 0x0000000100000000-0x0000000140000000, reserved size: 1073741824
Narrow klass base: 0x0000000000000000, Narrow klass shift: 3, Narrow klass range: 0x140000000

GC Precious Log:
 CardTable entry size: 512
 Card Set container configuration: InlinePtr #cards 5 size 8 Array Of Cards #cards 12 size 40 Howl #buckets 4 coarsen threshold 1843 Howl Bitmap #cards 512 size 80 coarsen threshold 460 Card regions per heap region 1 cards per card region 2048
 CPUs: 12 total, 12 available
 Memory: 16221M
 Large Page Support: Disabled
 NUMA Support: Disabled
 Compressed Oops: Enabled (32-bit)
 Heap Region Size: 1M
 Heap Min Capacity: 8M
 Heap Initial Capacity: 254M
 Heap Max Capacity: 2G
 Pre-touch: Disabled
 Parallel Workers: 10
 Concurrent Workers: 3
 Concurrent Refinement Workers: 10
 Periodic GC: Disabled

Heap:
 garbage-first heap   total 148480K, used 130967K [0x0000000080000000, 0x0000000100000000)
  region size 1024K, 49 young (50176K), 6 survivors (6144K)
 Metaspace       used 78871K, committed 80576K, reserved 1179648K
  class space    used 10835K, committed 11648K, reserved 1048576K

Heap Regions: E=young(eden), S=young(survivor), O=old, HS=humongous(starts), HC=humongous(continues), CS=collection set, F=free, TAMS=top-at-mark-start, PB=parsable bottom
|   0|0x0000000080000000, 0x0000000080100000, 0x0000000080100000|100%| O|  |TAMS 0x0000000080000000| PB 0x0000000080000000| Untracked 
|   1|0x0000000080100000, 0x0000000080200000, 0x0000000080200000|100%|HS|  |TAMS 0x0000000080100000| PB 0x0000000080100000| Complete 
|   2|0x0000000080200000, 0x0000000080300000, 0x0000000080300000|100%|HC|  |TAMS 0x0000000080200000| PB 0x0000000080200000| Complete 
|   3|0x0000000080300000, 0x0000000080400000, 0x0000000080400000|100%|HC|  |TAMS 0x0000000080300000| PB 0x0000000080300000| Complete 
|   4|0x0000000080400000, 0x0000000080500000, 0x0000000080500000|100%| O|  |TAMS 0x0000000080400000| PB 0x0000000080400000| Untracked 
|   5|0x0000000080500000, 0x0000000080600000, 0x0000000080600000|100%| O|  |TAMS 0x0000000080500000| PB 0x0000000080500000| Untracked 
|   6|0x0000000080600000, 0x0000000080700000, 0x0000000080700000|100%| O|  |TAMS 0x0000000080600000| PB 0x0000000080600000| Untracked 
|   7|0x0000000080700000, 0x0000000080800000, 0x0000000080800000|100%|HS|  |TAMS 0x0000000080700000| PB 0x0000000080700000| Complete 
|   8|0x0000000080800000, 0x0000000080900000, 0x0000000080900000|100%| O|  |TAMS 0x0000000080800000| PB 0x0000000080800000| Untracked 
|   9|0x0000000080900000, 0x0000000080a00000, 0x0000000080a00000|100%| O|  |TAMS 0x0000000080900000| PB 0x0000000080900000| Untracked 
|  10|0x0000000080a00000, 0x0000000080b00000, 0x0000000080b00000|100%| O|  |TAMS 0x0000000080a00000| PB 0x0000000080a00000| Untracked 
|  11|0x0000000080b00000, 0x0000000080c00000, 0x0000000080c00000|100%| O|  |TAMS 0x0000000080b00000| PB 0x0000000080b00000| Untracked 
|  12|0x0000000080c00000, 0x0000000080d00000, 0x0000000080d00000|100%| O|  |TAMS 0x0000000080c00000| PB 0x0000000080c00000| Untracked 
|  13|0x0000000080d00000, 0x0000000080e00000, 0x0000000080e00000|100%| O|  |TAMS 0x0000000080d00000| PB 0x0000000080d00000| Untracked 
|  14|0x0000000080e00000, 0x0000000080f00000, 0x0000000080f00000|100%| O|  |TAMS 0x0000000080e00000| PB 0x0000000080e00000| Untracked 
|  15|0x0000000080f00000, 0x0000000081000000, 0x0000000081000000|100%| O|  |TAMS 0x0000000080f00000| PB 0x0000000080f00000| Untracked 
|  16|0x0000000081000000, 0x0000000081100000, 0x0000000081100000|100%| O|  |TAMS 0x0000000081000000| PB 0x0000000081000000| Untracked 
|  17|0x0000000081100000, 0x0000000081200000, 0x0000000081200000|100%| O|  |TAMS 0x0000000081100000| PB 0x0000000081100000| Untracked 
|  18|0x0000000081200000, 0x0000000081300000, 0x0000000081300000|100%| O|  |TAMS 0x0000000081200000| PB 0x0000000081200000| Untracked 
|  19|0x0000000081300000, 0x0000000081400000, 0x0000000081400000|100%| O|  |TAMS 0x0000000081300000| PB 0x0000000081300000| Untracked 
|  20|0x0000000081400000, 0x0000000081500000, 0x0000000081500000|100%| O|  |TAMS 0x0000000081400000| PB 0x0000000081400000| Untracked 
|  21|0x0000000081500000, 0x0000000081600000, 0x0000000081600000|100%|HS|  |TAMS 0x0000000081500000| PB 0x0000000081500000| Complete 
|  22|0x0000000081600000, 0x0000000081700000, 0x0000000081700000|100%|HC|  |TAMS 0x0000000081600000| PB 0x0000000081600000| Complete 
|  23|0x0000000081700000, 0x0000000081800000, 0x0000000081800000|100%|HC|  |TAMS 0x0000000081700000| PB 0x0000000081700000| Complete 
|  24|0x0000000081800000, 0x0000000081900000, 0x0000000081900000|100%|HC|  |TAMS 0x0000000081800000| PB 0x0000000081800000| Complete 
|  25|0x0000000081900000, 0x0000000081a00000, 0x0000000081a00000|100%|HC|  |TAMS 0x0000000081900000| PB 0x0000000081900000| Complete 
|  26|0x0000000081a00000, 0x0000000081b00000, 0x0000000081b00000|100%|HC|  |TAMS 0x0000000081a00000| PB 0x0000000081a00000| Complete 
|  27|0x0000000081b00000, 0x0000000081c00000, 0x0000000081c00000|100%|HS|  |TAMS 0x0000000081b00000| PB 0x0000000081b00000| Complete 
|  28|0x0000000081c00000, 0x0000000081d00000, 0x0000000081d00000|100%| O|  |TAMS 0x0000000081c00000| PB 0x0000000081c00000| Untracked 
|  29|0x0000000081d00000, 0x0000000081e00000, 0x0000000081e00000|100%| O|  |TAMS 0x0000000081d00000| PB 0x0000000081d00000| Untracked 
|  30|0x0000000081e00000, 0x0000000081f00000, 0x0000000081f00000|100%| O|  |TAMS 0x0000000081e00000| PB 0x0000000081e00000| Untracked 
|  31|0x0000000081f00000, 0x0000000082000000, 0x0000000082000000|100%| O|  |TAMS 0x0000000081f00000| PB 0x0000000081f00000| Untracked 
|  32|0x0000000082000000, 0x0000000082100000, 0x0000000082100000|100%| O|  |TAMS 0x0000000082000000| PB 0x0000000082000000| Untracked 
|  33|0x0000000082100000, 0x0000000082200000, 0x0000000082200000|100%|HS|  |TAMS 0x0000000082100000| PB 0x0000000082100000| Complete 
|  34|0x0000000082200000, 0x0000000082300000, 0x0000000082300000|100%|HC|  |TAMS 0x0000000082200000| PB 0x0000000082200000| Complete 
|  35|0x0000000082300000, 0x0000000082400000, 0x0000000082400000|100%|HC|  |TAMS 0x0000000082300000| PB 0x0000000082300000| Complete 
|  36|0x0000000082400000, 0x0000000082500000, 0x0000000082500000|100%|HC|  |TAMS 0x0000000082400000| PB 0x0000000082400000| Complete 
|  37|0x0000000082500000, 0x0000000082600000, 0x0000000082600000|100%|HS|  |TAMS 0x0000000082500000| PB 0x0000000082500000| Complete 
|  38|0x0000000082600000, 0x0000000082700000, 0x0000000082700000|100%|HC|  |TAMS 0x0000000082600000| PB 0x0000000082600000| Complete 
|  39|0x0000000082700000, 0x0000000082800000, 0x0000000082800000|100%| O|  |TAMS 0x0000000082700000| PB 0x0000000082700000| Untracked 
|  40|0x0000000082800000, 0x0000000082900000, 0x0000000082900000|100%| O|CS|TAMS 0x0000000082800000| PB 0x0000000082800000| Complete 
|  41|0x0000000082900000, 0x0000000082a00000, 0x0000000082a00000|100%| O|  |TAMS 0x0000000082900000| PB 0x0000000082900000| Untracked 
|  42|0x0000000082a00000, 0x0000000082b00000, 0x0000000082b00000|100%| O|  |TAMS 0x0000000082a00000| PB 0x0000000082a00000| Untracked 
|  43|0x0000000082b00000, 0x0000000082c00000, 0x0000000082c00000|100%| O|  |TAMS 0x0000000082b00000| PB 0x0000000082b00000| Untracked 
|  44|0x0000000082c00000, 0x0000000082d00000, 0x0000000082d00000|100%|HS|  |TAMS 0x0000000082c00000| PB 0x0000000082c00000| Complete 
|  45|0x0000000082d00000, 0x0000000082e00000, 0x0000000082e00000|100%|HC|  |TAMS 0x0000000082d00000| PB 0x0000000082d00000| Complete 
|  46|0x0000000082e00000, 0x0000000082f00000, 0x0000000082f00000|100%| O|  |TAMS 0x0000000082e00000| PB 0x0000000082e00000| Untracked 
|  47|0x0000000082f00000, 0x0000000083000000, 0x0000000083000000|100%| O|  |TAMS 0x0000000082f00000| PB 0x0000000082f00000| Untracked 
|  48|0x0000000083000000, 0x0000000083100000, 0x0000000083100000|100%| O|  |TAMS 0x0000000083000000| PB 0x0000000083000000| Untracked 
|  49|0x0000000083100000, 0x0000000083200000, 0x0000000083200000|100%| O|  |TAMS 0x0000000083100000| PB 0x0000000083100000| Untracked 
|  50|0x0000000083200000, 0x0000000083300000, 0x0000000083300000|100%| O|  |TAMS 0x0000000083200000| PB 0x0000000083200000| Untracked 
|  51|0x0000000083300000, 0x0000000083400000, 0x0000000083400000|100%| O|  |TAMS 0x0000000083300000| PB 0x0000000083300000| Untracked 
|  52|0x0000000083400000, 0x0000000083500000, 0x0000000083500000|100%| O|  |TAMS 0x0000000083400000| PB 0x0000000083400000| Untracked 
|  53|0x0000000083500000, 0x0000000083600000, 0x0000000083600000|100%| O|  |TAMS 0x0000000083500000| PB 0x0000000083500000| Untracked 
|  54|0x0000000083600000, 0x0000000083700000, 0x0000000083700000|100%| O|  |TAMS 0x0000000083600000| PB 0x0000000083600000| Untracked 
|  55|0x0000000083700000, 0x0000000083800000, 0x0000000083800000|100%| O|  |TAMS 0x0000000083700000| PB 0x0000000083700000| Untracked 
|  56|0x0000000083800000, 0x0000000083900000, 0x0000000083900000|100%| O|  |TAMS 0x0000000083800000| PB 0x0000000083800000| Untracked 
|  57|0x0000000083900000, 0x0000000083a00000, 0x0000000083a00000|100%| O|CS|TAMS 0x0000000083900000| PB 0x0000000083900000| Complete 
|  58|0x0000000083a00000, 0x0000000083b00000, 0x0000000083b00000|100%|HS|  |TAMS 0x0000000083a00000| PB 0x0000000083a00000| Complete 
|  59|0x0000000083b00000, 0x0000000083c00000, 0x0000000083c00000|100%|HC|  |TAMS 0x0000000083b00000| PB 0x0000000083b00000| Complete 
|  60|0x0000000083c00000, 0x0000000083d00000, 0x0000000083d00000|100%|HC|  |TAMS 0x0000000083c00000| PB 0x0000000083c00000| Complete 
|  61|0x0000000083d00000, 0x0000000083e00000, 0x0000000083e00000|100%|HC|  |TAMS 0x0000000083d00000| PB 0x0000000083d00000| Complete 
|  62|0x0000000083e00000, 0x0000000083f00000, 0x0000000083f00000|100%|HC|  |TAMS 0x0000000083e00000| PB 0x0000000083e00000| Complete 
|  63|0x0000000083f00000, 0x0000000084000000, 0x0000000084000000|100%|HC|  |TAMS 0x0000000083f00000| PB 0x0000000083f00000| Complete 
|  64|0x0000000084000000, 0x0000000084100000, 0x0000000084100000|100%|HS|  |TAMS 0x0000000084000000| PB 0x0000000084000000| Complete 
|  65|0x0000000084100000, 0x0000000084200000, 0x0000000084200000|100%|HC|  |TAMS 0x0000000084100000| PB 0x0000000084100000| Complete 
|  66|0x0000000084200000, 0x0000000084300000, 0x0000000084300000|100%|HC|  |TAMS 0x0000000084200000| PB 0x0000000084200000| Complete 
|  67|0x0000000084300000, 0x0000000084400000, 0x0000000084400000|100%|HC|  |TAMS 0x0000000084300000| PB 0x0000000084300000| Complete 
|  68|0x0000000084400000, 0x0000000084500000, 0x0000000084500000|100%|HC|  |TAMS 0x0000000084400000| PB 0x0000000084400000| Complete 
|  69|0x0000000084500000, 0x0000000084600000, 0x0000000084600000|100%|HC|  |TAMS 0x0000000084500000| PB 0x0000000084500000| Complete 
|  70|0x0000000084600000, 0x0000000084700000, 0x0000000084700000|100%| O|  |TAMS 0x0000000084600000| PB 0x0000000084600000| Untracked 
|  71|0x0000000084700000, 0x0000000084800000, 0x0000000084800000|100%| O|  |TAMS 0x0000000084700000| PB 0x0000000084700000| Untracked 
|  72|0x0000000084800000, 0x0000000084900000, 0x0000000084900000|100%| O|  |TAMS 0x0000000084800000| PB 0x0000000084800000| Untracked 
|  73|0x0000000084900000, 0x0000000084a00000, 0x0000000084a00000|100%| O|  |TAMS 0x0000000084900000| PB 0x0000000084900000| Untracked 
|  74|0x0000000084a00000, 0x0000000084b00000, 0x0000000084b00000|100%|HS|  |TAMS 0x0000000084a00000| PB 0x0000000084a00000| Complete 
|  75|0x0000000084b00000, 0x0000000084c00000, 0x0000000084c00000|100%|HC|  |TAMS 0x0000000084b00000| PB 0x0000000084b00000| Complete 
|  76|0x0000000084c00000, 0x0000000084d00000, 0x0000000084d00000|100%|HC|  |TAMS 0x0000000084c00000| PB 0x0000000084c00000| Complete 
|  77|0x0000000084d00000, 0x0000000084e00000, 0x0000000084e00000|100%|HC|  |TAMS 0x0000000084d00000| PB 0x0000000084d00000| Complete 
|  78|0x0000000084e00000, 0x0000000084f00000, 0x0000000084f00000|100%|HC|  |TAMS 0x0000000084e00000| PB 0x0000000084e00000| Complete 
|  79|0x0000000084f00000, 0x0000000085000000, 0x0000000085000000|100%|HC|  |TAMS 0x0000000084f00000| PB 0x0000000084f00000| Complete 
|  80|0x0000000085000000, 0x0000000085100000, 0x0000000085100000|100%|HS|  |TAMS 0x0000000085000000| PB 0x0000000085000000| Complete 
|  81|0x0000000085100000, 0x0000000085200000, 0x0000000085200000|100%|HS|  |TAMS 0x0000000085100000| PB 0x0000000085100000| Complete 
|  82|0x0000000085200000, 0x0000000085300000, 0x0000000085300000|100%| O|  |TAMS 0x0000000085200000| PB 0x0000000085200000| Untracked 
|  83|0x0000000085300000, 0x0000000085400000, 0x0000000085400000|100%| O|  |TAMS 0x0000000085300000| PB 0x0000000085300000| Untracked 
|  84|0x0000000085400000, 0x0000000085500000, 0x0000000085500000|100%| S|  |TAMS 0x0000000085400000| PB 0x0000000085400000| Complete 
|  85|0x0000000085500000, 0x0000000085600000, 0x0000000085600000|100%| S|  |TAMS 0x0000000085500000| PB 0x0000000085500000| Complete 
|  86|0x0000000085600000, 0x0000000085700000, 0x0000000085700000|100%| S|  |TAMS 0x0000000085600000| PB 0x0000000085600000| Complete 
|  87|0x0000000085700000, 0x0000000085800000, 0x0000000085800000|100%| S|  |TAMS 0x0000000085700000| PB 0x0000000085700000| Complete 
|  88|0x0000000085800000, 0x0000000085900000, 0x0000000085900000|100%| E|CS|TAMS 0x0000000085800000| PB 0x0000000085800000| Complete 
|  89|0x0000000085900000, 0x0000000085930250, 0x0000000085a00000| 18%| E|CS|TAMS 0x0000000085900000| PB 0x0000000085900000| Complete 
|  90|0x0000000085a00000, 0x0000000085b00000, 0x0000000085b00000|100%| E|CS|TAMS 0x0000000085a00000| PB 0x0000000085a00000| Complete 
|  91|0x0000000085b00000, 0x0000000085c00000, 0x0000000085c00000|100%| E|CS|TAMS 0x0000000085b00000| PB 0x0000000085b00000| Complete 
|  92|0x0000000085c00000, 0x0000000085d00000, 0x0000000085d00000|100%| E|CS|TAMS 0x0000000085c00000| PB 0x0000000085c00000| Complete 
|  93|0x0000000085d00000, 0x0000000085e00000, 0x0000000085e00000|100%| E|CS|TAMS 0x0000000085d00000| PB 0x0000000085d00000| Complete 
|  94|0x0000000085e00000, 0x0000000085f00000, 0x0000000085f00000|100%| E|CS|TAMS 0x0000000085e00000| PB 0x0000000085e00000| Complete 
|  95|0x0000000085f00000, 0x0000000086000000, 0x0000000086000000|100%| E|CS|TAMS 0x0000000085f00000| PB 0x0000000085f00000| Complete 
|  96|0x0000000086000000, 0x0000000086100000, 0x0000000086100000|100%| E|CS|TAMS 0x0000000086000000| PB 0x0000000086000000| Complete 
|  97|0x0000000086100000, 0x0000000086200000, 0x0000000086200000|100%| E|CS|TAMS 0x0000000086100000| PB 0x0000000086100000| Complete 
|  98|0x0000000086200000, 0x0000000086300000, 0x0000000086300000|100%| E|CS|TAMS 0x0000000086200000| PB 0x0000000086200000| Complete 
|  99|0x0000000086300000, 0x0000000086400000, 0x0000000086400000|100%| E|CS|TAMS 0x0000000086300000| PB 0x0000000086300000| Complete 
| 100|0x0000000086400000, 0x0000000086500000, 0x0000000086500000|100%| E|CS|TAMS 0x0000000086400000| PB 0x0000000086400000| Complete 
| 101|0x0000000086500000, 0x0000000086600000, 0x0000000086600000|100%| E|CS|TAMS 0x0000000086500000| PB 0x0000000086500000| Complete 
| 102|0x0000000086600000, 0x0000000086700000, 0x0000000086700000|100%| E|CS|TAMS 0x0000000086600000| PB 0x0000000086600000| Complete 
| 103|0x0000000086700000, 0x0000000086800000, 0x0000000086800000|100%| E|CS|TAMS 0x0000000086700000| PB 0x0000000086700000| Complete 
| 104|0x0000000086800000, 0x0000000086900000, 0x0000000086900000|100%| E|CS|TAMS 0x0000000086800000| PB 0x0000000086800000| Complete 
| 105|0x0000000086900000, 0x0000000086a00000, 0x0000000086a00000|100%| E|CS|TAMS 0x0000000086900000| PB 0x0000000086900000| Complete 
| 106|0x0000000086a00000, 0x0000000086b00000, 0x0000000086b00000|100%| E|CS|TAMS 0x0000000086a00000| PB 0x0000000086a00000| Complete 
| 107|0x0000000086b00000, 0x0000000086c00000, 0x0000000086c00000|100%| E|CS|TAMS 0x0000000086b00000| PB 0x0000000086b00000| Complete 
| 108|0x0000000086c00000, 0x0000000086d00000, 0x0000000086d00000|100%| E|CS|TAMS 0x0000000086c00000| PB 0x0000000086c00000| Complete 
| 109|0x0000000086d00000, 0x0000000086e00000, 0x0000000086e00000|100%| E|CS|TAMS 0x0000000086d00000| PB 0x0000000086d00000| Complete 
| 110|0x0000000086e00000, 0x0000000086f00000, 0x0000000086f00000|100%| E|CS|TAMS 0x0000000086e00000| PB 0x0000000086e00000| Complete 
| 111|0x0000000086f00000, 0x0000000087000000, 0x0000000087000000|100%| E|CS|TAMS 0x0000000086f00000| PB 0x0000000086f00000| Complete 
| 112|0x0000000087000000, 0x0000000087100000, 0x0000000087100000|100%| E|CS|TAMS 0x0000000087000000| PB 0x0000000087000000| Complete 
| 113|0x0000000087100000, 0x0000000087200000, 0x0000000087200000|100%| E|CS|TAMS 0x0000000087100000| PB 0x0000000087100000| Complete 
| 114|0x0000000087200000, 0x0000000087300000, 0x0000000087300000|100%| E|CS|TAMS 0x0000000087200000| PB 0x0000000087200000| Complete 
| 115|0x0000000087300000, 0x0000000087400000, 0x0000000087400000|100%| E|CS|TAMS 0x0000000087300000| PB 0x0000000087300000| Complete 
| 116|0x0000000087400000, 0x0000000087500000, 0x0000000087500000|100%| E|CS|TAMS 0x0000000087400000| PB 0x0000000087400000| Complete 
| 117|0x0000000087500000, 0x0000000087600000, 0x0000000087600000|100%| E|CS|TAMS 0x0000000087500000| PB 0x0000000087500000| Complete 
| 118|0x0000000087600000, 0x0000000087700000, 0x0000000087700000|100%| E|CS|TAMS 0x0000000087600000| PB 0x0000000087600000| Complete 
| 119|0x0000000087700000, 0x0000000087800000, 0x0000000087800000|100%| E|CS|TAMS 0x0000000087700000| PB 0x0000000087700000| Complete 
| 120|0x0000000087800000, 0x0000000087900000, 0x0000000087900000|100%| E|CS|TAMS 0x0000000087800000| PB 0x0000000087800000| Complete 
| 121|0x0000000087900000, 0x0000000087a00000, 0x0000000087a00000|100%| E|CS|TAMS 0x0000000087900000| PB 0x0000000087900000| Complete 
| 122|0x0000000087a00000, 0x0000000087b00000, 0x0000000087b00000|100%| E|CS|TAMS 0x0000000087a00000| PB 0x0000000087a00000| Complete 
| 123|0x0000000087b00000, 0x0000000087c00000, 0x0000000087c00000|100%| E|CS|TAMS 0x0000000087b00000| PB 0x0000000087b00000| Complete 
| 124|0x0000000087c00000, 0x0000000087d00000, 0x0000000087d00000|100%| E|CS|TAMS 0x0000000087c00000| PB 0x0000000087c00000| Complete 
| 125|0x0000000087d00000, 0x0000000087e00000, 0x0000000087e00000|100%| S|  |TAMS 0x0000000087d00000| PB 0x0000000087d00000| Complete 
| 126|0x0000000087e00000, 0x0000000087f00000, 0x0000000087f00000|100%| S|  |TAMS 0x0000000087e00000| PB 0x0000000087e00000| Complete 
| 220|0x000000008dc00000, 0x000000008dd00000, 0x000000008dd00000|100%| E|CS|TAMS 0x000000008dc00000| PB 0x000000008dc00000| Complete 
| 221|0x000000008dd00000, 0x000000008de00000, 0x000000008de00000|100%| E|CS|TAMS 0x000000008dd00000| PB 0x000000008dd00000| Complete 
| 222|0x000000008de00000, 0x000000008df00000, 0x000000008df00000|100%| E|CS|TAMS 0x000000008de00000| PB 0x000000008de00000| Complete 
| 223|0x000000008df00000, 0x000000008e000000, 0x000000008e000000|100%| E|CS|TAMS 0x000000008df00000| PB 0x000000008df00000| Complete 
| 224|0x000000008e000000, 0x000000008e100000, 0x000000008e100000|100%| E|CS|TAMS 0x000000008e000000| PB 0x000000008e000000| Complete 
| 225|0x000000008e100000, 0x000000008e200000, 0x000000008e200000|100%| E|CS|TAMS 0x000000008e100000| PB 0x000000008e100000| Complete 
| 226|0x000000008e200000, 0x000000008e300000, 0x000000008e300000|100%| E|CS|TAMS 0x000000008e200000| PB 0x000000008e200000| Complete 
| 227|0x000000008e300000, 0x000000008e400000, 0x000000008e400000|100%| E|CS|TAMS 0x000000008e300000| PB 0x000000008e300000| Complete 
| 228|0x000000008e400000, 0x000000008e500000, 0x000000008e500000|100%| E|CS|TAMS 0x000000008e400000| PB 0x000000008e400000| Complete 
| 253|0x000000008fd00000, 0x000000008fe00000, 0x000000008fe00000|100%| E|CS|TAMS 0x000000008fd00000| PB 0x000000008fd00000| Complete 
|2040|0x00000000ff800000, 0x00000000ff900000, 0x00000000ff900000|100%| O|  |TAMS 0x00000000ff800000| PB 0x00000000ff800000| Untracked 
|2041|0x00000000ff900000, 0x00000000ffa00000, 0x00000000ffa00000|100%| O|  |TAMS 0x00000000ff900000| PB 0x00000000ff900000| Untracked 
|2042|0x00000000ffa00000, 0x00000000ffb00000, 0x00000000ffb00000|100%| O|  |TAMS 0x00000000ffa00000| PB 0x00000000ffa00000| Untracked 
|2043|0x00000000ffb00000, 0x00000000ffc00000, 0x00000000ffc00000|100%| O|  |TAMS 0x00000000ffb00000| PB 0x00000000ffb00000| Untracked 
|2044|0x00000000ffc00000, 0x00000000ffd00000, 0x00000000ffd00000|100%| O|  |TAMS 0x00000000ffc00000| PB 0x00000000ffc00000| Untracked 
|2045|0x00000000ffd00000, 0x00000000ffe00000, 0x00000000ffe00000|100%| O|  |TAMS 0x00000000ffd00000| PB 0x00000000ffd00000| Untracked 
|2046|0x00000000ffe00000, 0x00000000fff00000, 0x00000000fff00000|100%| O|  |TAMS 0x00000000ffe00000| PB 0x00000000ffe00000| Untracked 
|2047|0x00000000fff00000, 0x0000000100000000, 0x0000000100000000|100%| O|  |TAMS 0x00000000fff00000| PB 0x00000000fff00000| Untracked 

Card table byte_map: [0x0000020979990000,0x0000020979d90000] _byte_map_base: 0x0000020979590000

Marking Bits: (CMBitMap*) 0x0000020966f43e50
 Bits: [0x0000020979d90000, 0x000002097bd90000)

Polling page: 0x0000020964cc0000

Metaspace:

Usage:
  Non-class:     66.44 MB used.
      Class:     10.58 MB used.
       Both:     77.02 MB used.

Virtual space:
  Non-class space:      128.00 MB reserved,      67.31 MB ( 53%) committed,  2 nodes.
      Class space:        1.00 GB reserved,      11.38 MB (  1%) committed,  1 nodes.
             Both:        1.12 GB reserved,      78.69 MB (  7%) committed. 

Chunk freelists:
   Non-Class:  12.03 MB
       Class:  4.51 MB
        Both:  16.54 MB

MaxMetaspaceSize: unlimited
CompressedClassSpaceSize: 1.00 GB
Initial GC threshold: 21.00 MB
Current GC threshold: 117.12 MB
CDS: off
 - commit_granule_bytes: 65536.
 - commit_granule_words: 8192.
 - virtual_space_node_default_size: 8388608.
 - enlarge_chunks_in_place: 1.
 - use_allocation_guard: 0.


Internal statistics:

num_allocs_failed_limit: 6.
num_arena_births: 3040.
num_arena_deaths: 0.
num_vsnodes_births: 3.
num_vsnodes_deaths: 0.
num_space_committed: 1257.
num_space_uncommitted: 0.
num_chunks_returned_to_freelist: 6.
num_chunks_taken_from_freelist: 6108.
num_chunk_merges: 6.
num_chunk_splits: 4096.
num_chunks_enlarged: 2696.
num_inconsistent_stats: 0.

CodeHeap 'non-profiled nmethods': size=120000Kb used=3102Kb max_used=3102Kb free=116897Kb
 bounds [0x0000020971b10000, 0x0000020971e20000, 0x0000020979040000]
CodeHeap 'profiled nmethods': size=120000Kb used=9553Kb max_used=9878Kb free=110447Kb
 bounds [0x000002096a040000, 0x000002096a9f0000, 0x0000020971570000]
CodeHeap 'non-nmethods': size=5760Kb used=2783Kb max_used=2810Kb free=2976Kb
 bounds [0x0000020971570000, 0x0000020971840000, 0x0000020971b10000]
 total_blobs=6266 nmethods=5342 adapters=827
 compilation: enabled
              stopped_count=0, restarted_count=0
 full_count=0

Compilation events (20 events):
Event: 8.980 Thread 0x000002097eb98240 6346       3       java.util.zip.ZipFile$ZipEntryIterator::hasMoreElements (5 bytes)
Event: 8.980 Thread 0x000002097eb98240 nmethod 6346 0x000002096a377190 code [0x000002096a377340, 0x000002096a377508]
Event: 8.980 Thread 0x000002097eb98240 6345       3       org.jetbrains.kotlin.com.intellij.openapi.vfs.impl.ArchiveHandler::directoryEntry (144 bytes)
Event: 8.980 Thread 0x00000209095c7000 nmethod 6344 0x0000020971e15a10 code [0x0000020971e15bc0, 0x0000020971e16098]
Event: 8.980 Thread 0x00000209095c7000 6349       4       org.jetbrains.kotlin.com.intellij.openapi.vfs.impl.ZipEntryMap::get (82 bytes)
Event: 8.981 Thread 0x000002097eb98240 nmethod 6345 0x000002096a480e90 code [0x000002096a4811c0, 0x000002096a4823b0]
Event: 8.981 Thread 0x000002097eb98240 6348       3       org.jetbrains.kotlin.com.intellij.openapi.vfs.impl.ZipEntryMap::isTheOne (139 bytes)
Event: 8.981 Thread 0x000002097eb98240 nmethod 6348 0x000002096a7b1210 code [0x000002096a7b1480, 0x000002096a7b1db0]
Event: 8.986 Thread 0x000002097eb98240 6351       3       org.jetbrains.kotlin.com.intellij.util.SmartList::add (94 bytes)
Event: 8.986 Thread 0x000002097eb98240 nmethod 6351 0x000002096a1ee110 code [0x000002096a1ee300, 0x000002096a1eeaa0]
Event: 8.986 Thread 0x000002097eb98240 6353       3       org.jetbrains.kotlin.com.intellij.util.containers.FactoryMap::get (69 bytes)
Event: 8.987 Thread 0x000002097eb98240 nmethod 6353 0x000002096a6ef310 code [0x000002096a6ef5c0, 0x000002096a6f0478]
Event: 8.987 Thread 0x000002097eb98240 6352       3       org.jetbrains.kotlin.com.intellij.util.containers.FactoryMap$1::create (11 bytes)
Event: 8.987 Thread 0x000002097eb98240 nmethod 6352 0x000002096a4e0410 code [0x000002096a4e05c0, 0x000002096a4e0790]
Event: 8.989 Thread 0x000002097eb98240 6355       2       java.util.ArrayList::toArray (57 bytes)
Event: 8.989 Thread 0x000002097eb98240 nmethod 6355 0x000002096a1eda90 code [0x000002096a1edc60, 0x000002096a1edfb8]
Event: 8.990 Thread 0x000002097eb98240 6356       3       org.jetbrains.kotlin.com.intellij.openapi.vfs.impl.ZipEntryMap::put (13 bytes)
Event: 8.990 Thread 0x000002097eb98240 nmethod 6356 0x000002096a10c190 code [0x000002096a10c340, 0x000002096a10c638]
Event: 8.992 Thread 0x00000209095c7000 nmethod 6349 0x0000020971e16290 code [0x0000020971e164e0, 0x0000020971e16fe0]
Event: 8.992 Thread 0x00000209095c7000 6350       4       org.jetbrains.kotlin.com.intellij.openapi.vfs.impl.ZipEntryMap::isTheOne (139 bytes)

GC Heap History (20 events):
Event: 3.796 GC heap after
{Heap after GC invocations=10 (full 0):
 garbage-first heap   total 82944K, used 44892K [0x0000000080000000, 0x0000000100000000)
  region size 1024K, 3 young (3072K), 3 survivors (3072K)
 Metaspace       used 38702K, committed 39680K, reserved 1114112K
  class space    used 5274K, committed 5760K, reserved 1048576K
}
Event: 4.088 GC heap before
{Heap before GC invocations=10 (full 0):
 garbage-first heap   total 82944K, used 72540K [0x0000000080000000, 0x0000000100000000)
  region size 1024K, 30 young (30720K), 3 survivors (3072K)
 Metaspace       used 42412K, committed 43712K, reserved 1114112K
  class space    used 5879K, committed 6528K, reserved 1048576K
}
Event: 4.092 GC heap after
{Heap after GC invocations=11 (full 0):
 garbage-first heap   total 82944K, used 46318K [0x0000000080000000, 0x0000000100000000)
  region size 1024K, 4 young (4096K), 4 survivors (4096K)
 Metaspace       used 42412K, committed 43712K, reserved 1114112K
  class space    used 5879K, committed 6528K, reserved 1048576K
}
Event: 4.458 GC heap before
{Heap before GC invocations=11 (full 0):
 garbage-first heap   total 82944K, used 71918K [0x0000000080000000, 0x0000000100000000)
  region size 1024K, 30 young (30720K), 4 survivors (4096K)
 Metaspace       used 48204K, committed 49536K, reserved 1114112K
  class space    used 6584K, committed 7232K, reserved 1048576K
}
Event: 4.463 GC heap after
{Heap after GC invocations=12 (full 0):
 garbage-first heap   total 107520K, used 49056K [0x0000000080000000, 0x0000000100000000)
  region size 1024K, 4 young (4096K), 4 survivors (4096K)
 Metaspace       used 48204K, committed 49536K, reserved 1114112K
  class space    used 6584K, committed 7232K, reserved 1048576K
}
Event: 4.845 GC heap before
{Heap before GC invocations=13 (full 0):
 garbage-first heap   total 107520K, used 97184K [0x0000000080000000, 0x0000000100000000)
  region size 1024K, 47 young (48128K), 4 survivors (4096K)
 Metaspace       used 51772K, committed 53184K, reserved 1114112K
  class space    used 6920K, committed 7616K, reserved 1048576K
}
Event: 4.850 GC heap after
{Heap after GC invocations=14 (full 0):
 garbage-first heap   total 107520K, used 53720K [0x0000000080000000, 0x0000000100000000)
  region size 1024K, 6 young (6144K), 6 survivors (6144K)
 Metaspace       used 51772K, committed 53184K, reserved 1114112K
  class space    used 6920K, committed 7616K, reserved 1048576K
}
Event: 5.358 GC heap before
{Heap before GC invocations=14 (full 0):
 garbage-first heap   total 107520K, used 95704K [0x0000000080000000, 0x0000000100000000)
  region size 1024K, 45 young (46080K), 6 survivors (6144K)
 Metaspace       used 56243K, committed 57728K, reserved 1114112K
  class space    used 7668K, committed 8384K, reserved 1048576K
}
Event: 5.364 GC heap after
{Heap after GC invocations=15 (full 0):
 garbage-first heap   total 107520K, used 58952K [0x0000000080000000, 0x0000000100000000)
  region size 1024K, 4 young (4096K), 4 survivors (4096K)
 Metaspace       used 56243K, committed 57728K, reserved 1114112K
  class space    used 7668K, committed 8384K, reserved 1048576K
}
Event: 6.813 GC heap before
{Heap before GC invocations=15 (full 0):
 garbage-first heap   total 107520K, used 69192K [0x0000000080000000, 0x0000000100000000)
  region size 1024K, 15 young (15360K), 4 survivors (4096K)
 Metaspace       used 56510K, committed 58048K, reserved 1114112K
  class space    used 7673K, committed 8448K, reserved 1048576K
}
Event: 6.816 GC heap after
{Heap after GC invocations=16 (full 0):
 garbage-first heap   total 107520K, used 60885K [0x0000000080000000, 0x0000000100000000)
  region size 1024K, 3 young (3072K), 3 survivors (3072K)
 Metaspace       used 56510K, committed 58048K, reserved 1114112K
  class space    used 7673K, committed 8448K, reserved 1048576K
}
Event: 7.049 GC heap before
{Heap before GC invocations=17 (full 0):
 garbage-first heap   total 114688K, used 105941K [0x0000000080000000, 0x0000000100000000)
  region size 1024K, 34 young (34816K), 3 survivors (3072K)
 Metaspace       used 58898K, committed 60416K, reserved 1114112K
  class space    used 7888K, committed 8640K, reserved 1048576K
}
Event: 7.052 GC heap after
{Heap after GC invocations=18 (full 0):
 garbage-first heap   total 138240K, used 76239K [0x0000000080000000, 0x0000000100000000)
  region size 1024K, 5 young (5120K), 5 survivors (5120K)
 Metaspace       used 58898K, committed 60416K, reserved 1114112K
  class space    used 7888K, committed 8640K, reserved 1048576K
}
Event: 7.536 GC heap before
{Heap before GC invocations=18 (full 0):
 garbage-first heap   total 138240K, used 116175K [0x0000000080000000, 0x0000000100000000)
  region size 1024K, 44 young (45056K), 5 survivors (5120K)
 Metaspace       used 64204K, committed 65792K, reserved 1114112K
  class space    used 9012K, committed 9792K, reserved 1048576K
}
Event: 7.540 GC heap after
{Heap after GC invocations=19 (full 0):
 garbage-first heap   total 138240K, used 76579K [0x0000000080000000, 0x0000000100000000)
  region size 1024K, 5 young (5120K), 5 survivors (5120K)
 Metaspace       used 64204K, committed 65792K, reserved 1114112K
  class space    used 9012K, committed 9792K, reserved 1048576K
}
Event: 8.055 GC heap before
{Heap before GC invocations=19 (full 0):
 garbage-first heap   total 138240K, used 118563K [0x0000000080000000, 0x0000000100000000)
  region size 1024K, 46 young (47104K), 5 survivors (5120K)
 Metaspace       used 70150K, committed 71680K, reserved 1114112K
  class space    used 9762K, committed 10496K, reserved 1048576K
}
Event: 8.059 GC heap after
{Heap after GC invocations=20 (full 0):
 garbage-first heap   total 138240K, used 77901K [0x0000000080000000, 0x0000000100000000)
  region size 1024K, 3 young (3072K), 3 survivors (3072K)
 Metaspace       used 70150K, committed 71680K, reserved 1114112K
  class space    used 9762K, committed 10496K, reserved 1048576K
}
Event: 8.645 GC heap before
{Heap before GC invocations=21 (full 0):
 garbage-first heap   total 138240K, used 128077K [0x0000000080000000, 0x0000000100000000)
  region size 1024K, 45 young (46080K), 3 survivors (3072K)
 Metaspace       used 76571K, committed 78208K, reserved 1179648K
  class space    used 10589K, committed 11392K, reserved 1048576K
}
Event: 8.648 GC heap after
{Heap after GC invocations=22 (full 0):
 garbage-first heap   total 138240K, used 78743K [0x0000000080000000, 0x0000000100000000)
  region size 1024K, 4 young (4096K), 4 survivors (4096K)
 Metaspace       used 76571K, committed 78208K, reserved 1179648K
  class space    used 10589K, committed 11392K, reserved 1048576K
}
Event: 8.993 GC heap before
{Heap before GC invocations=22 (full 0):
 garbage-first heap   total 138240K, used 130967K [0x0000000080000000, 0x0000000100000000)
  region size 1024K, 47 young (48128K), 4 survivors (4096K)
 Metaspace       used 78871K, committed 80576K, reserved 1179648K
  class space    used 10835K, committed 11648K, reserved 1048576K
}

Dll operation events (3 events):
Event: 0.010 Loaded shared library C:\Program Files\Android\Android Studio\jbr\bin\java.dll
Event: 0.017 Loaded shared library C:\Program Files\Android\Android Studio\jbr\bin\zip.dll
Event: 0.517 Loaded shared library C:\Program Files\Android\Android Studio\jbr\bin\verify.dll

Deoptimization events (20 events):
Event: 8.980 Thread 0x0000020905413d70 Uncommon trap: trap_request=0xffffff45 fr.pc=0x0000020971e0b210 relative=0x00000000000005f0
Event: 8.980 Thread 0x0000020905413d70 Uncommon trap: reason=unstable_if action=reinterpret pc=0x0000020971e0b210 method=org.jetbrains.kotlin.com.intellij.openapi.vfs.impl.ZipEntryMap.isTheOne(Lorg/jetbrains/kotlin/com/intellij/openapi/vfs/impl/ArchiveHandler$EntryInfo;Ljava/lang/CharSequence;
Event: 8.980 Thread 0x0000020905413d70 DEOPT PACKING pc=0x0000020971e0b210 sp=0x000000e7053f5120
Event: 8.980 Thread 0x0000020905413d70 DEOPT UNPACKING pc=0x00000209715c46a2 sp=0x000000e7053f50d8 mode 2
Event: 8.985 Thread 0x0000020905413d70 Uncommon trap: trap_request=0xffffff45 fr.pc=0x0000020971e0f2d4 relative=0x0000000000000294
Event: 8.985 Thread 0x0000020905413d70 Uncommon trap: reason=unstable_if action=reinterpret pc=0x0000020971e0f2d4 method=org.jetbrains.kotlin.com.intellij.util.SmartList.add(Ljava/lang/Object;)Z @ 6 c2
Event: 8.985 Thread 0x0000020905413d70 DEOPT PACKING pc=0x0000020971e0f2d4 sp=0x000000e7053f5310
Event: 8.985 Thread 0x0000020905413d70 DEOPT UNPACKING pc=0x00000209715c46a2 sp=0x000000e7053f52d0 mode 2
Event: 8.986 Thread 0x0000020905413d70 Uncommon trap: trap_request=0xffffff45 fr.pc=0x0000020971e13f1c relative=0x000000000000073c
Event: 8.986 Thread 0x0000020905413d70 Uncommon trap: reason=unstable_if action=reinterpret pc=0x0000020971e13f1c method=org.jetbrains.kotlin.com.intellij.util.containers.FactoryMap.getMap()Ljava/util/Map; @ 6 c2
Event: 8.986 Thread 0x0000020905413d70 DEOPT PACKING pc=0x0000020971e13f1c sp=0x000000e7053f5480
Event: 8.986 Thread 0x0000020905413d70 DEOPT UNPACKING pc=0x00000209715c46a2 sp=0x000000e7053f53c0 mode 2
Event: 8.989 Thread 0x0000020905413d70 Uncommon trap: trap_request=0xffffffdc fr.pc=0x0000020971e15e50 relative=0x0000000000000290
Event: 8.989 Thread 0x0000020905413d70 Uncommon trap: reason=class_check action=make_not_entrant pc=0x0000020971e15e50 method=java.util.ArrayList.toArray([Ljava/lang/Object;)[Ljava/lang/Object; @ 21 c2
Event: 8.989 Thread 0x0000020905413d70 DEOPT PACKING pc=0x0000020971e15e50 sp=0x000000e7053f5480
Event: 8.989 Thread 0x0000020905413d70 DEOPT UNPACKING pc=0x00000209715c46a2 sp=0x000000e7053f5440 mode 2
Event: 8.990 Thread 0x0000020905413d70 Uncommon trap: trap_request=0xffffff45 fr.pc=0x0000020971e08c48 relative=0x0000000000000448
Event: 8.990 Thread 0x0000020905413d70 Uncommon trap: reason=unstable_if action=reinterpret pc=0x0000020971e08c48 method=org.jetbrains.kotlin.com.intellij.openapi.vfs.impl.ZipEntryMap.put(Ljava/lang/String;Lorg/jetbrains/kotlin/com/intellij/openapi/vfs/impl/ArchiveHandler$EntryInfo;[Lorg/jetbr
Event: 8.990 Thread 0x0000020905413d70 DEOPT PACKING pc=0x0000020971e08c48 sp=0x000000e7053f51d0
Event: 8.990 Thread 0x0000020905413d70 DEOPT UNPACKING pc=0x00000209715c46a2 sp=0x000000e7053f5090 mode 2

Classes loaded (20 events):
Event: 8.788 Loading class java/io/IOError
Event: 8.788 Loading class java/io/IOError done
Event: 8.794 Loading class java/nio/channels/FileChannel$MapMode
Event: 8.794 Loading class java/nio/channels/FileChannel$MapMode done
Event: 8.794 Loading class jdk/internal/misc/ExtendedMapMode
Event: 8.794 Loading class jdk/internal/misc/ExtendedMapMode done
Event: 8.795 Loading class sun/nio/ch/FileChannelImpl$DefaultUnmapper
Event: 8.795 Loading class sun/nio/ch/FileChannelImpl$Unmapper
Event: 8.795 Loading class jdk/internal/access/foreign/UnmapperProxy
Event: 8.795 Loading class jdk/internal/access/foreign/UnmapperProxy done
Event: 8.795 Loading class sun/nio/ch/FileChannelImpl$Unmapper done
Event: 8.795 Loading class sun/nio/ch/FileChannelImpl$DefaultUnmapper done
Event: 8.795 Loading class sun/nio/ch/Util$4
Event: 8.795 Loading class sun/nio/ch/Util$4 done
Event: 8.795 Loading class java/lang/foreign/MemorySegment
Event: 8.796 Loading class java/lang/foreign/MemorySegment done
Event: 8.798 Loading class java/io/UTFDataFormatException
Event: 8.798 Loading class java/io/UTFDataFormatException done
Event: 8.827 Loading class java/util/zip/ZipFile$ZipEntryIterator
Event: 8.827 Loading class java/util/zip/ZipFile$ZipEntryIterator done

Classes unloaded (0 events):
No events

Classes redefined (0 events):
No events

Internal exceptions (20 events):
Event: 8.018 Thread 0x0000020905413d70 Exception <a 'java/lang/NoSuchMethodError'{0x000000008605b5c0}: 'long java.lang.invoke.DirectMethodHandle$Holder.invokeStatic(java.lang.Object)'> (0x000000008605b5c0) 
thrown [s\src\hotspot\share\interpreter\linkResolver.cpp, line 784]
Event: 8.018 Thread 0x0000020905413d70 Exception <a 'java/lang/NoSuchMethodError'{0x0000000086060150}: 'long java.lang.invoke.DirectMethodHandle$Holder.invokeStaticInit(java.lang.Object)'> (0x0000000086060150) 
thrown [s\src\hotspot\share\interpreter\linkResolver.cpp, line 784]
Event: 8.078 Thread 0x0000020905413d70 Exception <a 'java/lang/NoSuchMethodError'{0x000000008e455370}: 'void java.lang.invoke.DirectMethodHandle$Holder.invokeStaticInit(java.lang.Object)'> (0x000000008e455370) 
thrown [s\src\hotspot\share\interpreter\linkResolver.cpp, line 784]
Event: 8.090 Thread 0x0000020905413d70 Exception <a 'java/lang/NoSuchMethodError'{0x000000008e4d7df8}: 'void java.lang.invoke.DelegatingMethodHandle$Holder.reinvoke_L(java.lang.Object, java.lang.Object, java.lang.Object, long, java.lang.Object)'> (0x000000008e4d7df8) 
thrown [s\src\hotspot\share\interpreter\linkResolver.cpp, line 784]
Event: 8.091 Thread 0x0000020905413d70 Exception <a 'java/lang/NoSuchMethodError'{0x000000008e4e6f98}: 'void java.lang.invoke.DelegatingMethodHandle$Holder.reinvoke_L(java.lang.Object, java.lang.Object, java.lang.Object, long, long)'> (0x000000008e4e6f98) 
thrown [s\src\hotspot\share\interpreter\linkResolver.cpp, line 784]
Event: 8.091 Thread 0x0000020905413d70 Exception <a 'java/lang/NoSuchMethodError'{0x000000008e4ef460}: 'java.lang.Object java.lang.invoke.DirectMethodHandle$Holder.invokeSpecial(java.lang.Object, java.lang.Object, java.lang.Object, java.lang.Object, long)'> (0x000000008e4ef460) 
thrown [s\src\hotspot\share\interpreter\linkResolver.cpp, line 784]
Event: 8.092 Thread 0x0000020905413d70 Exception <a 'java/lang/NoSuchMethodError'{0x000000008e4ff370}: 'int java.lang.invoke.DelegatingMethodHandle$Holder.reinvoke_L(java.lang.Object, java.lang.Object, java.lang.Object, long, java.lang.Object, java.lang.Object)'> (0x000000008e4ff370) 
thrown [s\src\hotspot\share\interpreter\linkResolver.cpp, line 784]
Event: 8.093 Thread 0x0000020905413d70 Exception <a 'java/lang/NoSuchMethodError'{0x000000008e30ee48}: 'int java.lang.invoke.DelegatingMethodHandle$Holder.reinvoke_L(java.lang.Object, java.lang.Object, java.lang.Object, long, int, int)'> (0x000000008e30ee48) 
thrown [s\src\hotspot\share\interpreter\linkResolver.cpp, line 784]
Event: 8.093 Thread 0x0000020905413d70 Exception <a 'java/lang/NoSuchMethodError'{0x000000008e31e418}: 'int java.lang.invoke.DelegatingMethodHandle$Holder.reinvoke_L(java.lang.Object, java.lang.Object, java.lang.Object, long, long, long)'> (0x000000008e31e418) 
thrown [s\src\hotspot\share\interpreter\linkResolver.cpp, line 784]
Event: 8.094 Thread 0x0000020905413d70 Exception <a 'java/lang/NoSuchMethodError'{0x000000008e32d690}: 'int java.lang.invoke.DelegatingMethodHandle$Holder.reinvoke_L(java.lang.Object, java.lang.Object, java.lang.Object, long, int)'> (0x000000008e32d690) 
thrown [s\src\hotspot\share\interpreter\linkResolver.cpp, line 784]
Event: 8.095 Thread 0x0000020905413d70 Exception <a 'java/lang/NoSuchMethodError'{0x000000008e33f820}: 'long java.lang.invoke.DelegatingMethodHandle$Holder.reinvoke_L(java.lang.Object, java.lang.Object, java.lang.Object, long)'> (0x000000008e33f820) 
thrown [s\src\hotspot\share\interpreter\linkResolver.cpp, line 784]
Event: 8.095 Thread 0x0000020905413d70 Exception <a 'java/lang/NoSuchMethodError'{0x000000008e352ac8}: 'void java.lang.invoke.DelegatingMethodHandle$Holder.reinvoke_L(java.lang.Object, java.lang.Object, java.lang.Object, long, java.lang.Object, long, long)'> (0x000000008e352ac8) 
thrown [s\src\hotspot\share\interpreter\linkResolver.cpp, line 784]
Event: 8.096 Thread 0x0000020905413d70 Exception <a 'java/lang/NoSuchMethodError'{0x000000008e35ac00}: 'long java.lang.invoke.Invokers$Holder.invokeExact_MT(java.lang.Object, java.lang.Object, java.lang.Object)'> (0x000000008e35ac00) 
thrown [s\src\hotspot\share\interpreter\linkResolver.cpp, line 784]
Event: 8.096 Thread 0x0000020905413d70 Exception <a 'java/lang/NoSuchMethodError'{0x000000008e35fc48}: 'int java.lang.invoke.Invokers$Holder.invokeExact_MT(java.lang.Object, java.lang.Object, java.lang.Object)'> (0x000000008e35fc48) 
thrown [s\src\hotspot\share\interpreter\linkResolver.cpp, line 784]
Event: 8.547 Thread 0x0000020905413d70 Exception <a 'java/lang/NoSuchMethodError'{0x00000000864e7930}: 'java.lang.Object java.lang.invoke.DirectMethodHandle$Holder.invokeStatic(java.lang.Object, java.lang.Object, java.lang.Object, java.lang.Object, int, java.lang.Object)'> (0x00000000864e7930) 
thrown [s\src\hotspot\share\interpreter\linkResolver.cpp, line 784]
Event: 8.760 Thread 0x0000020905413d70 Exception <a 'java/lang/NoSuchMethodError'{0x000000008dfdfea0}: 'java.lang.Object java.lang.invoke.Invokers$Holder.invokeExact_MT(java.lang.Object, java.lang.Object, long, java.lang.Object)'> (0x000000008dfdfea0) 
thrown [s\src\hotspot\share\interpreter\linkResolver.cpp, line 784]
Event: 8.796 Thread 0x0000020905413d70 Exception <a 'java/lang/NoSuchMethodError'{0x000000008dc24bb0}: 'long java.lang.invoke.DirectMethodHandle$Holder.invokeStatic(java.lang.Object, java.lang.Object, int)'> (0x000000008dc24bb0) 
thrown [s\src\hotspot\share\interpreter\linkResolver.cpp, line 784]
Event: 8.797 Thread 0x0000020905413d70 Exception <a 'java/lang/NoSuchMethodError'{0x000000008dc31328}: 'java.lang.Object java.lang.invoke.DelegatingMethodHandle$Holder.reinvoke_L(java.lang.Object, int, long, java.lang.Object, java.lang.Object, int, java.lang.Object)'> (0x000000008dc31328) 
thrown [s\src\hotspot\share\interpreter\linkResolver.cpp, line 784]
Event: 8.827 Thread 0x0000020905413d70 Implicit null exception at 0x0000020971d29f6f to 0x0000020971d2ab74
Event: 8.986 Thread 0x0000020905413d70 Implicit null exception at 0x0000020971e13827 to 0x0000020971e13f08

ZGC Phase Switch (0 events):
No events

VM Operations (20 events):
Event: 7.153 Executing VM operation: HandshakeAllThreads (Deoptimize) done
Event: 7.536 Executing VM operation: G1CollectForAllocation (G1 Evacuation Pause)
Event: 7.540 Executing VM operation: G1CollectForAllocation (G1 Evacuation Pause) done
Event: 8.026 Executing VM operation: HandshakeAllThreads (Deoptimize)
Event: 8.026 Executing VM operation: HandshakeAllThreads (Deoptimize) done
Event: 8.055 Executing VM operation: G1CollectForAllocation (G1 Evacuation Pause)
Event: 8.059 Executing VM operation: G1CollectForAllocation (G1 Evacuation Pause) done
Event: 8.083 Executing VM operation: G1PauseRemark
Event: 8.086 Executing VM operation: G1PauseRemark done
Event: 8.100 Executing VM operation: G1PauseCleanup
Event: 8.101 Executing VM operation: G1PauseCleanup done
Event: 8.144 Executing VM operation: HandshakeAllThreads (Deoptimize)
Event: 8.144 Executing VM operation: HandshakeAllThreads (Deoptimize) done
Event: 8.145 Executing VM operation: HandshakeAllThreads (Deoptimize)
Event: 8.145 Executing VM operation: HandshakeAllThreads (Deoptimize) done
Event: 8.645 Executing VM operation: G1CollectForAllocation (G1 Evacuation Pause)
Event: 8.648 Executing VM operation: G1CollectForAllocation (G1 Evacuation Pause) done
Event: 8.654 Executing VM operation: HandshakeAllThreads (Deoptimize)
Event: 8.654 Executing VM operation: HandshakeAllThreads (Deoptimize) done
Event: 8.993 Executing VM operation: G1CollectForAllocation (G1 Evacuation Pause)

Memory protections (0 events):
No events

Nmethod flushes (20 events):
Event: 8.085 Thread 0x000002097eacd7a0 flushing  nmethod 0x000002096a492f90
Event: 8.085 Thread 0x000002097eacd7a0 flushing  nmethod 0x000002096a52a290
Event: 8.085 Thread 0x000002097eacd7a0 flushing  nmethod 0x000002096a52fa90
Event: 8.085 Thread 0x000002097eacd7a0 flushing  nmethod 0x000002096a596e10
Event: 8.085 Thread 0x000002097eacd7a0 flushing  nmethod 0x000002096a597210
Event: 8.085 Thread 0x000002097eacd7a0 flushing  nmethod 0x000002096a597a10
Event: 8.085 Thread 0x000002097eacd7a0 flushing  nmethod 0x000002096a63d990
Event: 8.085 Thread 0x000002097eacd7a0 flushing  nmethod 0x000002096a63e810
Event: 8.085 Thread 0x000002097eacd7a0 flushing  nmethod 0x000002096a641110
Event: 8.085 Thread 0x000002097eacd7a0 flushing  nmethod 0x000002096a777e90
Event: 8.085 Thread 0x000002097eacd7a0 flushing  nmethod 0x000002096a778f90
Event: 8.085 Thread 0x000002097eacd7a0 flushing  nmethod 0x000002096a779d90
Event: 8.085 Thread 0x000002097eacd7a0 flushing  nmethod 0x000002096a77a190
Event: 8.085 Thread 0x000002097eacd7a0 flushing  nmethod 0x000002096a880e10
Event: 8.085 Thread 0x000002097eacd7a0 flushing  nmethod 0x000002096a883590
Event: 8.085 Thread 0x000002097eacd7a0 flushing  nmethod 0x000002096a8e9390
Event: 8.085 Thread 0x000002097eacd7a0 flushing  nmethod 0x000002096a8e9810
Event: 8.085 Thread 0x000002097eacd7a0 flushing  nmethod 0x000002096a8eab90
Event: 8.085 Thread 0x000002097eacd7a0 flushing  nmethod 0x000002096a8ebe10
Event: 8.085 Thread 0x000002097eacd7a0 flushing  nmethod 0x000002096a8efa10

Events (20 events):
Event: 5.405 Thread 0x0000020905413d70 Thread added: 0x0000020906cc9240
Event: 5.405 Thread 0x0000020905413d70 Thread added: 0x0000020906cc7800
Event: 5.405 Thread 0x0000020905413d70 Thread added: 0x0000020906ccd3e0
Event: 5.433 Thread 0x0000020905413d70 Thread added: 0x0000020906ccda70
Event: 5.433 Thread 0x0000020905413d70 Thread added: 0x0000020906cccd50
Event: 5.434 Thread 0x0000020905413d70 Thread added: 0x0000020906cce790
Event: 5.434 Thread 0x0000020905413d70 Thread added: 0x0000020906cce100
Event: 5.435 Thread 0x0000020905413d70 Thread added: 0x0000020906ccb9a0
Event: 5.435 Thread 0x0000020905413d70 Thread added: 0x0000020906ccb310
Event: 5.435 Thread 0x0000020905413d70 Thread added: 0x0000020906ccee20
Event: 5.436 Thread 0x0000020905413d70 Thread added: 0x0000020906ccc030
Event: 5.436 Thread 0x0000020905413d70 Thread added: 0x0000020906ccc6c0
Event: 5.635 Thread 0x0000020906676a70 Thread exited: 0x0000020906676a70
Event: 5.761 Thread 0x000002097f0b4380 Thread exited: 0x000002097f0b4380
Event: 7.142 Thread 0x000002097eb98240 Thread added: 0x000002097f5e26d0
Event: 7.329 Thread 0x000002097f5e26d0 Thread exited: 0x000002097f5e26d0
Event: 8.585 Thread 0x000002097eb98240 Thread added: 0x0000020907f235e0
Event: 8.746 Thread 0x0000020907f235e0 Thread exited: 0x0000020907f235e0
Event: 8.848 Thread 0x000002097eb96840 Thread added: 0x00000209095c7000
Event: 8.864 Thread 0x000002097eb96840 Thread added: 0x0000020905f87e50


Dynamic libraries:
0x00007ff7fdd20000 - 0x00007ff7fdd2a000 	C:\Program Files\Android\Android Studio\jbr\bin\java.exe
0x00007ffa86ca0000 - 0x00007ffa86f00000 	C:\WINDOWS\SYSTEM32\ntdll.dll
0x00007ffa85490000 - 0x00007ffa85557000 	C:\WINDOWS\System32\KERNEL32.DLL
0x00007ffa83f20000 - 0x00007ffa842ea000 	C:\WINDOWS\System32\KERNELBASE.dll
0x00007ffa84920000 - 0x00007ffa84a6b000 	C:\WINDOWS\System32\ucrtbase.dll
0x00007ff9dde30000 - 0x00007ff9dde4b000 	C:\Program Files\Android\Android Studio\jbr\bin\VCRUNTIME140.dll
0x00007ffa7c0e0000 - 0x00007ffa7c0f8000 	C:\Program Files\Android\Android Studio\jbr\bin\jli.dll
0x00007ffa858f0000 - 0x00007ffa85abc000 	C:\WINDOWS\System32\USER32.dll
0x00007ffa84a70000 - 0x00007ffa84a97000 	C:\WINDOWS\System32\win32u.dll
0x00007ffa82fc0000 - 0x00007ffa83257000 	C:\WINDOWS\WinSxS\amd64_microsoft.windows.common-controls_6595b64144ccf1df_6.0.26100.3624_none_3e086962e3345f24\COMCTL32.dll
0x00007ffa851e0000 - 0x00007ffa8520a000 	C:\WINDOWS\System32\GDI32.dll
0x00007ffa85f10000 - 0x00007ffa85fb9000 	C:\WINDOWS\System32\msvcrt.dll
0x00007ffa842f0000 - 0x00007ffa84421000 	C:\WINDOWS\System32\gdi32full.dll
0x00007ffa84430000 - 0x00007ffa844d3000 	C:\WINDOWS\System32\msvcp_win.dll
0x00007ffa85660000 - 0x00007ffa8568f000 	C:\WINDOWS\System32\IMM32.DLL
0x00007ffa3dcb0000 - 0x00007ffa3dcbc000 	C:\Program Files\Android\Android Studio\jbr\bin\vcruntime140_1.dll
0x00007ffa498e0000 - 0x00007ffa4996d000 	C:\Program Files\Android\Android Studio\jbr\bin\msvcp140.dll
0x00007ff9dde50000 - 0x00007ff9deadb000 	C:\Program Files\Android\Android Studio\jbr\bin\server\jvm.dll
0x00007ffa86610000 - 0x00007ffa866c2000 	C:\WINDOWS\System32\ADVAPI32.dll
0x00007ffa866d0000 - 0x00007ffa86776000 	C:\WINDOWS\System32\sechost.dll
0x00007ffa86160000 - 0x00007ffa86276000 	C:\WINDOWS\System32\RPCRT4.dll
0x00007ffa85ac0000 - 0x00007ffa85b34000 	C:\WINDOWS\System32\WS2_32.dll
0x00007ffa83a40000 - 0x00007ffa83a9e000 	C:\WINDOWS\SYSTEM32\POWRPROF.dll
0x00007ffa73af0000 - 0x00007ffa73b26000 	C:\WINDOWS\SYSTEM32\WINMM.dll
0x00007ffa7b290000 - 0x00007ffa7b29b000 	C:\WINDOWS\SYSTEM32\VERSION.dll
0x00007ffa83a20000 - 0x00007ffa83a34000 	C:\WINDOWS\SYSTEM32\UMPDC.dll
0x00007ffa82320000 - 0x00007ffa8233a000 	C:\WINDOWS\SYSTEM32\kernel.appcore.dll
0x00007ffa08270000 - 0x00007ffa0827a000 	C:\Program Files\Android\Android Studio\jbr\bin\jimage.dll
0x00007ffa83690000 - 0x00007ffa838d1000 	C:\WINDOWS\SYSTEM32\DBGHELP.DLL
0x00007ffa86280000 - 0x00007ffa86602000 	C:\WINDOWS\System32\combase.dll
0x00007ffa856a0000 - 0x00007ffa85776000 	C:\WINDOWS\System32\OLEAUT32.dll
0x00007ffa83580000 - 0x00007ffa835b9000 	C:\WINDOWS\SYSTEM32\dbgcore.DLL
0x00007ffa83e80000 - 0x00007ffa83f19000 	C:\WINDOWS\System32\bcryptPrimitives.dll
0x00007ffa7c0d0000 - 0x00007ffa7c0de000 	C:\Program Files\Android\Android Studio\jbr\bin\instrument.dll
0x00007ff9dde10000 - 0x00007ff9dde30000 	C:\Program Files\Android\Android Studio\jbr\bin\java.dll
0x00007ff9dddf0000 - 0x00007ff9dde08000 	C:\Program Files\Android\Android Studio\jbr\bin\zip.dll
0x00007ffa84aa0000 - 0x00007ffa851c9000 	C:\WINDOWS\System32\SHELL32.dll
0x00007ffa846f0000 - 0x00007ffa84858000 	C:\WINDOWS\System32\wintypes.dll
0x00007ffa81080000 - 0x00007ffa818d2000 	C:\WINDOWS\SYSTEM32\windows.storage.dll
0x00007ffa853a0000 - 0x00007ffa8548d000 	C:\WINDOWS\System32\SHCORE.dll
0x00007ffa86030000 - 0x00007ffa86094000 	C:\WINDOWS\System32\shlwapi.dll
0x00007ffa83d90000 - 0x00007ffa83dbf000 	C:\WINDOWS\SYSTEM32\profapi.dll
0x00007ff9ddde0000 - 0x00007ff9dddf0000 	C:\Program Files\Android\Android Studio\jbr\bin\net.dll
0x00007ffa79aa0000 - 0x00007ffa79bbd000 	C:\WINDOWS\SYSTEM32\WINHTTP.dll
0x00007ffa827e0000 - 0x00007ffa8284a000 	C:\WINDOWS\system32\mswsock.dll
0x00007ff9dddc0000 - 0x00007ff9dddd6000 	C:\Program Files\Android\Android Studio\jbr\bin\nio.dll
0x00007ff9e74e0000 - 0x00007ff9e74f0000 	C:\Program Files\Android\Android Studio\jbr\bin\verify.dll
0x00007ffa7c390000 - 0x00007ffa7c3b7000 	C:\Users\Arthur\.gradle\native\c067742578af261105cb4f569cf0c3c89f3d7b1fecec35dd04571415982c5e48\windows-amd64\native-platform.dll
0x00007ffa024b0000 - 0x00007ffa025f4000 	C:\Users\Arthur\.gradle\native\100fb08df4bc3b14c8652ba06237920a3bd2aa13389f12d3474272988ae205f9\windows-amd64\native-platform-file-events.dll
0x00007ffa595a0000 - 0x00007ffa595a9000 	C:\Program Files\Android\Android Studio\jbr\bin\management.dll
0x00007ffa59590000 - 0x00007ffa5959b000 	C:\Program Files\Android\Android Studio\jbr\bin\management_ext.dll
0x00007ffa86020000 - 0x00007ffa86028000 	C:\WINDOWS\System32\PSAPI.DLL
0x00007ffa83a00000 - 0x00007ffa83a1c000 	C:\WINDOWS\SYSTEM32\CRYPTSP.dll
0x00007ffa82c30000 - 0x00007ffa82c6a000 	C:\WINDOWS\system32\rsaenh.dll
0x00007ffa82850000 - 0x00007ffa8287b000 	C:\WINDOWS\SYSTEM32\USERENV.dll
0x00007ffa83d60000 - 0x00007ffa83d86000 	C:\WINDOWS\SYSTEM32\bcrypt.dll
0x00007ffa82be0000 - 0x00007ffa82bec000 	C:\WINDOWS\SYSTEM32\CRYPTBASE.dll
0x00007ffa81d70000 - 0x00007ffa81da3000 	C:\WINDOWS\SYSTEM32\IPHLPAPI.DLL
0x00007ffa860a0000 - 0x00007ffa860aa000 	C:\WINDOWS\System32\NSI.dll
0x00007ff9dd8c0000 - 0x00007ff9dd8c9000 	C:\Program Files\Android\Android Studio\jbr\bin\extnet.dll
0x00007ffa0bb10000 - 0x00007ffa0bb18000 	C:\WINDOWS\system32\wshunix.dll

dbghelp: loaded successfully - version: 4.0.5 - missing functions: none
symbol engine: initialized successfully - sym options: 0x614 - pdb path: .;C:\Program Files\Android\Android Studio\jbr\bin;C:\WINDOWS\SYSTEM32;C:\WINDOWS\WinSxS\amd64_microsoft.windows.common-controls_6595b64144ccf1df_6.0.26100.3624_none_3e086962e3345f24;C:\Program Files\Android\Android Studio\jbr\bin\server;C:\Users\Arthur\.gradle\native\c067742578af261105cb4f569cf0c3c89f3d7b1fecec35dd04571415982c5e48\windows-amd64;C:\Users\Arthur\.gradle\native\100fb08df4bc3b14c8652ba06237920a3bd2aa13389f12d3474272988ae205f9\windows-amd64

VM Arguments:
jvm_args: --add-opens=java.base/java.lang=ALL-UNNAMED --add-opens=java.base/java.lang.invoke=ALL-UNNAMED --add-opens=java.base/java.util=ALL-UNNAMED --add-opens=java.prefs/java.util.prefs=ALL-UNNAMED --add-exports=jdk.compiler/com.sun.tools.javac.api=ALL-UNNAMED --add-exports=jdk.compiler/com.sun.tools.javac.util=ALL-UNNAMED --add-opens=java.base/java.util=ALL-UNNAMED --add-opens=java.prefs/java.util.prefs=ALL-UNNAMED --add-opens=java.base/java.nio.charset=ALL-UNNAMED --add-opens=java.base/java.net=ALL-UNNAMED --add-opens=java.base/java.util.concurrent.atomic=ALL-UNNAMED --add-opens=java.xml/javax.xml.namespace=ALL-UNNAMED -Xmx2048m -Dfile.encoding=UTF-8 -Duser.country=BR -Duser.language=pt -Duser.variant -javaagent:C:\Users\Arthur\.gradle\wrapper\dists\gradle-8.11.1-bin\bpt9gzteqjrbo1mjrsomdt32c\gradle-8.11.1\lib\agents\gradle-instrumentation-agent-8.11.1.jar 
java_command: org.gradle.launcher.daemon.bootstrap.GradleDaemon 8.11.1
java_class_path (initial): C:\Users\Arthur\.gradle\wrapper\dists\gradle-8.11.1-bin\bpt9gzteqjrbo1mjrsomdt32c\gradle-8.11.1\lib\gradle-daemon-main-8.11.1.jar
Launcher Type: SUN_STANDARD

[Global flags]
     intx CICompilerCount                          = 4                                         {product} {ergonomic}
     uint ConcGCThreads                            = 3                                         {product} {ergonomic}
     uint G1ConcRefinementThreads                  = 10                                        {product} {ergonomic}
   size_t G1HeapRegionSize                         = 1048576                                   {product} {ergonomic}
    uintx GCDrainStackTargetSize                   = 64                                        {product} {ergonomic}
   size_t InitialHeapSize                          = 266338304                                 {product} {ergonomic}
   size_t MarkStackSize                            = 4194304                                   {product} {ergonomic}
   size_t MaxHeapSize                              = 2147483648                                {product} {command line}
   size_t MaxNewSize                               = 1287651328                                {product} {ergonomic}
   size_t MinHeapDeltaBytes                        = 1048576                                   {product} {ergonomic}
   size_t MinHeapSize                              = 8388608                                   {product} {ergonomic}
    uintx NonNMethodCodeHeapSize                   = 5839372                                {pd product} {ergonomic}
    uintx NonProfiledCodeHeapSize                  = 122909434                              {pd product} {ergonomic}
    uintx ProfiledCodeHeapSize                     = 122909434                              {pd product} {ergonomic}
    uintx ReservedCodeCacheSize                    = 251658240                              {pd product} {ergonomic}
     bool SegmentedCodeCache                       = true                                      {product} {ergonomic}
   size_t SoftMaxHeapSize                          = 2147483648                             {manageable} {ergonomic}
     bool UseCompressedOops                        = true                           {product lp64_product} {ergonomic}
     bool UseG1GC                                  = true                                      {product} {ergonomic}
     bool UseLargePagesIndividualAllocation        = false                                  {pd product} {ergonomic}

Logging:
Log output configuration:
 #0: stdout all=warning uptime,level,tags foldmultilines=false
 #1: stderr all=off uptime,level,tags foldmultilines=false

Environment Variables:
PATH=C:\Program Files\Eclipse Adoptium\jdk-21.0.5.11-hotspot\bin;C:\Program Files (x86)\Common Files\Oracle\Java\java8path;C:\Program Files (x86)\Common Files\Oracle\Java\javapath;c:\windows\system32;c:\windows;c:\windows\system32\wbem;c:\windows\system32\windowspowershell\v1.0\;c:\windows\system32\openssh\;c:\program files\nvidia corporation\nvidia app\nvdlisr;C:\Program Files\Docker\Docker\resources\bin;C:\Program Files\dotnet\;C:\WINDOWS\system32;C:\WINDOWS;C:\WINDOWS\System32\Wbem;C:\WINDOWS\System32\WindowsPowerShell\v1.0\;C:\WINDOWS\System32\OpenSSH\;C:\Program Files (x86)\NVIDIA Corporation\PhysX\Common;C:\Program Files\Git\cmd;C:\Program Files\nodejs\;C:\gradle-8.13\bin;C:\apache-maven-3.9.9\bin;C:\Program Files\Go\bin;C:\Program Files\MySQL\MySQL Shell 8.0\bin\;C:\Users\Arthur\AppData\Local\Microsoft\WindowsApps;C:\Users\Arthur\AppData\Local\Programs\Microsoft VS Code\bin;C:\Program Files\sf\bin;C:\Users\Arthur\AppData\Roaming\npm;C:\Users\Arthur\AppData\Local\spicetify;C:\gradle-8.13\bin;C:\apache-maven-3.9.9\bin;C:\Users\Arthur\go\bin
USERNAME=Arthur
OS=Windows_NT
PROCESSOR_IDENTIFIER=Intel64 Family 6 Model 158 Stepping 10, GenuineIntel
TMP=C:\Users\Arthur\AppData\Local\Temp
TEMP=C:\Users\Arthur\AppData\Local\Temp




Periodic native trim disabled

JNI global refs:
JNI global refs: 29, weak refs: 2

JNI global refs memory usage: 835, weak refs: 833

Process memory usage:
Resident Set Size: 367040K (2% of 16610316K total physical memory with 6807116K free physical memory)

OOME stack traces (most recent first):
Classloader memory used:
Loader org.gradle.internal.classloader.VisitableURLClassLoader                         : 47158K
Loader bootstrap                                                                       : 22702K
Loader org.gradle.initialization.MixInLegacyTypesClassLoader                           : 6444K
Loader org.gradle.internal.classloader.VisitableURLClassLoader                         : 726K
Loader org.gradle.internal.classloader.VisitableURLClassLoader$InstrumentingVisitableURLClassLoader: 571K
Loader jdk.internal.loader.ClassLoaders$PlatformClassLoader                            : 522K
Loader jdk.internal.loader.ClassLoaders$AppClassLoader                                 : 232K
Loader jdk.internal.jrtfs.JrtFileSystemProvider$JrtFsLoader                            : 215K
Loader jdk.internal.reflect.DelegatingClassLoader                                      : 161K
Loader org.gradle.groovy.scripts.internal.DefaultScriptCompilationHandler$ScriptClassLoader: 88912B
Loader org.codehaus.groovy.runtime.callsite.CallSiteClassLoader                        : 49592B

Classes loaded by more than one classloader:
Class org.gradle.api.GradleException                                                  : loaded 3 times (x 78B)
Class org.gradle.internal.classloader.FilteringClassLoader                            : loaded 2 times (x 101B)
Class jdk.internal.jimage.BasicImageReader                                            : loaded 2 times (x 91B)
Class org.gradle.internal.classloader.ClassLoaderHierarchy                            : loaded 2 times (x 66B)
Class org.gradle.api.internal.classpath.ManifestUtil                                  : loaded 2 times (x 67B)
Class org.gradle.internal.operations.MultipleBuildOperationFailures                   : loaded 2 times (x 91B)
Class org.gradle.internal.classloader.DefaultClassLoaderFactory                       : loaded 2 times (x 78B)
Class kotlin.collections.AbstractList$Companion                                       : loaded 2 times (x 67B)
Class org.gradle.internal.classloader.ClassLoaderVisitor                              : loaded 2 times (x 72B)
Class org.gradle.api.internal.classpath.EffectiveClassPath                            : loaded 2 times (x 86B)
Class org.gradle.api.internal.DefaultClassPathProvider                                : loaded 2 times (x 72B)
Class [Lorg.gradle.api.internal.ClassPathProvider;                                    : loaded 2 times (x 65B)
Class org.gradle.api.internal.ClassPathProvider                                       : loaded 2 times (x 66B)
Class jdk.internal.jrtfs.SystemImage                                                  : loaded 2 times (x 70B)
Class org.gradle.internal.service.UnknownServiceException                             : loaded 2 times (x 79B)
Class org.gradle.internal.classpath.TransformedClassPath                              : loaded 2 times (x 92B)
Class org.gradle.internal.classloader.InstrumentingClassLoader                        : loaded 2 times (x 66B)
Class jdk.internal.jrtfs.SystemImage$1                                                : loaded 2 times (x 74B)
Class kotlin.enums.EnumEntriesList                                                    : loaded 2 times (x 219B)
Class jdk.internal.jrtfs.SystemImage$2                                                : loaded 2 times (x 72B)
Class org.gradle.internal.service.ServiceLocator                                      : loaded 2 times (x 66B)
Class jdk.internal.jrtfs.JrtFileSystemProvider                                        : loaded 2 times (x 97B)
Class jdk.internal.jrtfs.JrtDirectoryStream$1                                         : loaded 2 times (x 79B)
Class org.gradle.internal.InternalTransformer                                         : loaded 2 times (x 66B)
Class org.gradle.internal.time.DefaultTimer                                           : loaded 2 times (x 76B)
Class org.gradle.internal.classloader.ClasspathUtil$1                                 : loaded 2 times (x 72B)
Class org.gradle.api.internal.classpath.DefaultModuleRegistry$DefaultModule           : loaded 2 times (x 82B)
Class org.gradle.internal.time.DefaultCountdownTimer                                  : loaded 2 times (x 84B)
Class kotlin.Function                                                                 : loaded 2 times (x 66B)
Class org.gradle.api.internal.classpath.Module                                        : loaded 2 times (x 66B)
Class org.gradle.api.internal.classpath.UnknownModuleException                        : loaded 2 times (x 78B)
Class jdk.internal.jimage.ImageHeader                                                 : loaded 2 times (x 67B)
Class org.gradle.api.internal.DefaultClassPathRegistry                                : loaded 2 times (x 72B)
Class org.gradle.api.internal.ClassPathRegistry                                       : loaded 2 times (x 66B)
Class org.gradle.internal.classpath.DefaultClassPath$ImmutableUniqueList              : loaded 2 times (x 195B)
Class org.gradle.internal.classpath.ClassPath                                         : loaded 2 times (x 66B)
Class org.gradle.api.UncheckedIOException                                             : loaded 2 times (x 78B)
Class jdk.internal.jimage.ImageStringsReader                                          : loaded 2 times (x 76B)
Class kotlin.UninitializedPropertyAccessException                                     : loaded 2 times (x 78B)
Class jdk.internal.jimage.ImageReader                                                 : loaded 2 times (x 71B)
Class jdk.internal.jimage.ImageReader$SharedImageReader                               : loaded 2 times (x 91B)
Class org.gradle.internal.installation.GradleInstallation$1                           : loaded 2 times (x 71B)
Class org.gradle.api.internal.classpath.ModuleRegistry                                : loaded 2 times (x 66B)
Class jdk.internal.jimage.ImageReader$Node                                            : loaded 2 times (x 80B)
Class org.gradle.api.internal.classpath.DefaultModuleRegistry                         : loaded 2 times (x 82B)
Class jdk.internal.jimage.BasicImageReader$1                                          : loaded 2 times (x 73B)
Class ijInit1_e6rhdyd0wlcmkqshnqwd354xn                                               : loaded 2 times (x 175B)
Class jdk.internal.jimage.decompressor.Decompressor                                   : loaded 2 times (x 68B)
Class jdk.internal.jimage.ImageReader$Resource                                        : loaded 2 times (x 80B)
Class org.gradle.internal.time.MonotonicClock                                         : loaded 2 times (x 73B)
Class org.gradle.internal.service.ServiceLookupException                              : loaded 2 times (x 78B)
Class org.gradle.internal.classloader.ClassLoaderFactory                              : loaded 2 times (x 66B)
Class org.gradle.internal.service.CachingServiceLocator                               : loaded 2 times (x 78B)
Class org.gradle.internal.time.TimeSource                                             : loaded 2 times (x 66B)
Class kotlin.enums.EnumEntries                                                        : loaded 2 times (x 66B)
Class org.gradle.internal.exceptions.ResolutionProvider                               : loaded 2 times (x 66B)
Class jdk.internal.jrtfs.JrtPath                                                      : loaded 2 times (x 114B)
Class org.gradle.internal.classloader.ClasspathUtil                                   : loaded 2 times (x 67B)
Class org.gradle.internal.time.TimeSource$1                                           : loaded 2 times (x 73B)
Class kotlin.jvm.internal.DefaultConstructorMarker                                    : loaded 2 times (x 67B)
Class org.gradle.api.specs.Spec                                                       : loaded 2 times (x 66B)
Class org.gradle.internal.time.Clock                                                  : loaded 2 times (x 66B)
Class jdk.internal.jimage.ImageReader$Directory                                       : loaded 2 times (x 80B)
Class kotlin.collections.AbstractList                                                 : loaded 2 times (x 193B)
Class kotlin.collections.AbstractCollection                                           : loaded 2 times (x 113B)
Class sync_studio_tooling_6r4bks8ux8cubmy2b9twb17q2                                   : loaded 2 times (x 175B)
Class org.gradle.internal.classloader.VisitableURLClassLoader$InstrumentingVisitableURLClassLoader: loaded 2 times (x 119B)
Class org.gradle.internal.classloader.VisitableURLClassLoader$Spec                    : loaded 2 times (x 70B)
Class org.gradle.internal.classpath.DefaultClassPath                                  : loaded 2 times (x 86B)
Class org.gradle.internal.classloader.ClassLoaderSpec                                 : loaded 2 times (x 67B)
Class kotlin.Unit                                                                     : loaded 2 times (x 67B)
Class org.gradle.internal.classloader.VisitableURLClassLoader                         : loaded 2 times (x 113B)
Class org.gradle.internal.Cast                                                        : loaded 2 times (x 67B)
Class org.gradle.api.Action                                                           : loaded 2 times (x 66B)
Class kotlin.jvm.functions.Function1                                                  : loaded 2 times (x 66B)
Class org.gradle.internal.classpath.DefaultClassPath$ImmutableUniqueList$Builder      : loaded 2 times (x 71B)
Class kotlin.NotImplementedError                                                      : loaded 2 times (x 78B)
Class org.gradle.internal.exceptions.NonGradleCauseExceptionsHolder                   : loaded 2 times (x 66B)
Class jdk.internal.jimage.ImageStrings                                                : loaded 2 times (x 66B)
Class org.jetbrains.plugins.gradle.tooling.ModelBuilderService$Parameter              : loaded 2 times (x 66B)
Class kotlin.enums.EnumEntriesKt                                                      : loaded 2 times (x 67B)
Class org.gradle.internal.IoActions                                                   : loaded 2 times (x 67B)
Class org.gradle.internal.classloader.SystemClassLoaderSpec                           : loaded 2 times (x 67B)
Class org.gradle.internal.exceptions.MultiCauseException                              : loaded 2 times (x 66B)
Class org.gradle.internal.time.CountdownTimer                                         : loaded 2 times (x 66B)
Class kotlin.jvm.internal.Intrinsics                                                  : loaded 2 times (x 67B)
Class jdk.internal.jrtfs.JrtFileSystem                                                : loaded 2 times (x 98B)
Class org.gradle.tooling.model.ProjectModel                                           : loaded 2 times (x 66B)
Class kotlin.KotlinNullPointerException                                               : loaded 2 times (x 79B)
Class org.gradle.internal.exceptions.DefaultMultiCauseException                       : loaded 2 times (x 91B)
Class org.gradle.internal.time.Time                                                   : loaded 2 times (x 67B)
Class org.gradle.api.internal.classpath.GlobalCacheRootsProvider                      : loaded 2 times (x 66B)
Class org.gradle.internal.time.Timer                                                  : loaded 2 times (x 66B)
Class kotlin.jvm.internal.markers.KMappedMarker                                       : loaded 2 times (x 66B)
Class org.gradle.internal.installation.CurrentGradleInstallationLocator               : loaded 2 times (x 67B)
Class org.gradle.internal.service.DefaultServiceLocator                               : loaded 2 times (x 79B)
Class jdk.internal.jrtfs.JrtDirectoryStream                                           : loaded 2 times (x 85B)
Class org.gradle.util.GradleVersion                                                   : loaded 2 times (x 79B)
Class org.gradle.internal.installation.CurrentGradleInstallation                      : loaded 2 times (x 69B)
Class org.gradle.util.internal.GUtil                                                  : loaded 2 times (x 67B)
Class org.gradle.internal.installation.GradleInstallation                             : loaded 2 times (x 71B)

---------------  S Y S T E M  ---------------

OS:
 Windows 11 , 64 bit Build 26100 (10.0.26100.3775)
OS uptime: 0 days 0:10 hours
Hyper-V role detected

CPU: total 12 (initial active 12) (6 cores per cpu, 2 threads per core) family 6 model 158 stepping 10 microcode 0xde, cx8, cmov, fxsr, ht, mmx, 3dnowpref, sse, sse2, sse3, ssse3, sse4.1, sse4.2, popcnt, lzcnt, tsc, tscinvbit, avx, avx2, aes, erms, clmul, bmi1, bmi2, adx, fma, vzeroupper, clflush, clflushopt, hv, rdtscp, f16c
Processor Information for the first 12 processors :
  Max Mhz: 2592, Current Mhz: 2592, Mhz Limit: 2592

Memory: 4k page, system-wide physical 16221M (6647M free)
TotalPageFile size 23901M (AvailPageFile size 13518M)
current process WorkingSet (physical memory assigned to process): 358M, peak: 358M
current process commit charge ("private bytes"): 396M, peak: 397M

vm_info: OpenJDK 64-Bit Server VM (21.0.6+-13355223-b631.42) for windows-amd64 JRE (21.0.6+-13355223-b631.42), built on 2025-04-14T18:21:23Z by "builder" with MS VC++ 16.10 / 16.11 (VS2019)

END.
