#
# A fatal error has been detected by the Java Runtime Environment:
#
#  EXCEPTION_ACCESS_VIOLATION (0xc0000005) at pc=0x00007ff88c7584b9, pid=5760, tid=13720
#
# JRE version: OpenJDK Runtime Environment (21.0.6) (build 21.0.6+-13355223-b631.42)
# Java VM: OpenJDK 64-Bit Server VM (21.0.6+-13355223-b631.42, mixed mode, tiered, compressed oops, compressed class ptrs, g1 gc, windows-amd64)
# Problematic frame:
# V  [jvm.dll+0x7b84b9]
#
# No core dump will be written. Minidumps are not enabled by default on client versions of Windows
#
# If you would like to submit a bug report, please visit:
#   https://youtrack.jetbrains.com/issues/JBR
#

---------------  S U M M A R Y ------------

Command Line: --add-opens=java.base/java.lang=ALL-UNNAMED --add-opens=java.base/java.lang.invoke=ALL-UNNAMED --add-opens=java.base/java.util=ALL-UNNAMED --add-opens=java.prefs/java.util.prefs=ALL-UNNAMED --add-exports=jdk.compiler/com.sun.tools.javac.api=ALL-UNNAMED --add-exports=jdk.compiler/com.sun.tools.javac.util=ALL-UNNAMED --add-opens=java.base/java.util=ALL-UNNAMED --add-opens=java.prefs/java.util.prefs=ALL-UNNAMED --add-opens=java.base/java.nio.charset=ALL-UNNAMED --add-opens=java.base/java.net=ALL-UNNAMED --add-opens=java.base/java.util.concurrent.atomic=ALL-UNNAMED --add-opens=java.xml/javax.xml.namespace=ALL-UNNAMED -Xmx2048m -Dfile.encoding=UTF-8 -Duser.country=BR -Duser.language=pt -Duser.variant -javaagent:C:\Users\Arthur\.gradle\wrapper\dists\gradle-8.11.1-bin\bpt9gzteqjrbo1mjrsomdt32c\gradle-8.11.1\lib\agents\gradle-instrumentation-agent-8.11.1.jar org.gradle.launcher.daemon.bootstrap.GradleDaemon 8.11.1

Host: Intel(R) Core(TM) i7-9750H CPU @ 2.60GHz, 12 cores, 15G,  Windows 11 , 64 bit Build 26100 (10.0.26100.3912)
Time: Mon May 19 18:18:29 2025 Hora oficial do Brasil elapsed time: 4.510193 seconds (0d 0h 0m 4s)

---------------  T H R E A D  ---------------

Current thread (0x0000025f18ec8aa0):  JavaThread "C2 CompilerThread0" daemon [_thread_in_native, id=13720, stack(0x0000006b94100000,0x0000006b94200000) (1024K)]


Current CompileTask:
C2:4510 4760       4       java.net.URLClassLoader$1::run (5 bytes)

Stack: [0x0000006b94100000,0x0000006b94200000],  sp=0x0000006b941fc490,  free space=1009k
Native frames: (J=compiled Java code, j=interpreted, Vv=VM code, C=native code)
V  [jvm.dll+0x7b84b9]
V  [jvm.dll+0x6f9d8c]
V  [jvm.dll+0x6f8193]
V  [jvm.dll+0x248ae5]
V  [jvm.dll+0x24714e]
V  [jvm.dll+0x1c5f04]
V  [jvm.dll+0x2569ac]
V  [jvm.dll+0x254ef6]
V  [jvm.dll+0x3f0e56]
V  [jvm.dll+0x806e48]
V  [jvm.dll+0x6cee7d]
C  [ucrtbase.dll+0x37b0]
C  [KERNEL32.DLL+0x2e8d7]
C  [ntdll.dll+0x9c5dc]


siginfo: EXCEPTION_ACCESS_VIOLATION (0xc0000005), reading address 0x0000000000000000


Registers:
RAX=0x0000000000000000, RBX=0x0000025f1e1bc848, RCX=0x0000025f1e1bc848, RDX=0x0000006b941fc680
RSP=0x0000006b941fc490, RBP=0x0000006b941fc680, RSI=0x0000025f2057bc58, RDI=0x0000000000000000
R8 =0x0000025f18f31360, R9 =0x0000025f18f30d90, R10=0x0000000000001fff, R11=0x0000000000000400
R12=0x0000000000000000, R13=0x0000025f7fd8d240, R14=0x000000002057bcc0, R15=0x0000025f2057bcc0
RIP=0x00007ff88c7584b9, EFLAGS=0x0000000000010283

XMM[0]=0x0000025f203a8be8 0x0000025f203a3508
XMM[1]=0x0000025f1996c310 0x0000025f199699d0
XMM[2]=0x0000025f1996c480 0x0000025f1996b3e8
XMM[3]=0x0000000000000000 0x0000000000000000
XMM[4]=0x0000001001000000 0x0000000000000000
XMM[5]=0x0000025f203a4ce0 0x0000025f203a2d38
XMM[6]=0x0000000000000000 0x0000000000000000
XMM[7]=0x0000000000000000 0x0000000000000000
XMM[8]=0x0000000000000000 0x0000000000000000
XMM[9]=0x0000000000000000 0x0000000000000000
XMM[10]=0x0000000000000000 0x0000000000000000
XMM[11]=0x0000000000000000 0x0000000000000000
XMM[12]=0x0000000000000000 0x0000000000000000
XMM[13]=0x0000000000000000 0x0000000000000000
XMM[14]=0x0000000000000000 0x0000000000000000
XMM[15]=0x0000000000000000 0x0000000000000000
  MXCSR=0x00001fa0


Register to memory mapping:

RAX=0x0 is null
RBX=0x0000025f1e1bc848 points into unknown readable memory: 0x0000000000000000 | 00 00 00 00 00 00 00 00
RCX=0x0000025f1e1bc848 points into unknown readable memory: 0x0000000000000000 | 00 00 00 00 00 00 00 00
RDX=0x0000006b941fc680 is pointing into the stack for thread: 0x0000025f18ec8aa0
RSP=0x0000006b941fc490 is pointing into the stack for thread: 0x0000025f18ec8aa0
RBP=0x0000006b941fc680 is pointing into the stack for thread: 0x0000025f18ec8aa0
RSI=0x0000025f2057bc58 points into unknown readable memory: 0x00007ff88c954800 | 00 48 95 8c f8 7f 00 00
RDI=0x0 is null
R8 =0x0000025f18f31360 points into unknown readable memory: 0x00007ff88c984250 | 50 42 98 8c f8 7f 00 00
R9 =0x0000025f18f30d90 points into unknown readable memory: 0x00007ff88c842c58 | 58 2c 84 8c f8 7f 00 00
R10=0x0000000000001fff is an unknown value
R11=0x0000000000000400 is an unknown value
R12=0x0 is null
R13=0x0000025f7fd8d240 points into unknown readable memory: 0x00007ff88c908680 | 80 86 90 8c f8 7f 00 00
R14=0x000000002057bcc0 is an unknown value
R15=0x0000025f2057bcc0 points into unknown readable memory: 0x00007ff88c8cc480 | 80 c4 8c 8c f8 7f 00 00

Top of Stack: (sp=0x0000006b941fc490)
0x0000006b941fc490:   0000025f18f31360 00007ff88c756a36
0x0000006b941fc4a0:   0000025f2057bcc0 0000006b941fc680
0x0000006b941fc4b0:   0000025f2057bc58 0000000000004f68
0x0000006b941fc4c0:   0000000000000000 00007ff88c699d8c
0x0000006b941fc4d0:   0000025f2057bcc0 0000025f2057bcc0
0x0000006b941fc4e0:   00000000000009ed 0000006b941fc680
0x0000006b941fc4f0:   0000006b941fc680 00007ff88c698193
0x0000006b941fc500:   0000006b941fe720 0000025f2057bcc0
0x0000006b941fc510:   0000025f226c93c8 0000000000040298
0x0000006b941fc520:   0000000000000034 00007ff88c8f47d8
0x0000006b941fc530:   0000000000000034 00007ff88c1e8ae5
0x0000006b941fc540:   0000000000000000 0000025f18ec5380
0x0000006b941fc550:   0000006b941fe720 0000006b941fc640
0x0000006b941fc560:   0000000000000000 0000000000000000
0x0000006b941fc570:   0000000000000000 0000000000000000
0x0000006b941fc580:   0000000000000000 0000000000000000
0x0000006b941fc590:   0000000000000000 00007ff88c8f47d8
0x0000006b941fc5a0:   0000000000000000 0000000000000000
0x0000006b941fc5b0:   0000000000000000 00007ff88c8f47d8
0x0000006b941fc5c0:   0000000000000000 00007ff88c575e43
0x0000006b941fc5d0:   0000000000000031 0000000000000000
0x0000006b941fc5e0:   0000025f226c13e0 0000000000000000
0x0000006b941fc5f0:   0000000000000001 0000025f18e7a480
0x0000006b941fc600:   0000025f226c13e0 0000025f226c1990
0x0000006b941fc610:   0000025f226c93c8 0000000000040298
0x0000006b941fc620:   0000006b941f0000 0000000000000000
0x0000006b941fc630:   0000000000000000 0000025f18ec8a00
0x0000006b941fc640:   0000025f18e7a480 00007ff88c8f47c8
0x0000006b941fc650:   0000000000000000 0000000000000000
0x0000006b941fc660:   0000000000000000 00007ff88c8f47c8
0x0000006b941fc670:   0000000000000000 0000000000000000
0x0000006b941fc680:   00007ff88c96a558 0000000000000005 

Instructions: (pc=0x00007ff88c7584b9)
0x00007ff88c7583b9:   18 f3 0f 10 4b 18 0f 2f c8 77 21 48 8b 05 0d 9d
0x00007ff88c7583c9:   41 00 48 8b 5c 24 30 48 8b 7c 24 20 0f 2f c1 48
0x00007ff88c7583d9:   0f 47 05 f0 9c 41 00 48 83 c4 28 c3 48 8b 05 dc
0x00007ff88c7583e9:   9c 41 00 48 8b 5c 24 30 48 8b 7c 24 20 48 83 c4
0x00007ff88c7583f9:   28 c3 48 8b 05 be 9c 41 00 48 8b 5c 24 30 48 8b
0x00007ff88c758409:   7c 24 20 48 83 c4 28 c3 49 8b c0 48 83 c4 28 c3
0x00007ff88c758419:   cc cc cc cc cc cc cc 48 89 5c 24 10 48 89 6c 24
0x00007ff88c758429:   18 48 89 74 24 20 57 41 56 41 57 48 83 ec 20 48
0x00007ff88c758439:   8b 41 08 48 8b ea 4c 8b f9 48 8b 70 08 48 8b 58
0x00007ff88c758449:   10 48 85 f6 0f 84 f7 00 00 00 48 85 db 0f 84 ee
0x00007ff88c758459:   00 00 00 48 8b 06 48 8b ce 33 ff ff 10 3d 02 01
0x00007ff88c758469:   00 00 75 41 48 8b 45 28 8b 56 28 48 8b 48 10 48
0x00007ff88c758479:   8b 05 69 9a 41 00 48 39 04 d1 74 29 8d 4f 38 e8
0x00007ff88c758489:   e3 47 85 ff 48 8b c8 48 85 c0 74 13 48 8b 46 08
0x00007ff88c758499:   4c 8b c3 48 8b 50 08 e8 fb 31 91 ff 48 8b f8 44
0x00007ff88c7584a9:   8b 76 38 eb 05 44 8b 74 24 40 48 8b 03 48 8b cb
0x00007ff88c7584b9:   ff 10 3d 02 01 00 00 75 46 48 8b 45 28 44 8b 4b
0x00007ff88c7584c9:   28 4c 8b 40 10 48 8b 05 13 9a 41 00 4b 39 04 c8
0x00007ff88c7584d9:   74 2d b9 38 00 00 00 e8 8b 47 85 ff 48 85 c0 74
0x00007ff88c7584e9:   18 48 8b 4b 08 48 8b d6 4c 8b 41 08 48 8b c8 e8
0x00007ff88c7584f9:   a3 31 91 ff 48 8b f8 eb 02 33 ff 44 8b 73 38 48
0x00007ff88c758509:   85 ff 74 3d 48 8b 07 48 8b d5 48 8b cf ff 50 40
0x00007ff88c758519:   48 8d 4c 24 40 44 89 74 24 40 48 8b d0 48 8b f0
0x00007ff88c758529:   e8 72 07 00 00 48 8b d5 48 8b cf 48 8b d8 e8 e4
0x00007ff88c758539:   40 ef ff 48 3b 1d 65 9b 41 00 75 05 48 8b c6 eb
0x00007ff88c758549:   3e 48 8b d5 49 8b cf e8 1b 06 00 00 48 85 c0 75
0x00007ff88c758559:   2e 4d 8b 47 08 48 8b 45 28 4c 8b 48 10 49 8b 40
0x00007ff88c758569:   08 8b 48 28 49 8b 40 10 49 8b 14 c9 8b 48 28 49
0x00007ff88c758579:   8b 07 4d 8b 04 c9 49 8b cf ff 90 c0 00 00 00 48
0x00007ff88c758589:   8b 5c 24 48 48 8b 6c 24 50 48 8b 74 24 58 48 83
0x00007ff88c758599:   c4 20 41 5f 41 5e 5f c3 cc cc cc cc cc cc cc cc
0x00007ff88c7585a9:   cc cc cc cc cc cc cc 40 56 57 48 83 ec 28 48 8b 


Stack slot to memory mapping:

stack at sp + 0 slots: 0x0000025f18f31360 points into unknown readable memory: 0x00007ff88c984250 | 50 42 98 8c f8 7f 00 00
stack at sp + 1 slots: 0x00007ff88c756a36 jvm.dll
stack at sp + 2 slots: 0x0000025f2057bcc0 points into unknown readable memory: 0x00007ff88c8cc480 | 80 c4 8c 8c f8 7f 00 00
stack at sp + 3 slots: 0x0000006b941fc680 is pointing into the stack for thread: 0x0000025f18ec8aa0
stack at sp + 4 slots: 0x0000025f2057bc58 points into unknown readable memory: 0x00007ff88c954800 | 00 48 95 8c f8 7f 00 00
stack at sp + 5 slots: 0x0000000000004f68 is an unknown value
stack at sp + 6 slots: 0x0 is null
stack at sp + 7 slots: 0x00007ff88c699d8c jvm.dll


---------------  P R O C E S S  ---------------

Threads class SMR info:
_java_thread_list=0x0000025f1ffdcad0, length=34, elements={
0x0000025f7ee28630, 0x0000025f18ea0680, 0x0000025f18ea30e0, 0x0000025f18ec1bd0,
0x0000025f18ec2620, 0x0000025f18ec3070, 0x0000025f18ec71b0, 0x0000025f18ec8aa0,
0x0000025f18ed20b0, 0x0000025f19023c90, 0x0000025f190256d0, 0x0000025f1f1a06b0,
0x0000025f19025d60, 0x0000025f19024320, 0x0000025f190263f0, 0x0000025f190249b0,
0x0000025f19026a80, 0x0000025f19025040, 0x0000025f19027110, 0x0000025f1f5ea020,
0x0000025f1f5ea6b0, 0x0000025f1f5ec0f0, 0x0000025f1f5e8c70, 0x0000025f1f5e9990,
0x0000025f1f5eba60, 0x0000025f2029b8d0, 0x0000025f1f5e9300, 0x0000025f1f5ead40,
0x0000025f1f5ee1c0, 0x0000025f1f5edb30, 0x0000025f1f5eb3d0, 0x0000025f1f5ee850,
0x0000025f1f5eeee0, 0x0000025f1f5efc00
}

Java Threads: ( => current thread )
  0x0000025f7ee28630 JavaThread "main"                              [_thread_blocked, id=2060, stack(0x0000006b93300000,0x0000006b93400000) (1024K)]
  0x0000025f18ea0680 JavaThread "Reference Handler"          daemon [_thread_blocked, id=3796, stack(0x0000006b93b00000,0x0000006b93c00000) (1024K)]
  0x0000025f18ea30e0 JavaThread "Finalizer"                  daemon [_thread_blocked, id=13992, stack(0x0000006b93c00000,0x0000006b93d00000) (1024K)]
  0x0000025f18ec1bd0 JavaThread "Signal Dispatcher"          daemon [_thread_blocked, id=1248, stack(0x0000006b93d00000,0x0000006b93e00000) (1024K)]
  0x0000025f18ec2620 JavaThread "Attach Listener"            daemon [_thread_blocked, id=10988, stack(0x0000006b93e00000,0x0000006b93f00000) (1024K)]
  0x0000025f18ec3070 JavaThread "Service Thread"             daemon [_thread_blocked, id=5876, stack(0x0000006b93f00000,0x0000006b94000000) (1024K)]
  0x0000025f18ec71b0 JavaThread "Monitor Deflation Thread"   daemon [_thread_blocked, id=6736, stack(0x0000006b94000000,0x0000006b94100000) (1024K)]
=>0x0000025f18ec8aa0 JavaThread "C2 CompilerThread0"         daemon [_thread_in_native, id=13720, stack(0x0000006b94100000,0x0000006b94200000) (1024K)]
  0x0000025f18ed20b0 JavaThread "C1 CompilerThread0"         daemon [_thread_blocked, id=7008, stack(0x0000006b94200000,0x0000006b94300000) (1024K)]
  0x0000025f19023c90 JavaThread "Common-Cleaner"             daemon [_thread_blocked, id=5440, stack(0x0000006b94300000,0x0000006b94400000) (1024K)]
  0x0000025f190256d0 JavaThread "Notification Thread"        daemon [_thread_blocked, id=16224, stack(0x0000006b94400000,0x0000006b94500000) (1024K)]
  0x0000025f1f1a06b0 JavaThread "C2 CompilerThread1"         daemon [_thread_in_native, id=12404, stack(0x0000006b94600000,0x0000006b94700000) (1024K)]
  0x0000025f19025d60 JavaThread "Daemon health stats"               [_thread_blocked, id=3328, stack(0x0000006b94c00000,0x0000006b94d00000) (1024K)]
  0x0000025f19024320 JavaThread "Incoming local TCP Connector on port 51528"        [_thread_in_native, id=17296, stack(0x0000006b94d00000,0x0000006b94e00000) (1024K)]
  0x0000025f190263f0 JavaThread "Daemon periodic checks"            [_thread_blocked, id=2804, stack(0x0000006b94e00000,0x0000006b94f00000) (1024K)]
  0x0000025f190249b0 JavaThread "Daemon"                            [_thread_blocked, id=17080, stack(0x0000006b94f00000,0x0000006b95000000) (1024K)]
  0x0000025f19026a80 JavaThread "Handler for socket connection from /127.0.0.1:51528 to /127.0.0.1:51529"        [_thread_in_native, id=16876, stack(0x0000006b95000000,0x0000006b95100000) (1024K)]
  0x0000025f19025040 JavaThread "Cancel handler"                    [_thread_blocked, id=7836, stack(0x0000006b95100000,0x0000006b95200000) (1024K)]
  0x0000025f19027110 JavaThread "Daemon worker"                     [_thread_in_native, id=9720, stack(0x0000006b95200000,0x0000006b95300000) (1024K)]
  0x0000025f1f5ea020 JavaThread "Asynchronous log dispatcher for DefaultDaemonConnection: socket connection from /127.0.0.1:51528 to /127.0.0.1:51529"        [_thread_blocked, id=16268, stack(0x0000006b95300000,0x0000006b95400000) (1024K)]
  0x0000025f1f5ea6b0 JavaThread "Stdin handler"                     [_thread_blocked, id=6400, stack(0x0000006b95400000,0x0000006b95500000) (1024K)]
  0x0000025f1f5ec0f0 JavaThread "Daemon client event forwarder"        [_thread_blocked, id=7440, stack(0x0000006b95500000,0x0000006b95600000) (1024K)]
  0x0000025f1f5e8c70 JavaThread "Cache worker for journal cache (C:\Users\Arthur\.gradle\caches\journal-1)"        [_thread_blocked, id=9876, stack(0x0000006b95b00000,0x0000006b95c00000) (1024K)]
  0x0000025f1f5e9990 JavaThread "File lock request listener"        [_thread_in_native, id=2076, stack(0x0000006b95c00000,0x0000006b95d00000) (1024K)]
  0x0000025f1f5eba60 JavaThread "Cache worker for file hash cache (C:\Users\Arthur\.gradle\caches\8.11.1\fileHashes)"        [_thread_blocked, id=17088, stack(0x0000006b95d00000,0x0000006b95e00000) (1024K)]
  0x0000025f2029b8d0 JavaThread "C2 CompilerThread2"         daemon [_thread_in_native, id=14056, stack(0x0000006b95e00000,0x0000006b95f00000) (1024K)]
  0x0000025f1f5e9300 JavaThread "Cache worker for file content cache (C:\Users\Arthur\.gradle\caches\8.11.1\fileContent)"        [_thread_blocked, id=7476, stack(0x0000006b95f00000,0x0000006b96000000) (1024K)]
  0x0000025f1f5ead40 JavaThread "Cache worker for file hash cache (C:\Projects\Lunaproject\Lunaproject\.gradle\8.11.1\fileHashes)"        [_thread_blocked, id=2852, stack(0x0000006b96000000,0x0000006b96100000) (1024K)]
  0x0000025f1f5ee1c0 JavaThread "Cache worker for Build Output Cleanup Cache (C:\Projects\Lunaproject\Lunaproject\.gradle\buildOutputCleanup)"        [_thread_blocked, id=8024, stack(0x0000006b96100000,0x0000006b96200000) (1024K)]
  0x0000025f1f5edb30 JavaThread "File watcher server"        daemon [_thread_in_native, id=2544, stack(0x0000006b96200000,0x0000006b96300000) (1024K)]
  0x0000025f1f5eb3d0 JavaThread "File watcher consumer"      daemon [_thread_blocked, id=10704, stack(0x0000006b96300000,0x0000006b96400000) (1024K)]
  0x0000025f1f5ee850 JavaThread "Cache worker for checksums cache (C:\Projects\Lunaproject\Lunaproject\.gradle\8.11.1\checksums)"        [_thread_blocked, id=16996, stack(0x0000006b96400000,0x0000006b96500000) (1024K)]
  0x0000025f1f5eeee0 JavaThread "Cache worker for cache directory md-rule (C:\Users\Arthur\.gradle\caches\8.11.1\md-rule)"        [_thread_blocked, id=17160, stack(0x0000006b96500000,0x0000006b96600000) (1024K)]
  0x0000025f1f5efc00 JavaThread "Cache worker for cache directory md-supplier (C:\Users\Arthur\.gradle\caches\8.11.1\md-supplier)"        [_thread_blocked, id=17212, stack(0x0000006b96600000,0x0000006b96700000) (1024K)]
Total: 34

Other Threads:
  0x0000025f18d8c250 VMThread "VM Thread"                           [id=16460, stack(0x0000006b93a00000,0x0000006b93b00000) (1024K)]
  0x0000025f18e109d0 WatcherThread "VM Periodic Task Thread"        [id=17052, stack(0x0000006b93900000,0x0000006b93a00000) (1024K)]
  0x0000025f7fde3900 WorkerThread "GC Thread#0"                     [id=10464, stack(0x0000006b93400000,0x0000006b93500000) (1024K)]
  0x0000025f19828f80 WorkerThread "GC Thread#1"                     [id=8672, stack(0x0000006b94700000,0x0000006b94800000) (1024K)]
  0x0000025f195ccbc0 WorkerThread "GC Thread#2"                     [id=12252, stack(0x0000006b94800000,0x0000006b94900000) (1024K)]
  0x0000025f195ccf60 WorkerThread "GC Thread#3"                     [id=16516, stack(0x0000006b94900000,0x0000006b94a00000) (1024K)]
  0x0000025f1990d530 WorkerThread "GC Thread#4"                     [id=3772, stack(0x0000006b94a00000,0x0000006b94b00000) (1024K)]
  0x0000025f1990d8d0 WorkerThread "GC Thread#5"                     [id=14168, stack(0x0000006b94b00000,0x0000006b94c00000) (1024K)]
  0x0000025f1f306a90 WorkerThread "GC Thread#6"                     [id=9084, stack(0x0000006b94500000,0x0000006b94600000) (1024K)]
  0x0000025f1f454e40 WorkerThread "GC Thread#7"                     [id=11008, stack(0x0000006b95600000,0x0000006b95700000) (1024K)]
  0x0000025f1f4551e0 WorkerThread "GC Thread#8"                     [id=15116, stack(0x0000006b95700000,0x0000006b95800000) (1024K)]
  0x0000025f1f3c8e90 WorkerThread "GC Thread#9"                     [id=14488, stack(0x0000006b95800000,0x0000006b95900000) (1024K)]
  0x0000025f7fdf47f0 ConcurrentGCThread "G1 Main Marker"            [id=7996, stack(0x0000006b93500000,0x0000006b93600000) (1024K)]
  0x0000025f7fdf6040 WorkerThread "G1 Conc#0"                       [id=2476, stack(0x0000006b93600000,0x0000006b93700000) (1024K)]
  0x0000025f1f3c9d10 WorkerThread "G1 Conc#1"                       [id=9864, stack(0x0000006b95900000,0x0000006b95a00000) (1024K)]
  0x0000025f1f3c78d0 WorkerThread "G1 Conc#2"                       [id=1540, stack(0x0000006b95a00000,0x0000006b95b00000) (1024K)]
  0x0000025f18c85630 ConcurrentGCThread "G1 Refine#0"               [id=11544, stack(0x0000006b93700000,0x0000006b93800000) (1024K)]
  0x0000025f18c85e50 ConcurrentGCThread "G1 Service"                [id=16616, stack(0x0000006b93800000,0x0000006b93900000) (1024K)]
Total: 18

Threads with active compile tasks:
C2 CompilerThread0  4598 4760       4       java.net.URLClassLoader$1::run (5 bytes)
C2 CompilerThread1  4598 4783       4       java.lang.ClassLoader::getNamedPackage (73 bytes)
C2 CompilerThread2  4598 4761   !   4       java.net.URLClassLoader$1::run (81 bytes)
Total: 3

VM state: not at safepoint (normal execution)

VM Mutex/Monitor currently owned by a thread: None

Heap address: 0x0000000080000000, size: 2048 MB, Compressed Oops mode: 32-bit

CDS archive(s) not mapped
Compressed class space mapped at: 0x0000000100000000-0x0000000140000000, reserved size: 1073741824
Narrow klass base: 0x0000000000000000, Narrow klass shift: 3, Narrow klass range: 0x140000000

GC Precious Log:
 CardTable entry size: 512
 Card Set container configuration: InlinePtr #cards 5 size 8 Array Of Cards #cards 12 size 40 Howl #buckets 4 coarsen threshold 1843 Howl Bitmap #cards 512 size 80 coarsen threshold 460 Card regions per heap region 1 cards per card region 2048
 CPUs: 12 total, 12 available
 Memory: 16221M
 Large Page Support: Disabled
 NUMA Support: Disabled
 Compressed Oops: Enabled (32-bit)
 Heap Region Size: 1M
 Heap Min Capacity: 8M
 Heap Initial Capacity: 254M
 Heap Max Capacity: 2G
 Pre-touch: Disabled
 Parallel Workers: 10
 Concurrent Workers: 3
 Concurrent Refinement Workers: 10
 Periodic GC: Disabled

Heap:
 garbage-first heap   total 111616K, used 43254K [0x0000000080000000, 0x0000000100000000)
  region size 1024K, 15 young (15360K), 7 survivors (7168K)
 Metaspace       used 55645K, committed 57152K, reserved 1114112K
  class space    used 7483K, committed 8256K, reserved 1048576K

Heap Regions: E=young(eden), S=young(survivor), O=old, HS=humongous(starts), HC=humongous(continues), CS=collection set, F=free, TAMS=top-at-mark-start, PB=parsable bottom
|   0|0x0000000080000000, 0x0000000080100000, 0x0000000080100000|100%| O|  |TAMS 0x0000000080000000| PB 0x0000000080000000| Untracked 
|   1|0x0000000080100000, 0x0000000080200000, 0x0000000080200000|100%|HS|  |TAMS 0x0000000080100000| PB 0x0000000080100000| Complete 
|   2|0x0000000080200000, 0x0000000080300000, 0x0000000080300000|100%|HC|  |TAMS 0x0000000080200000| PB 0x0000000080200000| Complete 
|   3|0x0000000080300000, 0x0000000080400000, 0x0000000080400000|100%|HC|  |TAMS 0x0000000080300000| PB 0x0000000080300000| Complete 
|   4|0x0000000080400000, 0x0000000080500000, 0x0000000080500000|100%| O|  |TAMS 0x0000000080400000| PB 0x0000000080400000| Untracked 
|   5|0x0000000080500000, 0x0000000080500000, 0x0000000080600000|  0%| F|  |TAMS 0x0000000080500000| PB 0x0000000080500000| Untracked 
|   6|0x0000000080600000, 0x0000000080700000, 0x0000000080700000|100%| O|  |TAMS 0x0000000080600000| PB 0x0000000080600000| Untracked 
|   7|0x0000000080700000, 0x0000000080800000, 0x0000000080800000|100%|HS|  |TAMS 0x0000000080700000| PB 0x0000000080700000| Complete 
|   8|0x0000000080800000, 0x0000000080900000, 0x0000000080900000|100%| O|  |TAMS 0x0000000080800000| PB 0x0000000080800000| Untracked 
|   9|0x0000000080900000, 0x0000000080a00000, 0x0000000080a00000|100%| O|  |TAMS 0x0000000080900000| PB 0x0000000080900000| Untracked 
|  10|0x0000000080a00000, 0x0000000080b00000, 0x0000000080b00000|100%| O|  |TAMS 0x0000000080a00000| PB 0x0000000080a00000| Untracked 
|  11|0x0000000080b00000, 0x0000000080c00000, 0x0000000080c00000|100%| O|  |TAMS 0x0000000080b00000| PB 0x0000000080b00000| Untracked 
|  12|0x0000000080c00000, 0x0000000080d00000, 0x0000000080d00000|100%| O|  |TAMS 0x0000000080c00000| PB 0x0000000080c00000| Untracked 
|  13|0x0000000080d00000, 0x0000000080e00000, 0x0000000080e00000|100%| O|  |TAMS 0x0000000080d00000| PB 0x0000000080d00000| Untracked 
|  14|0x0000000080e00000, 0x0000000080f00000, 0x0000000080f00000|100%| O|  |TAMS 0x0000000080e00000| PB 0x0000000080e00000| Untracked 
|  15|0x0000000080f00000, 0x0000000081000000, 0x0000000081000000|100%| O|  |TAMS 0x0000000080f00000| PB 0x0000000080f00000| Untracked 
|  16|0x0000000081000000, 0x0000000081100000, 0x0000000081100000|100%| O|  |TAMS 0x0000000081000000| PB 0x0000000081000000| Untracked 
|  17|0x0000000081100000, 0x0000000081200000, 0x0000000081200000|100%| O|  |TAMS 0x0000000081100000| PB 0x0000000081100000| Untracked 
|  18|0x0000000081200000, 0x0000000081300000, 0x0000000081300000|100%| O|  |TAMS 0x0000000081200000| PB 0x0000000081200000| Untracked 
|  19|0x0000000081300000, 0x0000000081400000, 0x0000000081400000|100%| O|  |TAMS 0x0000000081300000| PB 0x0000000081300000| Untracked 
|  20|0x0000000081400000, 0x0000000081500000, 0x0000000081500000|100%| O|  |TAMS 0x0000000081400000| PB 0x0000000081400000| Untracked 
|  21|0x0000000081500000, 0x0000000081600000, 0x0000000081600000|100%| O|  |TAMS 0x0000000081500000| PB 0x0000000081500000| Untracked 
|  22|0x0000000081600000, 0x0000000081700000, 0x0000000081700000|100%| O|  |TAMS 0x0000000081600000| PB 0x0000000081600000| Untracked 
|  23|0x0000000081700000, 0x0000000081800000, 0x0000000081800000|100%| O|  |TAMS 0x0000000081700000| PB 0x0000000081700000| Untracked 
|  24|0x0000000081800000, 0x0000000081900000, 0x0000000081900000|100%| O|  |TAMS 0x0000000081800000| PB 0x0000000081800000| Untracked 
|  25|0x0000000081900000, 0x0000000081a00000, 0x0000000081a00000|100%| O|  |TAMS 0x0000000081900000| PB 0x0000000081900000| Untracked 
|  26|0x0000000081a00000, 0x0000000081b00000, 0x0000000081b00000|100%| O|  |TAMS 0x0000000081a00000| PB 0x0000000081a00000| Untracked 
|  27|0x0000000081b00000, 0x0000000081b00000, 0x0000000081c00000|  0%| F|  |TAMS 0x0000000081b00000| PB 0x0000000081b00000| Untracked 
|  28|0x0000000081c00000, 0x0000000081d00000, 0x0000000081d00000|100%| O|  |TAMS 0x0000000081c00000| PB 0x0000000081c00000| Untracked 
|  29|0x0000000081d00000, 0x0000000081e00000, 0x0000000081e00000|100%| O|  |TAMS 0x0000000081d00000| PB 0x0000000081d00000| Untracked 
|  30|0x0000000081e00000, 0x0000000081e44cf8, 0x0000000081f00000| 26%| O|  |TAMS 0x0000000081e00000| PB 0x0000000081e00000| Untracked 
|  31|0x0000000081f00000, 0x0000000081f00000, 0x0000000082000000|  0%| F|  |TAMS 0x0000000081f00000| PB 0x0000000081f00000| Untracked 
|  32|0x0000000082000000, 0x0000000082000000, 0x0000000082100000|  0%| F|  |TAMS 0x0000000082000000| PB 0x0000000082000000| Untracked 
|  33|0x0000000082100000, 0x0000000082100000, 0x0000000082200000|  0%| F|  |TAMS 0x0000000082100000| PB 0x0000000082100000| Untracked 
|  34|0x0000000082200000, 0x0000000082200000, 0x0000000082300000|  0%| F|  |TAMS 0x0000000082200000| PB 0x0000000082200000| Untracked 
|  35|0x0000000082300000, 0x0000000082300000, 0x0000000082400000|  0%| F|  |TAMS 0x0000000082300000| PB 0x0000000082300000| Untracked 
|  36|0x0000000082400000, 0x0000000082400000, 0x0000000082500000|  0%| F|  |TAMS 0x0000000082400000| PB 0x0000000082400000| Untracked 
|  37|0x0000000082500000, 0x00000000825f8b68, 0x0000000082600000| 97%| S|CS|TAMS 0x0000000082500000| PB 0x0000000082500000| Complete 
|  38|0x0000000082600000, 0x0000000082700000, 0x0000000082700000|100%| S|CS|TAMS 0x0000000082600000| PB 0x0000000082600000| Complete 
|  39|0x0000000082700000, 0x0000000082800000, 0x0000000082800000|100%| S|CS|TAMS 0x0000000082700000| PB 0x0000000082700000| Complete 
|  40|0x0000000082800000, 0x0000000082900000, 0x0000000082900000|100%| S|CS|TAMS 0x0000000082800000| PB 0x0000000082800000| Complete 
|  41|0x0000000082900000, 0x0000000082a00000, 0x0000000082a00000|100%| S|CS|TAMS 0x0000000082900000| PB 0x0000000082900000| Complete 
|  42|0x0000000082a00000, 0x0000000082a00000, 0x0000000082b00000|  0%| F|  |TAMS 0x0000000082a00000| PB 0x0000000082a00000| Untracked 
|  43|0x0000000082b00000, 0x0000000082b00000, 0x0000000082c00000|  0%| F|  |TAMS 0x0000000082b00000| PB 0x0000000082b00000| Untracked 
|  44|0x0000000082c00000, 0x0000000082c00000, 0x0000000082d00000|  0%| F|  |TAMS 0x0000000082c00000| PB 0x0000000082c00000| Untracked 
|  45|0x0000000082d00000, 0x0000000082d00000, 0x0000000082e00000|  0%| F|  |TAMS 0x0000000082d00000| PB 0x0000000082d00000| Untracked 
|  46|0x0000000082e00000, 0x0000000082e00000, 0x0000000082f00000|  0%| F|  |TAMS 0x0000000082e00000| PB 0x0000000082e00000| Untracked 
|  47|0x0000000082f00000, 0x0000000082f00000, 0x0000000083000000|  0%| F|  |TAMS 0x0000000082f00000| PB 0x0000000082f00000| Untracked 
|  48|0x0000000083000000, 0x0000000083000000, 0x0000000083100000|  0%| F|  |TAMS 0x0000000083000000| PB 0x0000000083000000| Untracked 
|  49|0x0000000083100000, 0x0000000083100000, 0x0000000083200000|  0%| F|  |TAMS 0x0000000083100000| PB 0x0000000083100000| Untracked 
|  50|0x0000000083200000, 0x0000000083300000, 0x0000000083300000|100%| S|CS|TAMS 0x0000000083200000| PB 0x0000000083200000| Complete 
|  51|0x0000000083300000, 0x0000000083400000, 0x0000000083400000|100%| S|CS|TAMS 0x0000000083300000| PB 0x0000000083300000| Complete 
|  52|0x0000000083400000, 0x0000000083400000, 0x0000000083500000|  0%| F|  |TAMS 0x0000000083400000| PB 0x0000000083400000| Untracked 
|  53|0x0000000083500000, 0x0000000083500000, 0x0000000083600000|  0%| F|  |TAMS 0x0000000083500000| PB 0x0000000083500000| Untracked 
|  54|0x0000000083600000, 0x0000000083600000, 0x0000000083700000|  0%| F|  |TAMS 0x0000000083600000| PB 0x0000000083600000| Untracked 
|  55|0x0000000083700000, 0x0000000083700000, 0x0000000083800000|  0%| F|  |TAMS 0x0000000083700000| PB 0x0000000083700000| Untracked 
|  56|0x0000000083800000, 0x0000000083800000, 0x0000000083900000|  0%| F|  |TAMS 0x0000000083800000| PB 0x0000000083800000| Untracked 
|  57|0x0000000083900000, 0x0000000083900000, 0x0000000083a00000|  0%| F|  |TAMS 0x0000000083900000| PB 0x0000000083900000| Untracked 
|  58|0x0000000083a00000, 0x0000000083a00000, 0x0000000083b00000|  0%| F|  |TAMS 0x0000000083a00000| PB 0x0000000083a00000| Untracked 
|  59|0x0000000083b00000, 0x0000000083b00000, 0x0000000083c00000|  0%| F|  |TAMS 0x0000000083b00000| PB 0x0000000083b00000| Untracked 
|  60|0x0000000083c00000, 0x0000000083c00000, 0x0000000083d00000|  0%| F|  |TAMS 0x0000000083c00000| PB 0x0000000083c00000| Untracked 
|  61|0x0000000083d00000, 0x0000000083d00000, 0x0000000083e00000|  0%| F|  |TAMS 0x0000000083d00000| PB 0x0000000083d00000| Untracked 
|  62|0x0000000083e00000, 0x0000000083e00000, 0x0000000083f00000|  0%| F|  |TAMS 0x0000000083e00000| PB 0x0000000083e00000| Untracked 
|  63|0x0000000083f00000, 0x0000000083f00000, 0x0000000084000000|  0%| F|  |TAMS 0x0000000083f00000| PB 0x0000000083f00000| Untracked 
|  64|0x0000000084000000, 0x0000000084000000, 0x0000000084100000|  0%| F|  |TAMS 0x0000000084000000| PB 0x0000000084000000| Untracked 
|  65|0x0000000084100000, 0x0000000084100000, 0x0000000084200000|  0%| F|  |TAMS 0x0000000084100000| PB 0x0000000084100000| Untracked 
|  66|0x0000000084200000, 0x0000000084200000, 0x0000000084300000|  0%| F|  |TAMS 0x0000000084200000| PB 0x0000000084200000| Untracked 
|  67|0x0000000084300000, 0x0000000084300000, 0x0000000084400000|  0%| F|  |TAMS 0x0000000084300000| PB 0x0000000084300000| Untracked 
|  68|0x0000000084400000, 0x0000000084400000, 0x0000000084500000|  0%| F|  |TAMS 0x0000000084400000| PB 0x0000000084400000| Untracked 
|  69|0x0000000084500000, 0x0000000084500000, 0x0000000084600000|  0%| F|  |TAMS 0x0000000084500000| PB 0x0000000084500000| Untracked 
|  70|0x0000000084600000, 0x0000000084600000, 0x0000000084700000|  0%| F|  |TAMS 0x0000000084600000| PB 0x0000000084600000| Untracked 
|  71|0x0000000084700000, 0x0000000084700000, 0x0000000084800000|  0%| F|  |TAMS 0x0000000084700000| PB 0x0000000084700000| Untracked 
|  72|0x0000000084800000, 0x0000000084800000, 0x0000000084900000|  0%| F|  |TAMS 0x0000000084800000| PB 0x0000000084800000| Untracked 
|  73|0x0000000084900000, 0x0000000084900000, 0x0000000084a00000|  0%| F|  |TAMS 0x0000000084900000| PB 0x0000000084900000| Untracked 
|  74|0x0000000084a00000, 0x0000000084a00000, 0x0000000084b00000|  0%| F|  |TAMS 0x0000000084a00000| PB 0x0000000084a00000| Untracked 
|  75|0x0000000084b00000, 0x0000000084b00000, 0x0000000084c00000|  0%| F|  |TAMS 0x0000000084b00000| PB 0x0000000084b00000| Untracked 
|  76|0x0000000084c00000, 0x0000000084c00000, 0x0000000084d00000|  0%| F|  |TAMS 0x0000000084c00000| PB 0x0000000084c00000| Untracked 
|  77|0x0000000084d00000, 0x0000000084d00000, 0x0000000084e00000|  0%| F|  |TAMS 0x0000000084d00000| PB 0x0000000084d00000| Untracked 
|  78|0x0000000084e00000, 0x0000000084e00000, 0x0000000084f00000|  0%| F|  |TAMS 0x0000000084e00000| PB 0x0000000084e00000| Untracked 
|  79|0x0000000084f00000, 0x0000000084f00000, 0x0000000085000000|  0%| F|  |TAMS 0x0000000084f00000| PB 0x0000000084f00000| Untracked 
|  80|0x0000000085000000, 0x0000000085000000, 0x0000000085100000|  0%| F|  |TAMS 0x0000000085000000| PB 0x0000000085000000| Untracked 
|  81|0x0000000085100000, 0x0000000085100000, 0x0000000085200000|  0%| F|  |TAMS 0x0000000085100000| PB 0x0000000085100000| Untracked 
|  82|0x0000000085200000, 0x0000000085200000, 0x0000000085300000|  0%| F|  |TAMS 0x0000000085200000| PB 0x0000000085200000| Untracked 
|  83|0x0000000085300000, 0x0000000085300000, 0x0000000085400000|  0%| F|  |TAMS 0x0000000085300000| PB 0x0000000085300000| Untracked 
|  84|0x0000000085400000, 0x0000000085400000, 0x0000000085500000|  0%| F|  |TAMS 0x0000000085400000| PB 0x0000000085400000| Untracked 
|  85|0x0000000085500000, 0x0000000085500000, 0x0000000085600000|  0%| F|  |TAMS 0x0000000085500000| PB 0x0000000085500000| Untracked 
|  86|0x0000000085600000, 0x0000000085600000, 0x0000000085700000|  0%| F|  |TAMS 0x0000000085600000| PB 0x0000000085600000| Untracked 
|  87|0x0000000085700000, 0x0000000085700000, 0x0000000085800000|  0%| F|  |TAMS 0x0000000085700000| PB 0x0000000085700000| Untracked 
|  88|0x0000000085800000, 0x0000000085800000, 0x0000000085900000|  0%| F|  |TAMS 0x0000000085800000| PB 0x0000000085800000| Untracked 
|  89|0x0000000085900000, 0x0000000085900000, 0x0000000085a00000|  0%| F|  |TAMS 0x0000000085900000| PB 0x0000000085900000| Untracked 
|  90|0x0000000085a00000, 0x0000000085a00000, 0x0000000085b00000|  0%| F|  |TAMS 0x0000000085a00000| PB 0x0000000085a00000| Untracked 
|  91|0x0000000085b00000, 0x0000000085b00000, 0x0000000085c00000|  0%| F|  |TAMS 0x0000000085b00000| PB 0x0000000085b00000| Untracked 
|  92|0x0000000085c00000, 0x0000000085c00000, 0x0000000085d00000|  0%| F|  |TAMS 0x0000000085c00000| PB 0x0000000085c00000| Untracked 
|  93|0x0000000085d00000, 0x0000000085d00000, 0x0000000085e00000|  0%| F|  |TAMS 0x0000000085d00000| PB 0x0000000085d00000| Untracked 
|  94|0x0000000085e00000, 0x0000000085e00000, 0x0000000085f00000|  0%| F|  |TAMS 0x0000000085e00000| PB 0x0000000085e00000| Untracked 
|  95|0x0000000085f00000, 0x0000000085f00000, 0x0000000086000000|  0%| F|  |TAMS 0x0000000085f00000| PB 0x0000000085f00000| Untracked 
|  96|0x0000000086000000, 0x0000000086000000, 0x0000000086100000|  0%| F|  |TAMS 0x0000000086000000| PB 0x0000000086000000| Untracked 
|  97|0x0000000086100000, 0x0000000086100000, 0x0000000086200000|  0%| F|  |TAMS 0x0000000086100000| PB 0x0000000086100000| Untracked 
|  98|0x0000000086200000, 0x0000000086200000, 0x0000000086300000|  0%| F|  |TAMS 0x0000000086200000| PB 0x0000000086200000| Untracked 
| 219|0x000000008db00000, 0x000000008db00000, 0x000000008dc00000|  0%| F|  |TAMS 0x000000008db00000| PB 0x000000008db00000| Untracked 
| 220|0x000000008dc00000, 0x000000008dc00000, 0x000000008dd00000|  0%| F|  |TAMS 0x000000008dc00000| PB 0x000000008dc00000| Untracked 
| 221|0x000000008dd00000, 0x000000008de00000, 0x000000008de00000|100%| E|  |TAMS 0x000000008dd00000| PB 0x000000008dd00000| Complete 
| 222|0x000000008de00000, 0x000000008df00000, 0x000000008df00000|100%| E|CS|TAMS 0x000000008de00000| PB 0x000000008de00000| Complete 
| 223|0x000000008df00000, 0x000000008e000000, 0x000000008e000000|100%| E|CS|TAMS 0x000000008df00000| PB 0x000000008df00000| Complete 
| 224|0x000000008e000000, 0x000000008e100000, 0x000000008e100000|100%| E|CS|TAMS 0x000000008e000000| PB 0x000000008e000000| Complete 
| 225|0x000000008e100000, 0x000000008e200000, 0x000000008e200000|100%| E|CS|TAMS 0x000000008e100000| PB 0x000000008e100000| Complete 
| 226|0x000000008e200000, 0x000000008e300000, 0x000000008e300000|100%| E|CS|TAMS 0x000000008e200000| PB 0x000000008e200000| Complete 
| 227|0x000000008e300000, 0x000000008e400000, 0x000000008e400000|100%| E|CS|TAMS 0x000000008e300000| PB 0x000000008e300000| Complete 
| 253|0x000000008fd00000, 0x000000008fe00000, 0x000000008fe00000|100%| E|CS|TAMS 0x000000008fd00000| PB 0x000000008fd00000| Complete 

Card table byte_map: [0x0000025f13ce0000,0x0000025f140e0000] _byte_map_base: 0x0000025f138e0000

Marking Bits: (CMBitMap*) 0x0000025f7fde3f10
 Bits: [0x0000025f140e0000, 0x0000025f160e0000)

Polling page: 0x0000025f7ef90000

Metaspace:

Usage:
  Non-class:     47.09 MB used.
      Class:      7.32 MB used.
       Both:     54.41 MB used.

Virtual space:
  Non-class space:       64.00 MB reserved,      47.81 MB ( 75%) committed,  1 nodes.
      Class space:        1.00 GB reserved,       8.06 MB ( <1%) committed,  1 nodes.
             Both:        1.06 GB reserved,      55.88 MB (  5%) committed. 

Chunk freelists:
   Non-Class:  48.00 KB
       Class:  7.78 MB
        Both:  7.83 MB

MaxMetaspaceSize: unlimited
CompressedClassSpaceSize: 1.00 GB
Initial GC threshold: 21.00 MB
Current GC threshold: 58.88 MB
CDS: off
 - commit_granule_bytes: 65536.
 - commit_granule_words: 8192.
 - virtual_space_node_default_size: 8388608.
 - enlarge_chunks_in_place: 1.
 - use_allocation_guard: 0.


Internal statistics:

num_allocs_failed_limit: 6.
num_arena_births: 2722.
num_arena_deaths: 0.
num_vsnodes_births: 2.
num_vsnodes_deaths: 0.
num_space_committed: 894.
num_space_uncommitted: 0.
num_chunks_returned_to_freelist: 6.
num_chunks_taken_from_freelist: 4882.
num_chunk_merges: 6.
num_chunk_splits: 3178.
num_chunks_enlarged: 1993.
num_inconsistent_stats: 0.

CodeHeap 'non-profiled nmethods': size=120000Kb used=2926Kb max_used=2926Kb free=117074Kb
 bounds [0x0000025f0bf70000, 0x0000025f0c250000, 0x0000025f134a0000]
CodeHeap 'profiled nmethods': size=120000Kb used=8263Kb max_used=8263Kb free=111736Kb
 bounds [0x0000025f044a0000, 0x0000025f04cc0000, 0x0000025f0b9d0000]
CodeHeap 'non-nmethods': size=5760Kb used=1942Kb max_used=2005Kb free=3817Kb
 bounds [0x0000025f0b9d0000, 0x0000025f0bc40000, 0x0000025f0bf70000]
 total_blobs=5089 nmethods=4364 adapters=628
 compilation: enabled
              stopped_count=0, restarted_count=0
 full_count=0

Compilation events (20 events):
Event: 4.426 Thread 0x0000025f18ed20b0 nmethod 4749 0x0000025f04ca4c90 code [0x0000025f04ca4e60, 0x0000025f04ca5198]
Event: 4.426 Thread 0x0000025f18ed20b0 4751       3       kotlin.reflect.jvm.internal.impl.name.FqName::<init> (18 bytes)
Event: 4.426 Thread 0x0000025f18ed20b0 nmethod 4751 0x0000025f04ca5310 code [0x0000025f04ca54c0, 0x0000025f04ca56f0]
Event: 4.429 Thread 0x0000025f2029b8d0 4753   !   4       java.util.jar.JarFile::isMultiRelease (33 bytes)
Event: 4.430 Thread 0x0000025f2029b8d0 nmethod 4753 0x0000025f0c225c90 code [0x0000025f0c225e20, 0x0000025f0c225f10]
Event: 4.430 Thread 0x0000025f2029b8d0 4755       4       java.util.jar.JarFile::getVersionedEntry (133 bytes)
Event: 4.430 Thread 0x0000025f18ed20b0 4754       3       java.util.jar.JarFile::getEntry (35 bytes)
Event: 4.430 Thread 0x0000025f18ed20b0 nmethod 4754 0x0000025f04ca5810 code [0x0000025f04ca5a20, 0x0000025f04ca5e90]
Event: 4.436 Thread 0x0000025f18ed20b0 4757   !   3       java.util.concurrent.locks.AbstractQueuedSynchronizer$ConditionObject::newConditionNode (78 bytes)
Event: 4.437 Thread 0x0000025f18ed20b0 nmethod 4757 0x0000025f04ca6010 code [0x0000025f04ca6280, 0x0000025f04ca6a38]
Event: 4.437 Thread 0x0000025f18ed20b0 4758       3       java.util.concurrent.locks.AbstractQueuedSynchronizer$ConditionNode::<init> (5 bytes)
Event: 4.437 Thread 0x0000025f18ed20b0 nmethod 4758 0x0000025f04ca6d10 code [0x0000025f04ca6ec0, 0x0000025f04ca7088]
Event: 4.437 Thread 0x0000025f18ed20b0 4759       3       java.util.concurrent.locks.AbstractQueuedSynchronizer$ConditionObject::enableWait (84 bytes)
Event: 4.437 Thread 0x0000025f18ed20b0 nmethod 4759 0x0000025f04ca7190 code [0x0000025f04ca73c0, 0x0000025f04ca7ae0]
Event: 4.458 Thread 0x0000025f18ec8aa0 nmethod 4689 0x0000025f0c225f90 code [0x0000025f0c226780, 0x0000025f0c22d4b8]
Event: 4.459 Thread 0x0000025f18ec8aa0 4760       4       java.net.URLClassLoader$1::run (5 bytes)
Event: 4.462 Thread 0x0000025f2029b8d0 nmethod 4755 0x0000025f0c230a90 code [0x0000025f0c230d80, 0x0000025f0c232890]
Event: 4.462 Thread 0x0000025f2029b8d0 4762       4       java.util.jar.JarFile::getEntry (35 bytes)
Event: 4.473 Thread 0x0000025f2029b8d0 nmethod 4762 0x0000025f0c233710 code [0x0000025f0c2339a0, 0x0000025f0c234598]
Event: 4.473 Thread 0x0000025f2029b8d0 4761   !   4       java.net.URLClassLoader$1::run (81 bytes)

GC Heap History (18 events):
Event: 0.384 GC heap before
{Heap before GC invocations=0 (full 0):
 garbage-first heap   total 260096K, used 22528K [0x0000000080000000, 0x0000000100000000)
  region size 1024K, 23 young (23552K), 0 survivors (0K)
 Metaspace       used 7985K, committed 8128K, reserved 1114112K
  class space    used 712K, committed 768K, reserved 1048576K
}
Event: 0.387 GC heap after
{Heap after GC invocations=1 (full 0):
 garbage-first heap   total 260096K, used 3445K [0x0000000080000000, 0x0000000100000000)
  region size 1024K, 3 young (3072K), 3 survivors (3072K)
 Metaspace       used 7985K, committed 8128K, reserved 1114112K
  class space    used 712K, committed 768K, reserved 1048576K
}
Event: 0.949 GC heap before
{Heap before GC invocations=1 (full 0):
 garbage-first heap   total 260096K, used 40309K [0x0000000080000000, 0x0000000100000000)
  region size 1024K, 37 young (37888K), 3 survivors (3072K)
 Metaspace       used 12157K, committed 12352K, reserved 1114112K
  class space    used 1277K, committed 1408K, reserved 1048576K
}
Event: 0.953 GC heap after
{Heap after GC invocations=2 (full 0):
 garbage-first heap   total 260096K, used 11411K [0x0000000080000000, 0x0000000100000000)
  region size 1024K, 5 young (5120K), 5 survivors (5120K)
 Metaspace       used 12157K, committed 12352K, reserved 1114112K
  class space    used 1277K, committed 1408K, reserved 1048576K
}
Event: 1.413 GC heap before
{Heap before GC invocations=2 (full 0):
 garbage-first heap   total 260096K, used 61587K [0x0000000080000000, 0x0000000100000000)
  region size 1024K, 52 young (53248K), 5 survivors (5120K)
 Metaspace       used 14022K, committed 14272K, reserved 1114112K
  class space    used 1538K, committed 1664K, reserved 1048576K
}
Event: 1.417 GC heap after
{Heap after GC invocations=3 (full 0):
 garbage-first heap   total 260096K, used 17868K [0x0000000080000000, 0x0000000100000000)
  region size 1024K, 6 young (6144K), 6 survivors (6144K)
 Metaspace       used 14022K, committed 14272K, reserved 1114112K
  class space    used 1538K, committed 1664K, reserved 1048576K
}
Event: 1.903 GC heap before
{Heap before GC invocations=3 (full 0):
 garbage-first heap   total 260096K, used 43468K [0x0000000080000000, 0x0000000100000000)
  region size 1024K, 32 young (32768K), 6 survivors (6144K)
 Metaspace       used 21187K, committed 21504K, reserved 1114112K
  class space    used 2441K, committed 2624K, reserved 1048576K
}
Event: 1.908 GC heap after
{Heap after GC invocations=4 (full 0):
 garbage-first heap   total 260096K, used 20828K [0x0000000080000000, 0x0000000100000000)
  region size 1024K, 9 young (9216K), 9 survivors (9216K)
 Metaspace       used 21187K, committed 21504K, reserved 1114112K
  class space    used 2441K, committed 2624K, reserved 1048576K
}
Event: 2.521 GC heap before
{Heap before GC invocations=5 (full 0):
 garbage-first heap   total 75776K, used 73052K [0x0000000080000000, 0x0000000100000000)
  region size 1024K, 61 young (62464K), 9 survivors (9216K)
 Metaspace       used 29533K, committed 30208K, reserved 1114112K
  class space    used 3779K, committed 4096K, reserved 1048576K
}
Event: 2.528 GC heap after
{Heap after GC invocations=6 (full 0):
 garbage-first heap   total 88064K, used 24413K [0x0000000080000000, 0x0000000100000000)
  region size 1024K, 12 young (12288K), 12 survivors (12288K)
 Metaspace       used 29533K, committed 30208K, reserved 1114112K
  class space    used 3779K, committed 4096K, reserved 1048576K
}
Event: 3.001 GC heap before
{Heap before GC invocations=6 (full 0):
 garbage-first heap   total 88064K, used 63325K [0x0000000080000000, 0x0000000100000000)
  region size 1024K, 51 young (52224K), 12 survivors (12288K)
 Metaspace       used 34883K, committed 35840K, reserved 1114112K
  class space    used 4649K, committed 5120K, reserved 1048576K
}
Event: 3.007 GC heap after
{Heap after GC invocations=7 (full 0):
 garbage-first heap   total 88064K, used 26543K [0x0000000080000000, 0x0000000100000000)
  region size 1024K, 6 young (6144K), 6 survivors (6144K)
 Metaspace       used 34883K, committed 35840K, reserved 1114112K
  class space    used 4649K, committed 5120K, reserved 1048576K
}
Event: 3.038 GC heap before
{Heap before GC invocations=7 (full 0):
 garbage-first heap   total 88064K, used 28591K [0x0000000080000000, 0x0000000100000000)
  region size 1024K, 9 young (9216K), 6 survivors (6144K)
 Metaspace       used 35201K, committed 36096K, reserved 1114112K
  class space    used 4714K, committed 5184K, reserved 1048576K
}
Event: 3.042 GC heap after
{Heap after GC invocations=8 (full 0):
 garbage-first heap   total 88064K, used 26884K [0x0000000080000000, 0x0000000100000000)
  region size 1024K, 4 young (4096K), 4 survivors (4096K)
 Metaspace       used 35201K, committed 36096K, reserved 1114112K
  class space    used 4714K, committed 5184K, reserved 1048576K
}
Event: 3.500 GC heap before
{Heap before GC invocations=9 (full 0):
 garbage-first heap   total 88064K, used 71940K [0x0000000080000000, 0x0000000100000000)
  region size 1024K, 48 young (49152K), 4 survivors (4096K)
 Metaspace       used 41640K, committed 42816K, reserved 1114112K
  class space    used 5647K, committed 6208K, reserved 1048576K
}
Event: 3.505 GC heap after
{Heap after GC invocations=10 (full 0):
 garbage-first heap   total 111616K, used 29286K [0x0000000080000000, 0x0000000100000000)
  region size 1024K, 6 young (6144K), 6 survivors (6144K)
 Metaspace       used 41640K, committed 42816K, reserved 1114112K
  class space    used 5647K, committed 6208K, reserved 1048576K
}
Event: 3.902 GC heap before
{Heap before GC invocations=10 (full 0):
 garbage-first heap   total 111616K, used 88678K [0x0000000080000000, 0x0000000100000000)
  region size 1024K, 65 young (66560K), 6 survivors (6144K)
 Metaspace       used 46666K, committed 48000K, reserved 1114112K
  class space    used 6236K, committed 6912K, reserved 1048576K
}
Event: 3.908 GC heap after
{Heap after GC invocations=11 (full 0):
 garbage-first heap   total 111616K, used 33418K [0x0000000080000000, 0x0000000100000000)
  region size 1024K, 8 young (8192K), 8 survivors (8192K)
 Metaspace       used 46666K, committed 48000K, reserved 1114112K
  class space    used 6236K, committed 6912K, reserved 1048576K
}

Dll operation events (3 events):
Event: 0.009 Loaded shared library C:\Program Files\Android\Android Studio\jbr\bin\java.dll
Event: 0.014 Loaded shared library C:\Program Files\Android\Android Studio\jbr\bin\zip.dll
Event: 0.446 Loaded shared library C:\Program Files\Android\Android Studio\jbr\bin\verify.dll

Deoptimization events (20 events):
Event: 4.265 Thread 0x0000025f19027110 Uncommon trap: trap_request=0xffffffd6 fr.pc=0x0000025f0c1dd6b8 relative=0x0000000000000478
Event: 4.265 Thread 0x0000025f19027110 Uncommon trap: reason=array_check action=maybe_recompile pc=0x0000025f0c1dd6b8 method=java.util.Arrays.fill([Ljava/lang/Object;IILjava/lang/Object;)V @ 20 c2
Event: 4.265 Thread 0x0000025f19027110 DEOPT PACKING pc=0x0000025f0c1dd6b8 sp=0x0000006b952f94f0
Event: 4.265 Thread 0x0000025f19027110 DEOPT UNPACKING pc=0x0000025f0ba246a2 sp=0x0000006b952f94b8 mode 2
Event: 4.282 Thread 0x0000025f19027110 DEOPT PACKING pc=0x0000025f04c8377a sp=0x0000006b952f5200
Event: 4.283 Thread 0x0000025f19027110 DEOPT UNPACKING pc=0x0000025f0ba24e42 sp=0x0000006b952f4688 mode 0
Event: 4.311 Thread 0x0000025f19027110 DEOPT PACKING pc=0x0000025f04c8377a sp=0x0000006b952f6480
Event: 4.311 Thread 0x0000025f19027110 DEOPT UNPACKING pc=0x0000025f0ba24e42 sp=0x0000006b952f5908 mode 0
Event: 4.347 Thread 0x0000025f19027110 DEOPT PACKING pc=0x0000025f04c8377a sp=0x0000006b952f6ef0
Event: 4.347 Thread 0x0000025f19027110 DEOPT UNPACKING pc=0x0000025f0ba24e42 sp=0x0000006b952f6378 mode 0
Event: 4.373 Thread 0x0000025f19027110 DEOPT PACKING pc=0x0000025f04c8377a sp=0x0000006b952f8950
Event: 4.373 Thread 0x0000025f19027110 DEOPT UNPACKING pc=0x0000025f0ba24e42 sp=0x0000006b952f7dd8 mode 0
Event: 4.429 Thread 0x0000025f19027110 Uncommon trap: trap_request=0xffffff54 fr.pc=0x0000025f0c032644 relative=0x0000000000001644
Event: 4.429 Thread 0x0000025f19027110 Uncommon trap: reason=speculate_null_assert action=make_not_entrant pc=0x0000025f0c032644 method=java.util.jar.JarFile.getVersionedEntry(Ljava/lang/String;Ljava/util/jar/JarEntry;)Ljava/util/jar/JarEntry; @ 115 c2
Event: 4.429 Thread 0x0000025f19027110 DEOPT PACKING pc=0x0000025f0c032644 sp=0x0000006b952f8320
Event: 4.429 Thread 0x0000025f19027110 DEOPT UNPACKING pc=0x0000025f0ba246a2 sp=0x0000006b952f8328 mode 2
Event: 4.429 Thread 0x0000025f19027110 Uncommon trap: trap_request=0xffffff45 fr.pc=0x0000025f0bfd5104 relative=0x0000000000001024
Event: 4.429 Thread 0x0000025f19027110 Uncommon trap: reason=unstable_if action=reinterpret pc=0x0000025f0bfd5104 method=java.util.jar.JarFile.getEntry(Ljava/lang/String;)Ljava/util/zip/ZipEntry; @ 15 c2
Event: 4.429 Thread 0x0000025f19027110 DEOPT PACKING pc=0x0000025f0bfd5104 sp=0x0000006b952f83f0
Event: 4.429 Thread 0x0000025f19027110 DEOPT UNPACKING pc=0x0000025f0ba246a2 sp=0x0000006b952f83e8 mode 2

Classes loaded (20 events):
Event: 4.220 Loading class java/util/concurrent/atomic/AtomicReferenceFieldUpdater$AtomicReferenceFieldUpdaterImpl$1
Event: 4.220 Loading class java/util/concurrent/atomic/AtomicReferenceFieldUpdater$AtomicReferenceFieldUpdaterImpl$1 done
Event: 4.321 Loading class java/lang/StringIndexOutOfBoundsException
Event: 4.321 Loading class java/lang/StringIndexOutOfBoundsException done
Event: 4.348 Loading class java/util/stream/DistinctOps
Event: 4.348 Loading class java/util/stream/DistinctOps done
Event: 4.348 Loading class java/util/stream/DistinctOps$1
Event: 4.348 Loading class java/util/stream/ReferencePipeline$StatefulOp
Event: 4.348 Loading class java/util/stream/ReferencePipeline$StatefulOp done
Event: 4.348 Loading class java/util/stream/DistinctOps$1 done
Event: 4.349 Loading class java/util/stream/DistinctOps$1$2
Event: 4.349 Loading class java/util/stream/DistinctOps$1$2 done
Event: 4.351 Loading class java/util/stream/SortedOps
Event: 4.351 Loading class java/util/stream/SortedOps done
Event: 4.351 Loading class java/util/stream/SortedOps$OfRef
Event: 4.351 Loading class java/util/stream/SortedOps$OfRef done
Event: 4.352 Loading class java/util/stream/SortedOps$SizedRefSortingSink
Event: 4.352 Loading class java/util/stream/SortedOps$AbstractRefSortingSink
Event: 4.352 Loading class java/util/stream/SortedOps$AbstractRefSortingSink done
Event: 4.352 Loading class java/util/stream/SortedOps$SizedRefSortingSink done

Classes unloaded (0 events):
No events

Classes redefined (0 events):
No events

Internal exceptions (20 events):
Event: 4.038 Thread 0x0000025f19027110 Exception <a 'java/lang/NoSuchMethodError'{0x0000000086125798}: 'void java.lang.invoke.DirectMethodHandle$Holder.invokeInterface(java.lang.Object, java.lang.Object, java.lang.Object, java.lang.Object, java.lang.Object, java.lang.Object, java.lang.Object)'> (0x0000000086125798) 
thrown [s\src\hotspot\share\interpreter\linkResolver.cpp, line 784]
Event: 4.038 Thread 0x0000025f19027110 Exception <a 'java/lang/NoSuchMethodError'{0x000000008612a0b0}: 'void java.lang.invoke.DelegatingMethodHandle$Holder.reinvoke_L(java.lang.Object, java.lang.Object, java.lang.Object, java.lang.Object, java.lang.Object, java.lang.Object, java.lang.Object)'> (0x000000008612a0b0) 
thrown [s\src\hotspot\share\interpreter\linkResolver.cpp, line 784]
Event: 4.050 Thread 0x0000025f19027110 Exception <a 'java/lang/NoSuchMethodError'{0x000000008605b9b8}: 'java.lang.Object java.lang.invoke.DirectMethodHandle$Holder.invokeVirtual(java.lang.Object, java.lang.Object, java.lang.Object, java.lang.Object, java.lang.Object, java.lang.Object, java.lang.Object, java.lang.Object, java.lang.Object, java.lang.Object, java.lang.Object, java.lang.Object, java.lang.Object, java.lang.Object, java.lang.Object)'> (0x000000008605b9b8) 
thrown [s\src\hotspot\share\interpreter\linkResolver.cpp, line 784]
Event: 4.056 Thread 0x0000025f19027110 Exception <a 'java/lang/NoSuchMethodError'{0x0000000085f32fb8}: 'java.lang.Object java.lang.invoke.DirectMethodHandle$Holder.newInvokeSpecial(java.lang.Object, java.lang.Object, java.lang.Object, java.lang.Object, java.lang.Object, java.lang.Object, java.lang.Object, java.lang.Object, java.lang.Object, java.lang.Object, java.lang.Object, java.lang.Object, java.lang.Object)'> (0x0000000085f32fb8) 
thrown [s\src\hotspot\share\interpreter\linkResolver.cpp, line 784]
Event: 4.090 Thread 0x0000025f19027110 Exception <a 'java/lang/NoSuchMethodError'{0x0000000085c5d9f0}: 'java.lang.Object java.lang.invoke.DirectMethodHandle$Holder.newInvokeSpecial(java.lang.Object, java.lang.Object, java.lang.Object, java.lang.Object, int)'> (0x0000000085c5d9f0) 
thrown [s\src\hotspot\share\interpreter\linkResolver.cpp, line 784]
Event: 4.090 Thread 0x0000025f19027110 Exception <a 'java/lang/NoSuchMethodError'{0x0000000085c629e8}: 'java.lang.Object java.lang.invoke.DirectMethodHandle$Holder.invokeSpecial(java.lang.Object, java.lang.Object, java.lang.Object, java.lang.Object, java.lang.Object, int)'> (0x0000000085c629e8) 
thrown [s\src\hotspot\share\interpreter\linkResolver.cpp, line 784]
Event: 4.090 Thread 0x0000025f19027110 Exception <a 'java/lang/NoSuchMethodError'{0x0000000085c67168}: 'java.lang.Object java.lang.invoke.Invokers$Holder.linkToTargetMethod(java.lang.Object, java.lang.Object, java.lang.Object, int, java.lang.Object)'> (0x0000000085c67168) 
thrown [s\src\hotspot\share\interpreter\linkResolver.cpp, line 784]
Event: 4.116 Thread 0x0000025f19027110 Exception <a 'java/lang/NoSuchMethodError'{0x0000000085aaa3b0}: 'int java.lang.invoke.DirectMethodHandle$Holder.invokeInterface(java.lang.Object, java.lang.Object, java.lang.Object, java.lang.Object)'> (0x0000000085aaa3b0) 
thrown [s\src\hotspot\share\interpreter\linkResolver.cpp, line 784]
Event: 4.138 Thread 0x0000025f19027110 Exception <a 'java/lang/NoSuchMethodError'{0x00000000857037f8}: 'java.lang.Object java.lang.invoke.DirectMethodHandle$Holder.invokeStatic(java.lang.Object, long, java.lang.Object)'> (0x00000000857037f8) 
thrown [s\src\hotspot\share\interpreter\linkResolver.cpp, line 784]
Event: 4.139 Thread 0x0000025f19027110 Exception <a 'java/lang/NoSuchMethodError'{0x000000008570a9f0}: 'java.lang.Object java.lang.invoke.DirectMethodHandle$Holder.newInvokeSpecial(java.lang.Object, long)'> (0x000000008570a9f0) 
thrown [s\src\hotspot\share\interpreter\linkResolver.cpp, line 784]
Event: 4.142 Thread 0x0000025f19027110 Exception <a 'java/lang/NoSuchMethodError'{0x0000000085774470}: 'java.lang.Object java.lang.invoke.Invokers$Holder.linkToTargetMethod(java.lang.Object, java.lang.Object, java.lang.Object, java.lang.Object, long, java.lang.Object, java.lang.Object)'> (0x0000000085774470) 
thrown [s\src\hotspot\share\interpreter\linkResolver.cpp, line 784]
Event: 4.145 Thread 0x0000025f19027110 Exception <a 'java/lang/NoSuchMethodError'{0x00000000857bdbd0}: 'java.lang.Object java.lang.invoke.DirectMethodHandle$Holder.invokeSpecial(java.lang.Object, java.lang.Object, java.lang.Object, java.lang.Object, long, java.lang.Object)'> (0x00000000857bdbd0) 
thrown [s\src\hotspot\share\interpreter\linkResolver.cpp, line 784]
Event: 4.145 Thread 0x0000025f19027110 Exception <a 'java/lang/NoSuchMethodError'{0x00000000857c1ea0}: 'java.lang.Object java.lang.invoke.Invokers$Holder.linkToTargetMethod(java.lang.Object, java.lang.Object, long, java.lang.Object, java.lang.Object)'> (0x00000000857c1ea0) 
thrown [s\src\hotspot\share\interpreter\linkResolver.cpp, line 784]
Event: 4.164 Thread 0x0000025f19027110 Exception <a 'java/lang/NoSuchMethodError'{0x0000000085431230}: 'java.lang.Object java.lang.invoke.DirectMethodHandle$Holder.newInvokeSpecial(java.lang.Object, java.lang.Object, java.lang.Object, java.lang.Object, java.lang.Object, java.lang.Object, java.lang.Object, java.lang.Object, java.lang.Object, java.lang.Object, java.lang.Object, java.lang.Object, java.lang.Object, java.lang.Object, java.lang.Object, java.lang.Object, java.lang.Object, java.lang.Object, java.lang.Object, java.lang.Object, java.lang
Event: 4.191 Thread 0x0000025f19027110 Implicit null exception at 0x0000025f0c158200 to 0x0000025f0c1582b4
Event: 4.264 Thread 0x0000025f19027110 Exception <a 'java/lang/IncompatibleClassChangeError'{0x0000000084ad61f8}: Found class java.lang.Object, but interface was expected> (0x0000000084ad61f8) 
thrown [s\src\hotspot\share\interpreter\linkResolver.cpp, line 851]
Event: 4.297 Thread 0x0000025f19027110 Exception <a 'java/lang/NoSuchMethodError'{0x0000000084622f08}: 'java.lang.Object java.lang.invoke.DirectMethodHandle$Holder.newInvokeSpecial(java.lang.Object, int, java.lang.Object)'> (0x0000000084622f08) 
thrown [s\src\hotspot\share\interpreter\linkResolver.cpp, line 784]
Event: 4.327 Thread 0x0000025f19027110 Exception <a 'java/lang/NoSuchMethodError'{0x0000000084461aa8}: 'java.lang.Object java.lang.invoke.DirectMethodHandle$Holder.invokeSpecial(java.lang.Object, java.lang.Object, long, java.lang.Object, java.lang.Object)'> (0x0000000084461aa8) 
thrown [s\src\hotspot\share\interpreter\linkResolver.cpp, line 784]
Event: 4.338 Thread 0x0000025f19027110 Exception <a 'java/lang/NoSuchMethodError'{0x0000000084333008}: 'java.lang.Object java.lang.invoke.DirectMethodHandle$Holder.newInvokeSpecial(java.lang.Object, java.lang.Object, int, java.lang.Object)'> (0x0000000084333008) 
thrown [s\src\hotspot\share\interpreter\linkResolver.cpp, line 784]
Event: 4.338 Thread 0x0000025f19027110 Exception <a 'java/lang/NoSuchMethodError'{0x0000000084337848}: 'java.lang.Object java.lang.invoke.DirectMethodHandle$Holder.invokeSpecial(java.lang.Object, java.lang.Object, java.lang.Object, int, java.lang.Object)'> (0x0000000084337848) 
thrown [s\src\hotspot\share\interpreter\linkResolver.cpp, line 784]

ZGC Phase Switch (0 events):
No events

VM Operations (20 events):
Event: 3.623 Executing VM operation: HandshakeAllThreads (Deoptimize)
Event: 3.623 Executing VM operation: HandshakeAllThreads (Deoptimize) done
Event: 3.673 Executing VM operation: HandshakeAllThreads (Deoptimize)
Event: 3.673 Executing VM operation: HandshakeAllThreads (Deoptimize) done
Event: 3.742 Executing VM operation: ICBufferFull
Event: 3.742 Executing VM operation: ICBufferFull done
Event: 3.902 Executing VM operation: G1CollectForAllocation (G1 Evacuation Pause)
Event: 3.908 Executing VM operation: G1CollectForAllocation (G1 Evacuation Pause) done
Event: 3.937 Executing VM operation: HandshakeAllThreads (Deoptimize)
Event: 3.937 Executing VM operation: HandshakeAllThreads (Deoptimize) done
Event: 3.951 Executing VM operation: HandshakeAllThreads (Deoptimize)
Event: 3.951 Executing VM operation: HandshakeAllThreads (Deoptimize) done
Event: 4.083 Executing VM operation: HandshakeAllThreads (Deoptimize)
Event: 4.083 Executing VM operation: HandshakeAllThreads (Deoptimize) done
Event: 4.115 Executing VM operation: HandshakeAllThreads (Deoptimize)
Event: 4.116 Executing VM operation: HandshakeAllThreads (Deoptimize) done
Event: 4.240 Executing VM operation: ICBufferFull
Event: 4.240 Executing VM operation: ICBufferFull done
Event: 4.349 Executing VM operation: HandshakeAllThreads (Deoptimize)
Event: 4.349 Executing VM operation: HandshakeAllThreads (Deoptimize) done

Memory protections (0 events):
No events

Nmethod flushes (20 events):
Event: 3.052 Thread 0x0000025f18d8c250 flushing  nmethod 0x0000025f044fdd90
Event: 3.052 Thread 0x0000025f18d8c250 flushing  nmethod 0x0000025f04500a10
Event: 3.052 Thread 0x0000025f18d8c250 flushing  nmethod 0x0000025f04501b90
Event: 3.052 Thread 0x0000025f18d8c250 flushing  nmethod 0x0000025f04502190
Event: 3.052 Thread 0x0000025f18d8c250 flushing  nmethod 0x0000025f04502590
Event: 3.052 Thread 0x0000025f18d8c250 flushing  nmethod 0x0000025f04503710
Event: 3.052 Thread 0x0000025f18d8c250 flushing  nmethod 0x0000025f0454cb10
Event: 3.052 Thread 0x0000025f18d8c250 flushing  nmethod 0x0000025f0454ef10
Event: 3.052 Thread 0x0000025f18d8c250 flushing  nmethod 0x0000025f0454fc10
Event: 3.052 Thread 0x0000025f18d8c250 flushing  nmethod 0x0000025f04551210
Event: 3.052 Thread 0x0000025f18d8c250 flushing  nmethod 0x0000025f04551790
Event: 3.052 Thread 0x0000025f18d8c250 flushing  nmethod 0x0000025f045ee590
Event: 3.052 Thread 0x0000025f18d8c250 flushing  nmethod 0x0000025f045ef510
Event: 3.052 Thread 0x0000025f18d8c250 flushing  nmethod 0x0000025f0462fc90
Event: 3.052 Thread 0x0000025f18d8c250 flushing  nmethod 0x0000025f04630590
Event: 3.052 Thread 0x0000025f18d8c250 flushing  nmethod 0x0000025f04630a90
Event: 3.052 Thread 0x0000025f18d8c250 flushing  nmethod 0x0000025f04634290
Event: 3.052 Thread 0x0000025f18d8c250 flushing  nmethod 0x0000025f04635b10
Event: 3.052 Thread 0x0000025f18d8c250 flushing  nmethod 0x0000025f04720c90
Event: 3.052 Thread 0x0000025f18d8c250 flushing  nmethod 0x0000025f047e6490

Events (20 events):
Event: 1.788 Thread 0x0000025f7ee28630 Thread added: 0x0000025f190263f0
Event: 1.818 Thread 0x0000025f19024320 Thread added: 0x0000025f190249b0
Event: 1.820 Thread 0x0000025f190249b0 Thread added: 0x0000025f19026a80
Event: 1.842 Thread 0x0000025f190249b0 Thread added: 0x0000025f19025040
Event: 1.848 Thread 0x0000025f190249b0 Thread added: 0x0000025f19027110
Event: 1.854 Thread 0x0000025f19027110 Thread added: 0x0000025f1f5ea020
Event: 1.858 Thread 0x0000025f19027110 Thread added: 0x0000025f1f5ea6b0
Event: 1.859 Thread 0x0000025f19027110 Thread added: 0x0000025f1f5ec0f0
Event: 2.126 Thread 0x0000025f19027110 Thread added: 0x0000025f1f5e8c70
Event: 2.132 Thread 0x0000025f19027110 Thread added: 0x0000025f1f5e9990
Event: 2.150 Thread 0x0000025f19027110 Thread added: 0x0000025f1f5eba60
Event: 2.449 Thread 0x0000025f18ed20b0 Thread added: 0x0000025f2029b8d0
Event: 2.556 Thread 0x0000025f19027110 Thread added: 0x0000025f1f5e9300
Event: 2.741 Thread 0x0000025f19027110 Thread added: 0x0000025f1f5ead40
Event: 2.752 Thread 0x0000025f19027110 Thread added: 0x0000025f1f5ee1c0
Event: 2.921 Thread 0x0000025f19027110 Thread added: 0x0000025f1f5edb30
Event: 2.925 Thread 0x0000025f19027110 Thread added: 0x0000025f1f5eb3d0
Event: 3.134 Thread 0x0000025f19027110 Thread added: 0x0000025f1f5ee850
Event: 3.245 Thread 0x0000025f19027110 Thread added: 0x0000025f1f5eeee0
Event: 3.320 Thread 0x0000025f19027110 Thread added: 0x0000025f1f5efc00


Dynamic libraries:
0x00007ff762eb0000 - 0x00007ff762eba000 	C:\Program Files\Android\Android Studio\jbr\bin\java.exe
0x00007ff908fc0000 - 0x00007ff909226000 	C:\WINDOWS\SYSTEM32\ntdll.dll
0x00007ff908170000 - 0x00007ff908239000 	C:\WINDOWS\System32\KERNEL32.DLL
0x00007ff906150000 - 0x00007ff90651c000 	C:\WINDOWS\System32\KERNELBASE.dll
0x00007ff906920000 - 0x00007ff906a6b000 	C:\WINDOWS\System32\ucrtbase.dll
0x00007ff8e4fe0000 - 0x00007ff8e4ff8000 	C:\Program Files\Android\Android Studio\jbr\bin\jli.dll
0x00007ff8e1170000 - 0x00007ff8e118b000 	C:\Program Files\Android\Android Studio\jbr\bin\VCRUNTIME140.dll
0x00007ff907d80000 - 0x00007ff907f4a000 	C:\WINDOWS\System32\USER32.dll
0x00007ff8f19e0000 - 0x00007ff8f1c7a000 	C:\WINDOWS\WinSxS\amd64_microsoft.windows.common-controls_6595b64144ccf1df_6.0.26100.3912_none_3e07963ce335137e\COMCTL32.dll
0x00007ff906d50000 - 0x00007ff906d77000 	C:\WINDOWS\System32\win32u.dll
0x00007ff907f80000 - 0x00007ff908029000 	C:\WINDOWS\System32\msvcrt.dll
0x00007ff907f50000 - 0x00007ff907f7b000 	C:\WINDOWS\System32\GDI32.dll
0x00007ff9066a0000 - 0x00007ff9067d2000 	C:\WINDOWS\System32\gdi32full.dll
0x00007ff9067e0000 - 0x00007ff906883000 	C:\WINDOWS\System32\msvcp_win.dll
0x00007ff9074f0000 - 0x00007ff907520000 	C:\WINDOWS\System32\IMM32.DLL
0x00007ff8e01c0000 - 0x00007ff8e01cc000 	C:\Program Files\Android\Android Studio\jbr\bin\vcruntime140_1.dll
0x00007ff87f290000 - 0x00007ff87f31d000 	C:\Program Files\Android\Android Studio\jbr\bin\msvcp140.dll
0x00007ff88bfa0000 - 0x00007ff88cc2b000 	C:\Program Files\Android\Android Studio\jbr\bin\server\jvm.dll
0x00007ff908320000 - 0x00007ff9083d2000 	C:\WINDOWS\System32\ADVAPI32.dll
0x00007ff907300000 - 0x00007ff9073a6000 	C:\WINDOWS\System32\sechost.dll
0x00007ff9073b0000 - 0x00007ff9074c6000 	C:\WINDOWS\System32\RPCRT4.dll
0x00007ff9082a0000 - 0x00007ff908314000 	C:\WINDOWS\System32\WS2_32.dll
0x00007ff905990000 - 0x00007ff9059ee000 	C:\WINDOWS\SYSTEM32\POWRPROF.dll
0x00007ff8f5400000 - 0x00007ff8f5436000 	C:\WINDOWS\SYSTEM32\WINMM.dll
0x00007ff8fdf90000 - 0x00007ff8fdf9b000 	C:\WINDOWS\SYSTEM32\VERSION.dll
0x00007ff905970000 - 0x00007ff905984000 	C:\WINDOWS\SYSTEM32\UMPDC.dll
0x00007ff904ed0000 - 0x00007ff904eea000 	C:\WINDOWS\SYSTEM32\kernel.appcore.dll
0x00007ff8e01b0000 - 0x00007ff8e01ba000 	C:\Program Files\Android\Android Studio\jbr\bin\jimage.dll
0x00007ff8f4890000 - 0x00007ff8f4ad1000 	C:\WINDOWS\SYSTEM32\DBGHELP.DLL
0x00007ff906f70000 - 0x00007ff9072f4000 	C:\WINDOWS\System32\combase.dll
0x00007ff908080000 - 0x00007ff908160000 	C:\WINDOWS\System32\OLEAUT32.dll
0x00007ff8f1820000 - 0x00007ff8f1859000 	C:\WINDOWS\SYSTEM32\dbgcore.DLL
0x00007ff906cb0000 - 0x00007ff906d49000 	C:\WINDOWS\System32\bcryptPrimitives.dll
0x00007ff8fa6d0000 - 0x00007ff8fa6de000 	C:\Program Files\Android\Android Studio\jbr\bin\instrument.dll
0x00007ff8df6e0000 - 0x00007ff8df700000 	C:\Program Files\Android\Android Studio\jbr\bin\java.dll
0x00007ff8df6c0000 - 0x00007ff8df6d8000 	C:\Program Files\Android\Android Studio\jbr\bin\zip.dll
0x00007ff908660000 - 0x00007ff908d8d000 	C:\WINDOWS\System32\SHELL32.dll
0x00007ff906520000 - 0x00007ff906694000 	C:\WINDOWS\System32\wintypes.dll
0x00007ff903da0000 - 0x00007ff9045f6000 	C:\WINDOWS\SYSTEM32\windows.storage.dll
0x00007ff9077f0000 - 0x00007ff9078df000 	C:\WINDOWS\System32\SHCORE.dll
0x00007ff9085b0000 - 0x00007ff908619000 	C:\WINDOWS\System32\shlwapi.dll
0x00007ff906060000 - 0x00007ff90608f000 	C:\WINDOWS\SYSTEM32\profapi.dll
0x00007ff8df6b0000 - 0x00007ff8df6c0000 	C:\Program Files\Android\Android Studio\jbr\bin\net.dll
0x00007ff8faab0000 - 0x00007ff8fabce000 	C:\WINDOWS\SYSTEM32\WINHTTP.dll
0x00007ff905420000 - 0x00007ff90548a000 	C:\WINDOWS\system32\mswsock.dll
0x00007ff8df690000 - 0x00007ff8df6a6000 	C:\Program Files\Android\Android Studio\jbr\bin\nio.dll
0x00007ff8cf5d0000 - 0x00007ff8cf5e0000 	C:\Program Files\Android\Android Studio\jbr\bin\verify.dll
0x00007ff85f390000 - 0x00007ff85f3b7000 	C:\Users\Arthur\.gradle\native\c067742578af261105cb4f569cf0c3c89f3d7b1fecec35dd04571415982c5e48\windows-amd64\native-platform.dll
0x00007ff8d5150000 - 0x00007ff8d5294000 	C:\Users\Arthur\.gradle\native\100fb08df4bc3b14c8652ba06237920a3bd2aa13389f12d3474272988ae205f9\windows-amd64\native-platform-file-events.dll
0x00007ff8df230000 - 0x00007ff8df239000 	C:\Program Files\Android\Android Studio\jbr\bin\management.dll
0x00007ff8df220000 - 0x00007ff8df22b000 	C:\Program Files\Android\Android Studio\jbr\bin\management_ext.dll
0x00007ff9083f0000 - 0x00007ff9083f8000 	C:\WINDOWS\System32\PSAPI.DLL
0x00007ff9057e0000 - 0x00007ff9057fc000 	C:\WINDOWS\SYSTEM32\CRYPTSP.dll
0x00007ff904e30000 - 0x00007ff904e6a000 	C:\WINDOWS\system32\rsaenh.dll
0x00007ff9054c0000 - 0x00007ff9054eb000 	C:\WINDOWS\SYSTEM32\USERENV.dll
0x00007ff906030000 - 0x00007ff906056000 	C:\WINDOWS\SYSTEM32\bcrypt.dll
0x00007ff905650000 - 0x00007ff90565c000 	C:\WINDOWS\SYSTEM32\CRYPTBASE.dll
0x00007ff9048f0000 - 0x00007ff904923000 	C:\WINDOWS\SYSTEM32\IPHLPAPI.DLL
0x00007ff908620000 - 0x00007ff90862a000 	C:\WINDOWS\System32\NSI.dll
0x00007ff8df290000 - 0x00007ff8df299000 	C:\Program Files\Android\Android Studio\jbr\bin\extnet.dll
0x00007ff89ed40000 - 0x00007ff89ed48000 	C:\WINDOWS\system32\wshunix.dll

dbghelp: loaded successfully - version: 4.0.5 - missing functions: none
symbol engine: initialized successfully - sym options: 0x614 - pdb path: .;C:\Program Files\Android\Android Studio\jbr\bin;C:\WINDOWS\SYSTEM32;C:\WINDOWS\WinSxS\amd64_microsoft.windows.common-controls_6595b64144ccf1df_6.0.26100.3912_none_3e07963ce335137e;C:\Program Files\Android\Android Studio\jbr\bin\server;C:\Users\Arthur\.gradle\native\c067742578af261105cb4f569cf0c3c89f3d7b1fecec35dd04571415982c5e48\windows-amd64;C:\Users\Arthur\.gradle\native\100fb08df4bc3b14c8652ba06237920a3bd2aa13389f12d3474272988ae205f9\windows-amd64

VM Arguments:
jvm_args: --add-opens=java.base/java.lang=ALL-UNNAMED --add-opens=java.base/java.lang.invoke=ALL-UNNAMED --add-opens=java.base/java.util=ALL-UNNAMED --add-opens=java.prefs/java.util.prefs=ALL-UNNAMED --add-exports=jdk.compiler/com.sun.tools.javac.api=ALL-UNNAMED --add-exports=jdk.compiler/com.sun.tools.javac.util=ALL-UNNAMED --add-opens=java.base/java.util=ALL-UNNAMED --add-opens=java.prefs/java.util.prefs=ALL-UNNAMED --add-opens=java.base/java.nio.charset=ALL-UNNAMED --add-opens=java.base/java.net=ALL-UNNAMED --add-opens=java.base/java.util.concurrent.atomic=ALL-UNNAMED --add-opens=java.xml/javax.xml.namespace=ALL-UNNAMED -Xmx2048m -Dfile.encoding=UTF-8 -Duser.country=BR -Duser.language=pt -Duser.variant -javaagent:C:\Users\Arthur\.gradle\wrapper\dists\gradle-8.11.1-bin\bpt9gzteqjrbo1mjrsomdt32c\gradle-8.11.1\lib\agents\gradle-instrumentation-agent-8.11.1.jar 
java_command: org.gradle.launcher.daemon.bootstrap.GradleDaemon 8.11.1
java_class_path (initial): C:\Users\Arthur\.gradle\wrapper\dists\gradle-8.11.1-bin\bpt9gzteqjrbo1mjrsomdt32c\gradle-8.11.1\lib\gradle-daemon-main-8.11.1.jar
Launcher Type: SUN_STANDARD

[Global flags]
     intx CICompilerCount                          = 4                                         {product} {ergonomic}
     uint ConcGCThreads                            = 3                                         {product} {ergonomic}
     uint G1ConcRefinementThreads                  = 10                                        {product} {ergonomic}
   size_t G1HeapRegionSize                         = 1048576                                   {product} {ergonomic}
    uintx GCDrainStackTargetSize                   = 64                                        {product} {ergonomic}
   size_t InitialHeapSize                          = 266338304                                 {product} {ergonomic}
   size_t MarkStackSize                            = 4194304                                   {product} {ergonomic}
   size_t MaxHeapSize                              = 2147483648                                {product} {command line}
   size_t MaxNewSize                               = 1287651328                                {product} {ergonomic}
   size_t MinHeapDeltaBytes                        = 1048576                                   {product} {ergonomic}
   size_t MinHeapSize                              = 8388608                                   {product} {ergonomic}
    uintx NonNMethodCodeHeapSize                   = 5839372                                {pd product} {ergonomic}
    uintx NonProfiledCodeHeapSize                  = 122909434                              {pd product} {ergonomic}
    uintx ProfiledCodeHeapSize                     = 122909434                              {pd product} {ergonomic}
    uintx ReservedCodeCacheSize                    = 251658240                              {pd product} {ergonomic}
     bool SegmentedCodeCache                       = true                                      {product} {ergonomic}
   size_t SoftMaxHeapSize                          = 2147483648                             {manageable} {ergonomic}
     bool UseCompressedOops                        = true                           {product lp64_product} {ergonomic}
     bool UseG1GC                                  = true                                      {product} {ergonomic}
     bool UseLargePagesIndividualAllocation        = false                                  {pd product} {ergonomic}

Logging:
Log output configuration:
 #0: stdout all=warning uptime,level,tags foldmultilines=false
 #1: stderr all=off uptime,level,tags foldmultilines=false

Environment Variables:
PATH=C:\Program Files\Eclipse Adoptium\jdk-21.0.5.11-hotspot\bin;C:\Program Files (x86)\Common Files\Oracle\Java\java8path;C:\Program Files (x86)\Common Files\Oracle\Java\javapath;c:\windows\system32;c:\windows;c:\windows\system32\wbem;c:\windows\system32\windowspowershell\v1.0\;c:\windows\system32\openssh\;c:\program files\nvidia corporation\nvidia app\nvdlisr;C:\Program Files\Docker\Docker\resources\bin;C:\Program Files\dotnet\;C:\WINDOWS\system32;C:\WINDOWS;C:\WINDOWS\System32\Wbem;C:\WINDOWS\System32\WindowsPowerShell\v1.0\;C:\WINDOWS\System32\OpenSSH\;C:\Program Files (x86)\NVIDIA Corporation\PhysX\Common;C:\Program Files\Git\cmd;C:\Program Files\nodejs\;C:\gradle-8.13\bin;C:\apache-maven-3.9.9\bin;C:\Program Files\Go\bin;C:\Program Files\MySQL\MySQL Shell 8.0\bin\;C:\Users\Arthur\AppData\Local\Microsoft\WindowsApps;C:\Users\Arthur\AppData\Local\Programs\Microsoft VS Code\bin;C:\Program Files\sf\bin;C:\Users\Arthur\AppData\Roaming\npm;C:\Users\Arthur\AppData\Local\spicetify;C:\gradle-8.13\bin;C:\apache-maven-3.9.9\bin;C:\Users\Arthur\go\bin
USERNAME=Arthur
OS=Windows_NT
PROCESSOR_IDENTIFIER=Intel64 Family 6 Model 158 Stepping 10, GenuineIntel
TMP=C:\Users\Arthur\AppData\Local\Temp
TEMP=C:\Users\Arthur\AppData\Local\Temp




Periodic native trim disabled

JNI global refs:
JNI global refs: 25, weak refs: 0

JNI global refs memory usage: 835, weak refs: 833

Process memory usage:
Resident Set Size: 316668K (1% of 16610316K total physical memory with 2909352K free physical memory)

OOME stack traces (most recent first):
Classloader memory used:
Loader org.gradle.internal.classloader.VisitableURLClassLoader                         : 28020K
Loader bootstrap                                                                       : 21569K
Loader org.gradle.initialization.MixInLegacyTypesClassLoader                           : 5467K
Loader jdk.internal.loader.ClassLoaders$PlatformClassLoader                            : 529K
Loader jdk.internal.loader.ClassLoaders$AppClassLoader                                 : 232K
Loader org.gradle.internal.classloader.VisitableURLClassLoader                         : 19120B

Classes loaded by more than one classloader:
Class org.gradle.internal.classloader.FilteringClassLoader                            : loaded 2 times (x 101B)
Class org.gradle.internal.classloader.ClassLoaderHierarchy                            : loaded 2 times (x 66B)
Class org.gradle.api.internal.classpath.ManifestUtil                                  : loaded 2 times (x 67B)
Class org.gradle.internal.classloader.DefaultClassLoaderFactory                       : loaded 2 times (x 78B)
Class org.gradle.internal.classloader.ClassLoaderVisitor                              : loaded 2 times (x 72B)
Class org.gradle.api.internal.classpath.EffectiveClassPath                            : loaded 2 times (x 86B)
Class org.gradle.api.internal.DefaultClassPathProvider                                : loaded 2 times (x 72B)
Class [Lorg.gradle.api.internal.ClassPathProvider;                                    : loaded 2 times (x 65B)
Class org.gradle.api.internal.ClassPathProvider                                       : loaded 2 times (x 66B)
Class org.gradle.internal.service.UnknownServiceException                             : loaded 2 times (x 79B)
Class org.gradle.internal.classpath.TransformedClassPath                              : loaded 2 times (x 92B)
Class org.gradle.internal.classloader.InstrumentingClassLoader                        : loaded 2 times (x 66B)
Class org.gradle.internal.service.ServiceLocator                                      : loaded 2 times (x 66B)
Class org.gradle.internal.InternalTransformer                                         : loaded 2 times (x 66B)
Class org.gradle.internal.classloader.ClasspathUtil$1                                 : loaded 2 times (x 72B)
Class org.gradle.api.internal.classpath.DefaultModuleRegistry$DefaultModule           : loaded 2 times (x 82B)
Class org.gradle.api.internal.classpath.Module                                        : loaded 2 times (x 66B)
Class org.gradle.api.internal.classpath.UnknownModuleException                        : loaded 2 times (x 78B)
Class org.gradle.api.internal.DefaultClassPathRegistry                                : loaded 2 times (x 72B)
Class org.gradle.api.internal.ClassPathRegistry                                       : loaded 2 times (x 66B)
Class org.gradle.internal.classpath.DefaultClassPath$ImmutableUniqueList              : loaded 2 times (x 195B)
Class org.gradle.internal.classpath.ClassPath                                         : loaded 2 times (x 66B)
Class org.gradle.api.UncheckedIOException                                             : loaded 2 times (x 78B)
Class org.gradle.internal.installation.GradleInstallation$1                           : loaded 2 times (x 71B)
Class org.gradle.api.internal.classpath.ModuleRegistry                                : loaded 2 times (x 66B)
Class org.gradle.api.internal.classpath.DefaultModuleRegistry                         : loaded 2 times (x 82B)
Class org.gradle.internal.service.ServiceLookupException                              : loaded 2 times (x 78B)
Class org.gradle.internal.classloader.ClassLoaderFactory                              : loaded 2 times (x 66B)
Class org.gradle.internal.service.CachingServiceLocator                               : loaded 2 times (x 78B)
Class org.gradle.internal.classloader.ClasspathUtil                                   : loaded 2 times (x 67B)
Class org.gradle.api.specs.Spec                                                       : loaded 2 times (x 66B)
Class org.gradle.internal.classloader.VisitableURLClassLoader$InstrumentingVisitableURLClassLoader: loaded 2 times (x 119B)
Class org.gradle.internal.classloader.VisitableURLClassLoader$Spec                    : loaded 2 times (x 70B)
Class org.gradle.internal.classpath.DefaultClassPath                                  : loaded 2 times (x 86B)
Class org.gradle.internal.classloader.ClassLoaderSpec                                 : loaded 2 times (x 67B)
Class org.gradle.internal.classloader.VisitableURLClassLoader                         : loaded 2 times (x 113B)
Class org.gradle.internal.Cast                                                        : loaded 2 times (x 67B)
Class org.gradle.api.Action                                                           : loaded 2 times (x 66B)
Class org.gradle.internal.classpath.DefaultClassPath$ImmutableUniqueList$Builder      : loaded 2 times (x 71B)
Class org.gradle.api.GradleException                                                  : loaded 2 times (x 78B)
Class org.gradle.internal.IoActions                                                   : loaded 2 times (x 67B)
Class org.gradle.internal.classloader.SystemClassLoaderSpec                           : loaded 2 times (x 67B)
Class org.gradle.api.internal.classpath.GlobalCacheRootsProvider                      : loaded 2 times (x 66B)
Class org.gradle.internal.installation.CurrentGradleInstallationLocator               : loaded 2 times (x 67B)
Class org.gradle.internal.service.DefaultServiceLocator                               : loaded 2 times (x 79B)
Class org.gradle.internal.installation.CurrentGradleInstallation                      : loaded 2 times (x 69B)
Class org.gradle.util.internal.GUtil                                                  : loaded 2 times (x 67B)
Class org.gradle.internal.installation.GradleInstallation                             : loaded 2 times (x 71B)

---------------  S Y S T E M  ---------------

OS:
 Windows 11 , 64 bit Build 26100 (10.0.26100.3912)
OS uptime: 0 days 1:02 hours
Hyper-V role detected

CPU: total 12 (initial active 12) (6 cores per cpu, 2 threads per core) family 6 model 158 stepping 10 microcode 0xde, cx8, cmov, fxsr, ht, mmx, 3dnowpref, sse, sse2, sse3, ssse3, sse4.1, sse4.2, popcnt, lzcnt, tsc, tscinvbit, avx, avx2, aes, erms, clmul, bmi1, bmi2, adx, fma, vzeroupper, clflush, clflushopt, hv, rdtscp, f16c
Processor Information for the first 12 processors :
  Max Mhz: 2592, Current Mhz: 2592, Mhz Limit: 2592

Memory: 4k page, system-wide physical 16221M (2839M free)
TotalPageFile size 23645M (AvailPageFile size 7083M)
current process WorkingSet (physical memory assigned to process): 312M, peak: 315M
current process commit charge ("private bytes"): 351M, peak: 387M

vm_info: OpenJDK 64-Bit Server VM (21.0.6+-13355223-b631.42) for windows-amd64 JRE (21.0.6+-13355223-b631.42), built on 2025-04-14T18:21:23Z by "builder" with MS VC++ 16.10 / 16.11 (VS2019)

END.
